<?xml version="1.0" encoding="UTF-8"?>
<robot generator="Robot 6.1.1 (Python 3.12.1 on win32)" generated="20240207 17:06:43.423" rpa="false" schemaversion="4">
<suite id="s1" name="Testcase" source="C:\RobotInstall\developement\KION_SMOKE_TEST\testcase">
<suite id="s1-s1" name="Kion" source="C:\RobotInstall\developement\KION_SMOKE_TEST\testcase\kion.robot">
<kw name="Begin Test" library="Common" type="SETUP">
<kw name="Open Browser" library="SeleniumLibrary">
<arg>about:blank</arg>
<arg>${BROWSER}</arg>
<doc>Opens a new browser instance to the optional ``url``.</doc>
<msg timestamp="20240207 17:06:43.988" level="INFO">Opening browser 'chrome' to base url 'about:blank'.</msg>
<status status="PASS" starttime="20240207 17:06:43.987" endtime="20240207 17:06:45.783"/>
</kw>
<kw name="Maximize Browser Window" library="SeleniumLibrary">
<doc>Maximizes current browser window.</doc>
<status status="PASS" starttime="20240207 17:06:45.783" endtime="20240207 17:06:45.914"/>
</kw>
<kw name="Go To" library="SeleniumLibrary">
<arg>${URL}</arg>
<doc>Navigates the current browser window to the provided ``url``.</doc>
<msg timestamp="20240207 17:06:45.914" level="INFO">Opening url 'https://tst.lindelink.com/'</msg>
<errors>
<msg timestamp="20240207 17:06:50.634" level="ERROR">Execution stopped by user.</msg>
</errors>
</robot>
