<?xml version="1.0" encoding="UTF-8"?>
<robot generator="Robot 6.1.1 (Python 3.12.1 on win32)" generated="20240227 23:53:52.067" rpa="false" schemaversion="4">
<suite id="s1" name="Testcase" source="C:\RobotInstall\developement\KION_SMOKE_TEST\testcase">
<suite id="s1-s1" name="Kion" source="C:\RobotInstall\developement\KION_SMOKE_TEST\testcase\kion.robot">
<kw name="Begin Test" library="Common" type="SETUP">
<kw name="Open Browser" library="SeleniumLibrary">
<arg>about:blank</arg>
<arg>${BROWSER}</arg>
<doc>Opens a new browser instance to the optional ``url``.</doc>
<msg timestamp="20240227 23:53:52.668" level="INFO">Opening browser 'Chrome' to base url 'about:blank'.</msg>
<errors>
<msg timestamp="20240227 23:53:56.957" level="ERROR">Execution stopped by user.</msg>
</errors>
</robot>
