<?xml version="1.0" encoding="UTF-8"?>
<robot generator="Robot 6.1.1 (Python 3.12.1 on win32)" generated="20240326 19:36:41.141" rpa="false" schemaversion="4">
<suite id="s1" name="Testcase" source="C:\RobotInstall\developement\KION_SMOKE_TEST\testcase">
<suite id="s1-s1" name="Kion" source="C:\RobotInstall\developement\KION_SMOKE_TEST\testcase\kion.robot">
<kw name="Begin Test" library="Common" type="SETUP">
<kw name="Open Browser" library="SeleniumLibrary">
<arg>about:blank</arg>
<arg>${BROWSER}</arg>
<doc>Opens a new browser instance to the optional ``url``.</doc>
<msg timestamp="20240326 19:36:42.195" level="INFO">Opening browser 'Chrome' to base url 'about:blank'.</msg>
<status status="PASS" starttime="20240326 19:36:42.194" endtime="20240326 19:36:44.270"/>
</kw>
<kw name="Maximize Browser Window" library="SeleniumLibrary">
<doc>Maximizes current browser window.</doc>
<status status="PASS" starttime="20240326 19:36:44.270" endtime="20240326 19:36:44.413"/>
</kw>
<kw name="Go To" library="SeleniumLibrary">
<arg>${URL}</arg>
<doc>Navigates the current browser window to the provided ``url``.</doc>
<msg timestamp="20240326 19:36:44.414" level="INFO">Opening url 'https://tst.lindelink.com/'</msg>
<status status="PASS" starttime="20240326 19:36:44.414" endtime="20240326 19:36:50.418"/>
</kw>
<kw name="Go to login page" library="Kion_App">
<kw name="Sleep" library="BuiltIn">
<arg>1s</arg>
<doc>Pauses the test executed for the given time.</doc>
<msg timestamp="20240326 19:36:51.425" level="INFO">Slept 1 second</msg>
<status status="PASS" starttime="20240326 19:36:50.422" endtime="20240326 19:36:51.425"/>
</kw>
<kw name="go to login" library="LoginPage">
<kw name="Click Element" library="SeleniumLibrary">
<arg>${Order-Template-Icon}</arg>
<doc>Click the element identified by ``locator``.</doc>
<msg timestamp="20240326 19:36:51.436" level="INFO">Clicking element '//i[@class='icon-heart']'.</msg>
<status status="PASS" starttime="20240326 19:36:51.430" endtime="20240326 19:36:53.935"/>
</kw>
<status status="PASS" starttime="20240326 19:36:51.427" endtime="20240326 19:36:53.936"/>
</kw>
<status status="PASS" starttime="20240326 19:36:50.420" endtime="20240326 19:36:53.936"/>
</kw>
<kw name="Login to the kion site" library="Kion_App">
<kw name="login with valid credentials" library="LoginPage">
<kw name="Input Text" library="SeleniumLibrary">
<arg>${Email-Field}</arg>
<arg>${Login-Mail}</arg>
<doc>Types the given ``text`` into the text field identified by ``locator``.</doc>
<msg timestamp="20240326 19:36:53.942" level="INFO">Typing text 'mar.ig10test@gmail.com' into text field '//input[@id='ShopLoginForm_Login']'.</msg>
<status status="PASS" starttime="20240326 19:36:53.939" endtime="20240326 19:36:54.478"/>
</kw>
<kw name="Input Password" library="SeleniumLibrary">
<arg>${Password-Field}</arg>
<arg>${Password}</arg>
<doc>Types the given password into the text field identified by ``locator``.</doc>
<msg timestamp="20240326 19:36:54.479" level="INFO">Typing password into text field '//input[@id='ShopLoginForm_Password']'.</msg>
<msg timestamp="20240326 19:36:54.542" level="INFO">Temporally setting log level to: NONE</msg>
<msg timestamp="20240326 19:36:54.759" level="INFO">Log level changed from NONE to INFO.</msg>
<status status="PASS" starttime="20240326 19:36:54.478" endtime="20240326 19:36:54.759"/>
</kw>
<kw name="Click Button" library="SeleniumLibrary">
<arg>${Login-Button}</arg>
<doc>Clicks the button identified by ``locator``.</doc>
<msg timestamp="20240326 19:36:54.760" level="INFO">Clicking button '//button[@name='login']'.</msg>
<status status="PASS" starttime="20240326 19:36:54.759" endtime="20240326 19:37:01.560"/>
</kw>
<status status="PASS" starttime="20240326 19:36:53.938" endtime="20240326 19:37:01.561"/>
</kw>
<status status="PASS" starttime="20240326 19:36:53.937" endtime="20240326 19:37:01.562"/>
</kw>
<kw name="Select customer from cutomer selector" library="Kion_App">
<kw name="Select customer" library="LoginPage">
<kw name="Click Element" library="SeleniumLibrary">
<arg>${Dealer-53464}</arg>
<doc>Click the element identified by ``locator``.</doc>
<msg timestamp="20240326 19:37:01.571" level="INFO">Clicking element '//div[@role='dialog']//div[@class='dealer-sel--no col-sm-2'][normalize-space()='53464']'.</msg>
<status status="PASS" starttime="20240326 19:37:01.567" endtime="20240326 19:37:10.132"/>
</kw>
<status status="PASS" starttime="20240326 19:37:01.564" endtime="20240326 19:37:10.133"/>
</kw>
<status status="PASS" starttime="20240326 19:37:01.563" endtime="20240326 19:37:10.133"/>
</kw>
<status status="PASS" starttime="20240326 19:36:42.194" endtime="20240326 19:37:10.133"/>
</kw>
<test id="s1-s1-t1" name="To verify the order placing from the Saved Unplaced order page using Stock order type" line="215">
<kw name="Navigate to the SavedUnplacedOrders_Stock details page and place the order" library="Kion_App">
<kw name="Go to currentworksheet" library="Current_WorkSheet">
<kw name="Click Element" library="SeleniumLibrary">
<arg>${Availability &amp; Pricing}</arg>
<doc>Click the element identified by ``locator``.</doc>
<msg timestamp="20240326 19:37:10.139" level="INFO">Clicking element '//a[normalize-space()='Availability &amp; Pricing']'.</msg>
<status status="PASS" starttime="20240326 19:37:10.138" endtime="20240326 19:37:13.724"/>
</kw>
<status status="PASS" starttime="20240326 19:37:10.137" endtime="20240326 19:37:13.725"/>
</kw>
<kw name="Save a Stock worksheet" library="Current_WorkSheet">
<kw name="Choose File" library="SeleniumLibrary">
<arg>${Choosefile_Button}</arg>
<arg>${XLSX_File}</arg>
<doc>Inputs the ``file_path`` into the file input field ``locator``.</doc>
<msg timestamp="20240326 19:37:13.728" level="INFO">Sending D:\WorksheetFiles_Auto\XLSXfile_01.xlsx to browser.</msg>
<status status="PASS" starttime="20240326 19:37:13.726" endtime="20240326 19:37:13.896"/>
</kw>
<kw name="Sleep" library="BuiltIn">
<arg>3s</arg>
<doc>Pauses the test executed for the given time.</doc>
<msg timestamp="20240326 19:37:16.898" level="INFO">Slept 3 seconds</msg>
<status status="PASS" starttime="20240326 19:37:13.897" endtime="20240326 19:37:16.898"/>
</kw>
<kw name="Click Element" library="SeleniumLibrary">
<arg>${Upload_Button}</arg>
<doc>Click the element identified by ``locator``.</doc>
<msg timestamp="20240326 19:37:16.901" level="INFO">Clicking element 'name:addToCartCSV'.</msg>
<status status="PASS" starttime="20240326 19:37:16.900" endtime="20240326 19:37:21.686"/>
</kw>
<kw name="Sleep" library="BuiltIn">
<arg>2s</arg>
<doc>Pauses the test executed for the given time.</doc>
<msg timestamp="20240326 19:37:23.688" level="INFO">Slept 2 seconds</msg>
<status status="PASS" starttime="20240326 19:37:21.687" endtime="20240326 19:37:23.689"/>
</kw>
<kw name="Click Element" library="SeleniumLibrary">
<arg>${OrderType_Dropdown}</arg>
<doc>Click the element identified by ``locator``.</doc>
<msg timestamp="20240326 19:37:23.692" level="INFO">Clicking element '//select[@id='qcOrderType']'.</msg>
<status status="PASS" starttime="20240326 19:37:23.690" endtime="20240326 19:37:23.978"/>
</kw>
<kw name="Click Element" library="SeleniumLibrary">
<arg>${StockOrder}</arg>
<doc>Click the element identified by ``locator``.</doc>
<msg timestamp="20240326 19:37:23.980" level="INFO">Clicking element '//option[@value='Stock']'.</msg>
<status status="PASS" starttime="20240326 19:37:23.979" endtime="20240326 19:37:24.117"/>
</kw>
<kw name="Wait Until Page Contains Element" library="SeleniumLibrary">
<arg>${SaveWorkSheetBTN}</arg>
<doc>Waits until the element ``locator`` appears on the current page.</doc>
<status status="PASS" starttime="20240326 19:37:24.118" endtime="20240326 19:37:24.135"/>
</kw>
<kw name="Click Element" library="SeleniumLibrary">
<arg>${SaveWorkSheetBTN}</arg>
<doc>Click the element identified by ``locator``.</doc>
<msg timestamp="20240326 19:37:24.136" level="INFO">Clicking element '//button[@class='btn btn-default save-worksheet']'.</msg>
<status status="PASS" starttime="20240326 19:37:24.135" endtime="20240326 19:37:24.262"/>
</kw>
<kw name="Wait Until Page Contains Element" library="SeleniumLibrary">
<arg>${NewWorkSheetNameField}</arg>
<doc>Waits until the element ``locator`` appears on the current page.</doc>
<status status="PASS" starttime="20240326 19:37:24.262" endtime="20240326 19:37:24.765"/>
</kw>
<kw name="Input Text" library="SeleniumLibrary">
<arg>${NewWorkSheetNameField}</arg>
<arg>${NewWorkSheetName}</arg>
<doc>Types the given ``text`` into the text field identified by ``locator``.</doc>
<msg timestamp="20240326 19:37:24.769" level="INFO">Typing text 'Auto_Stock' into text field '//input[@name='WishlistPropertiesForm_WishlistName']'.</msg>
<status status="PASS" starttime="20240326 19:37:24.766" endtime="20240326 19:37:25.250"/>
</kw>
<kw name="Click Element" library="SeleniumLibrary">
<arg>${SaveChangesBTN}</arg>
<doc>Click the element identified by ``locator``.</doc>
<msg timestamp="20240326 19:37:25.251" level="INFO">Clicking element '//button[@name='EditQuickOrderWishlistProperties']'.</msg>
<status status="PASS" starttime="20240326 19:37:25.250" endtime="20240326 19:37:25.370"/>
</kw>
<kw name="Wait Until Element Is Visible" library="SeleniumLibrary">
<arg>${SaveWorksheetOkBTN}</arg>
<doc>Waits until the element ``locator`` is visible.</doc>
<status status="PASS" starttime="20240326 19:37:25.371" endtime="20240326 19:37:25.900"/>
</kw>
<kw name="Click Element" library="SeleniumLibrary">
<arg>${SaveWorksheetOkBTN}</arg>
<doc>Click the element identified by ``locator``.</doc>
<msg timestamp="20240326 19:37:25.903" level="INFO">Clicking element '//a[@class='btn btn-primary']'.</msg>
<status status="PASS" starttime="20240326 19:37:25.901" endtime="20240326 19:37:28.940"/>
</kw>
<status status="PASS" starttime="20240326 19:37:13.725" endtime="20240326 19:37:28.940"/>
</kw>
<kw name="Sleep" library="BuiltIn">
<arg>3s</arg>
<doc>Pauses the test executed for the given time.</doc>
<msg timestamp="20240326 19:37:31.945" level="INFO">Slept 3 seconds</msg>
<status status="PASS" starttime="20240326 19:37:28.943" endtime="20240326 19:37:31.946"/>
</kw>
<kw name="go to My Account Overview" library="MyAccount">
<kw name="Wait Until Element Is Visible" library="SeleniumLibrary">
<arg>${MyAccountLink}</arg>
<doc>Waits until the element ``locator`` is visible.</doc>
<status status="PASS" starttime="20240326 19:37:31.948" endtime="20240326 19:37:32.033"/>
</kw>
<kw name="Click Element" library="SeleniumLibrary">
<arg>${MyAccountLink}</arg>
<doc>Click the element identified by ``locator``.</doc>
<msg timestamp="20240326 19:37:32.035" level="INFO">Clicking element '//i[@class='icon-users']'.</msg>
<status status="PASS" starttime="20240326 19:37:32.034" endtime="20240326 19:37:36.704"/>
</kw>
<kw name="Wait Until Page Contains" library="SeleniumLibrary">
<arg>${MyAccount_Overview_PageHeading}</arg>
<doc>Waits until ``text`` appears on the current page.</doc>
<status status="PASS" starttime="20240326 19:37:36.707" endtime="20240326 19:37:36.818"/>
</kw>
<kw name="Page Should Contain" library="SeleniumLibrary">
<arg>${MyAccount_Overview_PageHeading}</arg>
<doc>Verifies that current page contains ``text``.</doc>
<msg timestamp="20240326 19:37:36.842" level="INFO">Current page contains text 'Welcome back!'.</msg>
<status status="PASS" starttime="20240326 19:37:36.819" endtime="20240326 19:37:36.842"/>
</kw>
<status status="PASS" starttime="20240326 19:37:31.946" endtime="20240326 19:37:36.842"/>
</kw>
<kw name="go to saved Unplaced Order page" library="MyAccount">
<kw name="Click Element" library="SeleniumLibrary">
<arg>${SavedUnplaced_Order_Link}</arg>
<doc>Click the element identified by ``locator``.</doc>
<msg timestamp="20240326 19:37:36.844" level="INFO">Clicking element '//a[normalize-space()='Saved Unplaced Orders']'.</msg>
<status status="PASS" starttime="20240326 19:37:36.843" endtime="20240326 19:37:45.826"/>
</kw>
<kw name="Page Should Contain" library="SeleniumLibrary">
<arg>${SavedUnplaced_Order_PageHeading}</arg>
<doc>Verifies that current page contains ``text``.</doc>
<msg timestamp="20240326 19:37:45.861" level="INFO">Current page contains text 'Saved Unplaced Orders'.</msg>
<status status="PASS" starttime="20240326 19:37:45.826" endtime="20240326 19:37:45.861"/>
</kw>
<kw name="Sleep" library="BuiltIn">
<arg>1s</arg>
<doc>Pauses the test executed for the given time.</doc>
<msg timestamp="20240326 19:37:46.862" level="INFO">Slept 1 second</msg>
<status status="PASS" starttime="20240326 19:37:45.861" endtime="20240326 19:37:46.863"/>
</kw>
<status status="PASS" starttime="20240326 19:37:36.842" endtime="20240326 19:37:46.863"/>
</kw>
<kw name="Sleep" library="BuiltIn">
<arg>3s</arg>
<doc>Pauses the test executed for the given time.</doc>
<msg timestamp="20240326 19:37:49.865" level="INFO">Slept 3 seconds</msg>
<status status="PASS" starttime="20240326 19:37:46.864" endtime="20240326 19:37:49.865"/>
</kw>
<kw name="go to Stock saved workseet" library="SavedUnplaced_Order">
<kw name="Click Element" library="SeleniumLibrary">
<arg>${SavedUnplacedStockOrder_Link}</arg>
<doc>Click the element identified by ``locator``.</doc>
<msg timestamp="20240326 19:37:49.869" level="INFO">Clicking element '//a[normalize-space()='Auto_Stock']'.</msg>
<status status="PASS" starttime="20240326 19:37:49.867" endtime="20240326 19:37:54.272"/>
</kw>
<status status="PASS" starttime="20240326 19:37:49.866" endtime="20240326 19:37:54.272"/>
</kw>
<kw name="go to shoppingcart" library="SavedUnplaced_Order">
<kw name="Wait Until Page Does Not Contain" library="SeleniumLibrary">
<arg>Please wait</arg>
<doc>Waits until ``text`` disappears from the current page.</doc>
<status status="PASS" starttime="20240326 19:37:54.278" endtime="20240326 19:37:54.342"/>
</kw>
<kw name="Wait Until Page Contains Element" library="SeleniumLibrary">
<arg>${SubmitButton}</arg>
<doc>Waits until the element ``locator`` appears on the current page.</doc>
<status status="PASS" starttime="20240326 19:37:54.343" endtime="20240326 19:37:54.374"/>
</kw>
<kw name="Click Element" library="SeleniumLibrary">
<arg>${SubmitButton}</arg>
<doc>Click the element identified by ``locator``.</doc>
<msg timestamp="20240326 19:37:54.376" level="INFO">Clicking element '//button[@name='addToCart']'.</msg>
<status status="PASS" starttime="20240326 19:37:54.375" endtime="20240326 19:37:54.573"/>
</kw>
<kw name="Sleep" library="BuiltIn">
<arg>5s</arg>
<doc>Pauses the test executed for the given time.</doc>
<msg timestamp="20240326 19:37:59.573" level="INFO">Slept 5 seconds</msg>
<status status="PASS" starttime="20240326 19:37:54.573" endtime="20240326 19:37:59.573"/>
</kw>
<kw name="Run Keyword And Return Status" library="BuiltIn">
<var>${status}</var>
<arg>Page Should Contain</arg>
<arg>Items have been added to your shopping cart</arg>
<doc>Runs the given keyword with given arguments and returns the status as a Boolean value.</doc>
<kw name="Page Should Contain" library="SeleniumLibrary">
<arg>Items have been added to your shopping cart</arg>
<doc>Verifies that current page contains ``text``.</doc>
<msg timestamp="20240326 19:38:00.415" level="INFO" html="true">&lt;/td&gt;&lt;/tr&gt;&lt;tr&gt;&lt;td colspan="3"&gt;&lt;a href="selenium-screenshot-19.png"&gt;&lt;img src="selenium-screenshot-19.png" width="800px"&gt;&lt;/a&gt;</msg>
<msg timestamp="20240326 19:38:00.416" level="FAIL">Page should have contained text 'Items have been added to your shopping cart' but did not.</msg>
<status status="FAIL" starttime="20240326 19:37:59.574" endtime="20240326 19:38:00.418"/>
</kw>
<msg timestamp="20240326 19:38:00.418" level="INFO">${status} = False</msg>
<status status="PASS" starttime="20240326 19:37:59.574" endtime="20240326 19:38:00.418"/>
</kw>
<kw name="Run Keyword If" library="BuiltIn">
<arg>'${status}' == 'True'</arg>
<arg>Click Element</arg>
<arg>${CartAlert_Ok_Button}</arg>
<arg>ELSE</arg>
<arg>Log</arg>
<arg>Button not found</arg>
<doc>Runs the given keyword with the given arguments, if ``condition`` is true.</doc>
<kw name="Log" library="BuiltIn">
<arg>Button not found</arg>
<doc>Logs the given message with the given level.</doc>
<msg timestamp="20240326 19:38:00.420" level="INFO">Button not found</msg>
<status status="PASS" starttime="20240326 19:38:00.420" endtime="20240326 19:38:00.420"/>
</kw>
<status status="PASS" starttime="20240326 19:38:00.419" endtime="20240326 19:38:00.420"/>
</kw>
<kw name="Sleep" library="BuiltIn">
<arg>3s</arg>
<doc>Pauses the test executed for the given time.</doc>
<msg timestamp="20240326 19:38:03.422" level="INFO">Slept 3 seconds</msg>
<status status="PASS" starttime="20240326 19:38:00.420" endtime="20240326 19:38:03.422"/>
</kw>
<status status="PASS" starttime="20240326 19:37:54.274" endtime="20240326 19:38:03.422"/>
</kw>
<kw name="go to checkout" library="SavedUnplaced_Order">
<kw name="Click Element" library="SeleniumLibrary">
<arg>${ProceedToCheckout}</arg>
<doc>Click the element identified by ``locator``.</doc>
<msg timestamp="20240326 19:38:03.426" level="INFO">Clicking element '//button[@name='registeredCheckout']'.</msg>
<status status="PASS" starttime="20240326 19:38:03.424" endtime="20240326 19:38:10.453"/>
</kw>
<kw name="Sleep" library="BuiltIn">
<arg>5s</arg>
<doc>Pauses the test executed for the given time.</doc>
<msg timestamp="20240326 19:38:15.455" level="INFO">Slept 5 seconds</msg>
<status status="PASS" starttime="20240326 19:38:10.454" endtime="20240326 19:38:15.455"/>
</kw>
<status status="PASS" starttime="20240326 19:38:03.422" endtime="20240326 19:38:15.455"/>
</kw>
<kw name="Place the Order" library="SavedUnplaced_Order">
<kw name="Wait Until Element Is Visible" library="SeleniumLibrary">
<arg>${Po-field}</arg>
<doc>Waits until the element ``locator`` is visible.</doc>
<status status="PASS" starttime="20240326 19:38:15.458" endtime="20240326 19:38:15.542"/>
</kw>
<kw name="Input Text" library="SeleniumLibrary">
<arg>${Po-field}</arg>
<arg>${Po_Number}</arg>
<doc>Types the given ``text`` into the text field identified by ``locator``.</doc>
<msg timestamp="20240326 19:38:15.544" level="INFO">Typing text 'Test_123' into text field '//input[@name='PrimaryPO']'.</msg>
<status status="PASS" starttime="20240326 19:38:15.542" endtime="20240326 19:38:15.950"/>
</kw>
<kw name="Wait Until Element Is Visible" library="SeleniumLibrary">
<arg>${TermsAndConditions}</arg>
<doc>Waits until the element ``locator`` is visible.</doc>
<status status="PASS" starttime="20240326 19:38:15.951" endtime="20240326 19:38:15.983"/>
</kw>
<kw name="Click Element" library="SeleniumLibrary">
<arg>${TermsAndConditions}</arg>
<doc>Click the element identified by ``locator``.</doc>
<msg timestamp="20240326 19:38:15.984" level="INFO">Clicking element 'terms-conditions-agree'.</msg>
<status status="PASS" starttime="20240326 19:38:15.984" endtime="20240326 19:38:16.100"/>
</kw>
<kw name="Wait Until Element Is Visible" library="SeleniumLibrary">
<arg>${PlaceOrderNow_Button}</arg>
<doc>Waits until the element ``locator`` is visible.</doc>
<status status="PASS" starttime="20240326 19:38:16.100" endtime="20240326 19:38:16.132"/>
</kw>
<kw name="Click Element" library="SeleniumLibrary">
<arg>${PlaceOrderNow_Button}</arg>
<doc>Click the element identified by ``locator``.</doc>
<msg timestamp="20240326 19:38:16.133" level="INFO">Clicking element '//button[@id='submit-order']'.</msg>
<status status="PASS" starttime="20240326 19:38:16.132" endtime="20240326 19:38:26.333"/>
</kw>
<kw name="Wait Until Element Is Visible" library="SeleniumLibrary">
<arg>${OrderConfirmationHeading}</arg>
<doc>Waits until the element ``locator`` is visible.</doc>
<status status="PASS" starttime="20240326 19:38:26.333" endtime="20240326 19:38:26.391"/>
</kw>
<kw name="Page Should Contain Element" library="SeleniumLibrary">
<arg>${OrderConfirmationHeading}</arg>
<doc>Verifies that element ``locator`` is found on the current page.</doc>
<msg timestamp="20240326 19:38:26.412" level="INFO">Current page contains element '//span[@class='cart-header-title']'.</msg>
<status status="PASS" starttime="20240326 19:38:26.392" endtime="20240326 19:38:26.412"/>
</kw>
<kw name="Wait Until Element Is Visible" library="SeleniumLibrary">
<arg>${OrderConfirmationLogo}</arg>
<doc>Waits until the element ``locator`` is visible.</doc>
<status status="PASS" starttime="20240326 19:38:26.413" endtime="20240326 19:38:26.459"/>
</kw>
<kw name="Click Element" library="SeleniumLibrary">
<arg>${OrderConfirmationLogo}</arg>
<doc>Click the element identified by ``locator``.</doc>
<msg timestamp="20240326 19:38:26.460" level="INFO">Clicking element '//img[@title='Kion Logo']'.</msg>
<status status="PASS" starttime="20240326 19:38:26.459" endtime="20240326 19:38:32.549"/>
</kw>
<status status="PASS" starttime="20240326 19:38:15.456" endtime="20240326 19:38:32.549"/>
</kw>
<status status="PASS" starttime="20240326 19:37:10.136" endtime="20240326 19:38:32.549"/>
</kw>
<tag>27</tag>
<tag>check</tag>
<tag>Smoke</tag>
<status status="PASS" starttime="20240326 19:37:10.133" endtime="20240326 19:38:32.584"/>
</test>
<kw name="End Test" library="Common" type="TEARDOWN">
<kw name="Close Browser" library="SeleniumLibrary">
<doc>Closes the current browser.</doc>
<status status="PASS" starttime="20240326 19:38:32.591" endtime="20240326 19:38:34.854"/>
</kw>
<status status="PASS" starttime="20240326 19:38:32.590" endtime="20240326 19:38:34.854"/>
</kw>
<status status="PASS" starttime="20240326 19:36:41.207" endtime="20240326 19:38:34.854"/>
</suite>
<status status="PASS" starttime="20240326 19:36:41.144" endtime="20240326 19:38:34.862"/>
</suite>
<statistics>
<total>
<stat pass="1" fail="0" skip="0">All Tests</stat>
</total>
<tag>
<stat pass="1" fail="0" skip="0">27</stat>
<stat pass="1" fail="0" skip="0">check</stat>
<stat pass="1" fail="0" skip="0">Smoke</stat>
</tag>
<suite>
<stat pass="1" fail="0" skip="0" id="s1" name="Testcase">Testcase</stat>
<stat pass="1" fail="0" skip="0" id="s1-s1" name="Kion">Testcase.Kion</stat>
</suite>
</statistics>
<errors>
</errors>
</robot>
