<?xml version="1.0" encoding="UTF-8"?>
<robot generator="Robot 6.1.1 (Python 3.12.1 on win32)" generated="20240227 23:54:24.248" rpa="false" schemaversion="4">
<suite id="s1" name="Testcase" source="C:\RobotInstall\developement\KION_SMOKE_TEST\testcase">
<suite id="s1-s1" name="Kion" source="C:\RobotInstall\developement\KION_SMOKE_TEST\testcase\kion.robot">
<kw name="Begin Test" library="Common" type="SETUP">
<kw name="Open Browser" library="SeleniumLibrary">
<arg>about:blank</arg>
<arg>${BROWSER}</arg>
<doc>Opens a new browser instance to the optional ``url``.</doc>
<msg timestamp="20240227 23:54:24.825" level="INFO">Opening browser 'Chrome' to base url 'about:blank'.</msg>
<status status="PASS" starttime="20240227 23:54:24.824" endtime="20240227 23:54:26.588"/>
</kw>
<kw name="Maximize Browser Window" library="SeleniumLibrary">
<doc>Maximizes current browser window.</doc>
<status status="PASS" starttime="20240227 23:54:26.588" endtime="20240227 23:54:26.710"/>
</kw>
<kw name="Go To" library="SeleniumLibrary">
<arg>${URL}</arg>
<doc>Navigates the current browser window to the provided ``url``.</doc>
<msg timestamp="20240227 23:54:26.711" level="INFO">Opening url 'https://tst.lindelink.com/'</msg>
<status status="PASS" starttime="20240227 23:54:26.711" endtime="20240227 23:54:31.788"/>
</kw>
<status status="PASS" starttime="20240227 23:54:24.824" endtime="20240227 23:54:31.789"/>
</kw>
<test id="s1-s1-t1" name="To verify the all available page navigations as a guest user" line="19">
<kw name="Verify the guest user header" library="Kion_App">
<kw name="Verify the Guest_home Page header" library="GuestUserPages">
<kw name="Sleep" library="BuiltIn">
<arg>5s</arg>
<doc>Pauses the test executed for the given time.</doc>
<msg timestamp="20240227 23:54:36.792" level="INFO">Slept 5 seconds</msg>
<status status="PASS" starttime="20240227 23:54:31.791" endtime="20240227 23:54:36.792"/>
</kw>
<kw name="Page Should Contain Element" library="SeleniumLibrary">
<arg>${LogoImage}</arg>
<doc>Verifies that element ``locator`` is found on the current page.</doc>
<msg timestamp="20240227 23:54:36.827" level="INFO">Current page contains element '//img[@title='Kion Logo']'.</msg>
<status status="PASS" starttime="20240227 23:54:36.793" endtime="20240227 23:54:36.827"/>
</kw>
<kw name="Page Should Contain Element" library="SeleniumLibrary">
<arg>${Linde_Link}</arg>
<doc>Verifies that element ``locator`` is found on the current page.</doc>
<msg timestamp="20240227 23:54:36.846" level="INFO">Current page contains element 'xpath://a[normalize-space()='Linde']'.</msg>
<status status="PASS" starttime="20240227 23:54:36.828" endtime="20240227 23:54:36.846"/>
</kw>
<kw name="Page Should Contain Element" library="SeleniumLibrary">
<arg>${Login_Iocon}</arg>
<doc>Verifies that element ``locator`` is found on the current page.</doc>
<msg timestamp="20240227 23:54:36.860" level="INFO">Current page contains element 'xpath://i[@class='icon-users']'.</msg>
<status status="PASS" starttime="20240227 23:54:36.846" endtime="20240227 23:54:36.860"/>
</kw>
<kw name="Page Should Contain Element" library="SeleniumLibrary">
<arg>${Login_Link}</arg>
<doc>Verifies that element ``locator`` is found on the current page.</doc>
<msg timestamp="20240227 23:54:36.873" level="INFO">Current page contains element 'xpath://span[@class='hidden-xs']'.</msg>
<status status="PASS" starttime="20240227 23:54:36.860" endtime="20240227 23:54:36.873"/>
</kw>
<kw name="Page Should Contain Element" library="SeleniumLibrary">
<arg>${Compare_Icon}</arg>
<doc>Verifies that element ``locator`` is found on the current page.</doc>
<msg timestamp="20240227 23:54:36.888" level="INFO">Current page contains element 'xpath://a[@href='https://tst.lindelink.com/product-compare?SKU=']//span[@class='icon-sliders']'.</msg>
<status status="PASS" starttime="20240227 23:54:36.874" endtime="20240227 23:54:36.888"/>
</kw>
<kw name="Page Should Contain Element" library="SeleniumLibrary">
<arg>${Search_Icon}</arg>
<doc>Verifies that element ``locator`` is found on the current page.</doc>
<msg timestamp="20240227 23:54:36.901" level="INFO">Current page contains element '//a[@class='hidden-xs']//i[@class='icon-search']'.</msg>
<status status="PASS" starttime="20240227 23:54:36.888" endtime="20240227 23:54:36.901"/>
</kw>
<kw name="Page Should Contain Element" library="SeleniumLibrary">
<arg>${OrderTemplateIcon}</arg>
<doc>Verifies that element ``locator`` is found on the current page.</doc>
<msg timestamp="20240227 23:54:36.916" level="INFO">Current page contains element 'xpath://i[@class='icon-heart']'.</msg>
<status status="PASS" starttime="20240227 23:54:36.901" endtime="20240227 23:54:36.916"/>
</kw>
<kw name="Page Should Contain Element" library="SeleniumLibrary">
<arg>${Minicart_Icon}</arg>
<doc>Verifies that element ``locator`` is found on the current page.</doc>
<msg timestamp="20240227 23:54:36.932" level="INFO">Current page contains element 'xpath://a[@class='shop-bag-link hidden-xs']//i[@class='icon-shopping-bag']'.</msg>
<status status="PASS" starttime="20240227 23:54:36.917" endtime="20240227 23:54:36.932"/>
</kw>
<kw name="Page Should Contain Element" library="SeleniumLibrary">
<arg>${Language_SwitchIcon}</arg>
<doc>Verifies that element ``locator`` is found on the current page.</doc>
<msg timestamp="20240227 23:54:36.946" level="INFO">Current page contains element 'xpath://i[@class='icon-align-right']'.</msg>
<status status="PASS" starttime="20240227 23:54:36.933" endtime="20240227 23:54:36.946"/>
</kw>
<status status="PASS" starttime="20240227 23:54:31.791" endtime="20240227 23:54:36.946"/>
</kw>
<status status="PASS" starttime="20240227 23:54:31.790" endtime="20240227 23:54:36.946"/>
</kw>
<kw name="Click order template icon in header" library="Kion_App">
<kw name="click guest_header order template icon" library="GuestUserPages">
<kw name="Click Element" library="SeleniumLibrary">
<arg>${OrderTemplateIcon}</arg>
<doc>Click the element identified by ``locator``.</doc>
<msg timestamp="20240227 23:54:36.949" level="INFO">Clicking element 'xpath://i[@class='icon-heart']'.</msg>
<status status="PASS" starttime="20240227 23:54:36.948" endtime="20240227 23:54:41.015"/>
</kw>
<status status="PASS" starttime="20240227 23:54:36.947" endtime="20240227 23:54:41.015"/>
</kw>
<status status="PASS" starttime="20240227 23:54:36.947" endtime="20240227 23:54:41.015"/>
</kw>
<kw name="Verify the page is navigated to the Login page" library="Kion_App">
<kw name="Verify the Login page is navigated" library="GuestUserPages">
<kw name="Page Should Contain" library="SeleniumLibrary">
<arg>Login</arg>
<doc>Verifies that current page contains ``text``.</doc>
<msg timestamp="20240227 23:54:41.046" level="INFO">Current page contains text 'Login'.</msg>
<status status="PASS" starttime="20240227 23:54:41.016" endtime="20240227 23:54:41.046"/>
</kw>
<status status="PASS" starttime="20240227 23:54:41.016" endtime="20240227 23:54:41.046"/>
</kw>
<status status="PASS" starttime="20240227 23:54:41.015" endtime="20240227 23:54:41.046"/>
</kw>
<kw name="Navigate to the home page" library="Kion_App">
<kw name="go to home page" library="GuestUserPages">
<kw name="Click Element" library="SeleniumLibrary">
<arg>${LogoImage}</arg>
<doc>Click the element identified by ``locator``.</doc>
<msg timestamp="20240227 23:54:41.048" level="INFO">Clicking element '//img[@title='Kion Logo']'.</msg>
<status status="PASS" starttime="20240227 23:54:41.047" endtime="20240227 23:54:44.859"/>
</kw>
<status status="PASS" starttime="20240227 23:54:41.047" endtime="20240227 23:54:44.859"/>
</kw>
<status status="PASS" starttime="20240227 23:54:41.047" endtime="20240227 23:54:44.859"/>
</kw>
<kw name="Navigate to guest_CLP" library="Kion_App">
<kw name="click header_linde link" library="GuestUserPages">
<kw name="Click Element" library="SeleniumLibrary">
<arg>${Linde_Link}</arg>
<doc>Click the element identified by ``locator``.</doc>
<msg timestamp="20240227 23:54:44.863" level="INFO">Clicking element 'xpath://a[normalize-space()='Linde']'.</msg>
<status status="PASS" starttime="20240227 23:54:44.862" endtime="20240227 23:55:08.959"/>
</kw>
<kw name="Sleep" library="BuiltIn">
<arg>5s</arg>
<doc>Pauses the test executed for the given time.</doc>
<msg timestamp="20240227 23:55:13.961" level="INFO">Slept 5 seconds</msg>
<status status="PASS" starttime="20240227 23:55:08.960" endtime="20240227 23:55:13.961"/>
</kw>
<kw name="Page Should Contain" library="SeleniumLibrary">
<arg>${Category_Heading}</arg>
<doc>Verifies that current page contains ``text``.</doc>
<msg timestamp="20240227 23:55:14.008" level="INFO">Current page contains text 'Parts'.</msg>
<status status="PASS" starttime="20240227 23:55:13.962" endtime="20240227 23:55:14.008"/>
</kw>
<status status="PASS" starttime="20240227 23:54:44.861" endtime="20240227 23:55:14.008"/>
</kw>
<status status="PASS" starttime="20240227 23:54:44.860" endtime="20240227 23:55:14.008"/>
</kw>
<kw name="Navigate to guest_PLP" library="Kion_App">
<kw name="go to guest PLP" library="GuestUserPages">
<kw name="Mouse Down" library="SeleniumLibrary">
<arg>${Linde_Link}</arg>
<doc>Simulates pressing the left mouse button on the element ``locator``.</doc>
<msg timestamp="20240227 23:55:14.011" level="INFO">Simulating Mouse Down on element 'xpath://a[normalize-space()='Linde']'.</msg>
<status status="PASS" starttime="20240227 23:55:14.010" endtime="20240227 23:55:14.315"/>
</kw>
<kw name="Sleep" library="BuiltIn">
<arg>2s</arg>
<doc>Pauses the test executed for the given time.</doc>
<msg timestamp="20240227 23:55:16.317" level="INFO">Slept 2 seconds</msg>
<status status="PASS" starttime="20240227 23:55:14.316" endtime="20240227 23:55:16.317"/>
</kw>
<kw name="Mouse Down" library="SeleniumLibrary">
<arg>${Kits_Link_DropDown}</arg>
<doc>Simulates pressing the left mouse button on the element ``locator``.</doc>
<msg timestamp="20240227 23:55:16.320" level="INFO">Simulating Mouse Down on element '//a[normalize-space()='Kits']'.</msg>
<status status="PASS" starttime="20240227 23:55:16.318" endtime="20240227 23:55:16.649"/>
</kw>
<kw name="Double Click Element" library="SeleniumLibrary">
<arg>${Kits_Link_DropDown}</arg>
<doc>Double clicks the element identified by ``locator``.</doc>
<msg timestamp="20240227 23:55:16.652" level="INFO">Double clicking element '//a[normalize-space()='Kits']'.</msg>
<status status="PASS" starttime="20240227 23:55:16.649" endtime="20240227 23:55:26.575"/>
</kw>
<kw name="Sleep" library="BuiltIn">
<arg>2s</arg>
<doc>Pauses the test executed for the given time.</doc>
<msg timestamp="20240227 23:55:28.576" level="INFO">Slept 2 seconds</msg>
<status status="PASS" starttime="20240227 23:55:26.576" endtime="20240227 23:55:28.576"/>
</kw>
<kw name="Page Should Contain Element" library="SeleniumLibrary">
<arg>${plp_page_heading}</arg>
<doc>Verifies that element ``locator`` is found on the current page.</doc>
<msg timestamp="20240227 23:55:28.619" level="INFO">Current page contains element '//li[@class='breadcrumbs-list breadcrumbs-list-active']'.</msg>
<status status="PASS" starttime="20240227 23:55:28.577" endtime="20240227 23:55:28.619"/>
</kw>
<kw name="Sleep" library="BuiltIn">
<arg>2s</arg>
<doc>Pauses the test executed for the given time.</doc>
<msg timestamp="20240227 23:55:30.619" level="INFO">Slept 2 seconds</msg>
<status status="PASS" starttime="20240227 23:55:28.619" endtime="20240227 23:55:30.619"/>
</kw>
<kw name="Click Element" library="SeleniumLibrary">
<arg>${sortby}</arg>
<doc>Click the element identified by ``locator``.</doc>
<msg timestamp="20240227 23:55:30.622" level="INFO">Clicking element 'xpath://select[@id='SortingAttribute']'.</msg>
<status status="PASS" starttime="20240227 23:55:30.619" endtime="20240227 23:55:30.746"/>
</kw>
<kw name="Click Element" library="SeleniumLibrary">
<arg>${ascendingorder}</arg>
<doc>Click the element identified by ``locator``.</doc>
<msg timestamp="20240227 23:55:30.748" level="INFO">Clicking element 'xpath://option[@value='name-asc']'.</msg>
<status status="PASS" starttime="20240227 23:55:30.747" endtime="20240227 23:55:38.275"/>
</kw>
<status status="PASS" starttime="20240227 23:55:14.010" endtime="20240227 23:55:38.275"/>
</kw>
<status status="PASS" starttime="20240227 23:55:14.009" endtime="20240227 23:55:38.275"/>
</kw>
<kw name="Navigate to guest_PDP and verfy the details" library="Kion_App">
<kw name="go to guest PDP" library="GuestUserPages">
<kw name="Click Element" library="SeleniumLibrary">
<arg>${ProductName_PLP}</arg>
<doc>Click the element identified by ``locator``.</doc>
<msg timestamp="20240227 23:55:38.277" level="INFO">Clicking element '//div[11]//div[1]//div[2]//a[1]//span[1]'.</msg>
<status status="PASS" starttime="20240227 23:55:38.277" endtime="20240227 23:55:41.932"/>
</kw>
<status status="PASS" starttime="20240227 23:55:38.276" endtime="20240227 23:55:41.932"/>
</kw>
<kw name="Verify the Guest_PDP contents" library="GuestUserPages">
<kw name="Sleep" library="BuiltIn">
<arg>2s</arg>
<doc>Pauses the test executed for the given time.</doc>
<msg timestamp="20240227 23:55:43.935" level="INFO">Slept 2 seconds</msg>
<status status="PASS" starttime="20240227 23:55:41.935" endtime="20240227 23:55:43.935"/>
</kw>
<kw name="Page Should Contain" library="SeleniumLibrary">
<arg>${ProductName_PDP}</arg>
<doc>Verifies that current page contains ``text``.</doc>
<msg timestamp="20240227 23:55:43.987" level="INFO">Current page contains text 'Maintenance Decal 'KION Baoli 2 Brand'.</msg>
<status status="PASS" starttime="20240227 23:55:43.935" endtime="20240227 23:55:43.987"/>
</kw>
<kw name="Page Should Contain Element" library="SeleniumLibrary">
<arg>${Product_Image}</arg>
<doc>Verifies that element ``locator`` is found on the current page.</doc>
<msg timestamp="20240227 23:55:44.015" level="INFO">Current page contains element '//img[@alt="Maintenance Decal 'KION Baoli 2 Brand product photo Front View L"]'.</msg>
<status status="PASS" starttime="20240227 23:55:43.988" endtime="20240227 23:55:44.015"/>
</kw>
<kw name="Page Should Contain Element" library="SeleniumLibrary">
<arg>${Product_SupportImage}</arg>
<doc>Verifies that element ``locator`` is found on the current page.</doc>
<msg timestamp="20240227 23:55:44.036" level="INFO">Current page contains element '//img[@data-type='S']'.</msg>
<status status="PASS" starttime="20240227 23:55:44.015" endtime="20240227 23:55:44.037"/>
</kw>
<kw name="Page Should Contain" library="SeleniumLibrary">
<arg>${Product_Sku}</arg>
<doc>Verifies that current page contains ``text``.</doc>
<msg timestamp="20240227 23:55:44.066" level="INFO">Current page contains text 'L0009387522'.</msg>
<status status="PASS" starttime="20240227 23:55:44.037" endtime="20240227 23:55:44.066"/>
</kw>
<kw name="Page Should Contain Element" library="SeleniumLibrary">
<arg>${Breadcrumb_Guest}</arg>
<doc>Verifies that element ``locator`` is found on the current page.</doc>
<msg timestamp="20240227 23:55:44.089" level="INFO">Current page contains element '//div[@class='breadcrumbs row']'.</msg>
<status status="PASS" starttime="20240227 23:55:44.066" endtime="20240227 23:55:44.089"/>
</kw>
<kw name="Page Should Contain" library="SeleniumLibrary">
<arg>${ProductBrand}</arg>
<doc>Verifies that current page contains ``text``.</doc>
<msg timestamp="20240227 23:55:44.118" level="INFO">Current page contains text 'Brand: Linde'.</msg>
<status status="PASS" starttime="20240227 23:55:44.089" endtime="20240227 23:55:44.118"/>
</kw>
<kw name="Page Should Contain" library="SeleniumLibrary">
<arg>${Product_Price}</arg>
<doc>Verifies that current page contains ``text``.</doc>
<msg timestamp="20240227 23:55:44.136" level="INFO">Current page contains text '$ 6.00'.</msg>
<status status="PASS" starttime="20240227 23:55:44.118" endtime="20240227 23:55:44.136"/>
</kw>
<kw name="Page Should Contain" library="SeleniumLibrary">
<arg>${ProductShort_Description}</arg>
<doc>Verifies that current page contains ``text``.</doc>
<msg timestamp="20240227 23:55:44.148" level="INFO">Current page contains text 'Maintenance Decal 'KION Baoli 2 Brand'.</msg>
<status status="PASS" starttime="20240227 23:55:44.137" endtime="20240227 23:55:44.148"/>
</kw>
<kw name="Page Should Contain" library="SeleniumLibrary">
<arg>${Recently_Viewed_Heading}</arg>
<doc>Verifies that current page contains ``text``.</doc>
<msg timestamp="20240227 23:55:44.163" level="INFO">Current page contains text 'Recently Viewed'.</msg>
<status status="PASS" starttime="20240227 23:55:44.148" endtime="20240227 23:55:44.163"/>
</kw>
<status status="PASS" starttime="20240227 23:55:41.933" endtime="20240227 23:55:44.163"/>
</kw>
<status status="PASS" starttime="20240227 23:55:38.276" endtime="20240227 23:55:44.163"/>
</kw>
<kw name="Navigate to the Guest SRP and verify the page" library="Kion_App">
<kw name="go to SRP page" library="GuestUserPages">
<kw name="Sleep" library="BuiltIn">
<arg>2s</arg>
<doc>Pauses the test executed for the given time.</doc>
<msg timestamp="20240227 23:55:46.165" level="INFO">Slept 2 seconds</msg>
<status status="PASS" starttime="20240227 23:55:44.164" endtime="20240227 23:55:46.165"/>
</kw>
<kw name="Click Element" library="SeleniumLibrary">
<arg>${Search_Icon}</arg>
<doc>Click the element identified by ``locator``.</doc>
<msg timestamp="20240227 23:55:46.168" level="INFO">Clicking element '//a[@class='hidden-xs']//i[@class='icon-search']'.</msg>
<status status="PASS" starttime="20240227 23:55:46.165" endtime="20240227 23:55:46.319"/>
</kw>
<kw name="Sleep" library="BuiltIn">
<arg>2s</arg>
<doc>Pauses the test executed for the given time.</doc>
<msg timestamp="20240227 23:55:48.320" level="INFO">Slept 2 seconds</msg>
<status status="PASS" starttime="20240227 23:55:46.319" endtime="20240227 23:55:48.320"/>
</kw>
<kw name="Input Text" library="SeleniumLibrary">
<arg>${Searbox}</arg>
<arg>${SearchTerm_ValidTerm}</arg>
<doc>Types the given ``text`` into the text field identified by ``locator``.</doc>
<msg timestamp="20240227 23:55:48.322" level="INFO">Typing text '100' into text field '//div[@id='header-searchbox']//input[@placeholder='Enter keywords to search...']'.</msg>
<status status="PASS" starttime="20240227 23:55:48.321" endtime="20240227 23:55:48.488"/>
</kw>
<kw name="Click Element" library="SeleniumLibrary">
<arg>${Searchbox_SearchIcon}</arg>
<doc>Click the element identified by ``locator``.</doc>
<msg timestamp="20240227 23:55:48.488" level="INFO">Clicking element '//div[@id='header-searchbox']//i[@class='icon-search']'.</msg>
<status status="PASS" starttime="20240227 23:55:48.488" endtime="20240227 23:56:01.879"/>
</kw>
<kw name="Page Should Contain" library="SeleniumLibrary">
<arg>${SearchTerm_ValidTerm}</arg>
<doc>Verifies that current page contains ``text``.</doc>
<msg timestamp="20240227 23:56:01.922" level="INFO">Current page contains text '100'.</msg>
<status status="PASS" starttime="20240227 23:56:01.880" endtime="20240227 23:56:01.922"/>
</kw>
<status status="PASS" starttime="20240227 23:55:44.164" endtime="20240227 23:56:01.922"/>
</kw>
<status status="PASS" starttime="20240227 23:55:44.164" endtime="20240227 23:56:01.922"/>
</kw>
<tag>01</tag>
<tag>hh</tag>
<tag>Smoke</tag>
<status status="PASS" starttime="20240227 23:54:31.789" endtime="20240227 23:56:01.923"/>
</test>
<test id="s1-s1-t2" name="Logging in to the KION site" line="30">
<kw name="Go to login page" library="Kion_App">
<kw name="Sleep" library="BuiltIn">
<arg>1s</arg>
<doc>Pauses the test executed for the given time.</doc>
<msg timestamp="20240227 23:56:02.927" level="INFO">Slept 1 second</msg>
<status status="PASS" starttime="20240227 23:56:01.926" endtime="20240227 23:56:02.927"/>
</kw>
<kw name="go to login" library="LoginPage">
<kw name="Click Element" library="SeleniumLibrary">
<arg>${Order-Template-Icon}</arg>
<doc>Click the element identified by ``locator``.</doc>
<msg timestamp="20240227 23:56:02.930" level="INFO">Clicking element '//i[@class='icon-heart']'.</msg>
<status status="PASS" starttime="20240227 23:56:02.929" endtime="20240227 23:56:07.515"/>
</kw>
<status status="PASS" starttime="20240227 23:56:02.928" endtime="20240227 23:56:07.515"/>
</kw>
<status status="PASS" starttime="20240227 23:56:01.925" endtime="20240227 23:56:07.515"/>
</kw>
<kw name="Login to the kion site" library="Kion_App">
<kw name="login with valid credentials" library="LoginPage">
<kw name="Input Text" library="SeleniumLibrary">
<arg>${Email-Field}</arg>
<arg>${Login-Mail}</arg>
<doc>Types the given ``text`` into the text field identified by ``locator``.</doc>
<msg timestamp="20240227 23:56:07.521" level="INFO">Typing text 'mar.ig10test@gmail.com' into text field '//input[@id='ShopLoginForm_Login']'.</msg>
<status status="PASS" starttime="20240227 23:56:07.520" endtime="20240227 23:56:07.850"/>
</kw>
<kw name="Input Password" library="SeleniumLibrary">
<arg>${Password-Field}</arg>
<arg>${Password}</arg>
<doc>Types the given password into the text field identified by ``locator``.</doc>
<msg timestamp="20240227 23:56:07.852" level="INFO">Typing password into text field '//input[@id='ShopLoginForm_Password']'.</msg>
<msg timestamp="20240227 23:56:07.915" level="INFO">Temporally setting log level to: NONE</msg>
<msg timestamp="20240227 23:56:08.025" level="INFO">Log level changed from NONE to INFO.</msg>
<status status="PASS" starttime="20240227 23:56:07.850" endtime="20240227 23:56:08.026"/>
</kw>
<kw name="Click Button" library="SeleniumLibrary">
<arg>${Login-Button}</arg>
<doc>Clicks the button identified by ``locator``.</doc>
<msg timestamp="20240227 23:56:08.026" level="INFO">Clicking button '//button[@name='login']'.</msg>
<status status="PASS" starttime="20240227 23:56:08.026" endtime="20240227 23:56:17.254"/>
</kw>
<status status="PASS" starttime="20240227 23:56:07.518" endtime="20240227 23:56:17.254"/>
</kw>
<status status="PASS" starttime="20240227 23:56:07.517" endtime="20240227 23:56:17.255"/>
</kw>
<kw name="Select customer from cutomer selector" library="Kion_App">
<kw name="Select customer" library="LoginPage">
<kw name="Click Element" library="SeleniumLibrary">
<arg>${Dealer-53464}</arg>
<doc>Click the element identified by ``locator``.</doc>
<msg timestamp="20240227 23:56:17.258" level="INFO">Clicking element '//div[@role='dialog']//div[@class='dealer-sel--no col-sm-2'][normalize-space()='53464']'.</msg>
<status status="PASS" starttime="20240227 23:56:17.257" endtime="20240227 23:56:24.584"/>
</kw>
<status status="PASS" starttime="20240227 23:56:17.256" endtime="20240227 23:56:24.585"/>
</kw>
<status status="PASS" starttime="20240227 23:56:17.256" endtime="20240227 23:56:24.586"/>
</kw>
<tag>02</tag>
<tag>Smoke</tag>
<status status="PASS" starttime="20240227 23:56:01.924" endtime="20240227 23:56:24.608"/>
</test>
<test id="s1-s1-t3" name="To verify the dealer changing through the header dealers dropdown" line="35">
<kw name="Switch the sunbelt dealer" library="Kion_App">
<kw name="click dealer dropdown" library="LoginPage">
<kw name="Wait Until Element Is Visible" library="SeleniumLibrary">
<arg>${SalesRep_PopUp}</arg>
<doc>Waits until the element ``locator`` is visible.</doc>
<status status="PASS" starttime="20240227 23:56:24.636" endtime="20240227 23:56:24.693"/>
</kw>
<kw name="Click Element" library="SeleniumLibrary">
<arg>${SalesRep_PopUp}</arg>
<doc>Click the element identified by ``locator``.</doc>
<msg timestamp="20240227 23:56:24.694" level="INFO">Clicking element '//div[@class='top-bar-inner container']//select[@class='customer-dropdown']'.</msg>
<status status="PASS" starttime="20240227 23:56:24.693" endtime="20240227 23:56:24.917"/>
</kw>
<status status="PASS" starttime="20240227 23:56:24.635" endtime="20240227 23:56:24.917"/>
</kw>
<kw name="Select different dealer from popup" library="LoginPage">
<kw name="Click Element" library="SeleniumLibrary">
<arg>${68694_In_DealerPopup}</arg>
<doc>Click the element identified by ``locator``.</doc>
<msg timestamp="20240227 23:56:24.921" level="INFO">Clicking element '//div[@class='top-bar-inner container']//select[@class='customer-dropdown']//option[text()='(68694) SUNBELT RENTALS, INC']'.</msg>
<status status="PASS" starttime="20240227 23:56:24.919" endtime="20240227 23:56:31.147"/>
</kw>
<status status="PASS" starttime="20240227 23:56:24.918" endtime="20240227 23:56:31.147"/>
</kw>
<status status="PASS" starttime="20240227 23:56:24.634" endtime="20240227 23:56:31.148"/>
</kw>
<kw name="Navigate to the MyAccount and verify the Switched customer" library="Kion_App">
<kw name="Go to My Account" library="LoginPage">
<kw name="Click Element" library="SeleniumLibrary">
<arg>${My_Account_Icon}</arg>
<doc>Click the element identified by ``locator``.</doc>
<msg timestamp="20240227 23:56:31.156" level="INFO">Clicking element '//i[@class='icon-users']'.</msg>
<status status="PASS" starttime="20240227 23:56:31.155" endtime="20240227 23:56:34.369"/>
</kw>
<status status="PASS" starttime="20240227 23:56:31.154" endtime="20240227 23:56:34.369"/>
</kw>
<kw name="Verify the Loggedin customer" library="LoginPage">
<kw name="Page Should Contain" library="SeleniumLibrary">
<arg>${68694_CustomerName}</arg>
<doc>Verifies that current page contains ``text``.</doc>
<msg timestamp="20240227 23:56:34.400" level="INFO">Current page contains text 'SUNBELT RENTALS, INC'.</msg>
<status status="PASS" starttime="20240227 23:56:34.369" endtime="20240227 23:56:34.400"/>
</kw>
<status status="PASS" starttime="20240227 23:56:34.369" endtime="20240227 23:56:34.400"/>
</kw>
<status status="PASS" starttime="20240227 23:56:31.153" endtime="20240227 23:56:34.400"/>
</kw>
<kw name="Switch the Elevex dealer" library="Kion_App">
<kw name="click dealer dropdown" library="LoginPage">
<kw name="Wait Until Element Is Visible" library="SeleniumLibrary">
<arg>${SalesRep_PopUp}</arg>
<doc>Waits until the element ``locator`` is visible.</doc>
<status status="PASS" starttime="20240227 23:56:34.401" endtime="20240227 23:56:34.433"/>
</kw>
<kw name="Click Element" library="SeleniumLibrary">
<arg>${SalesRep_PopUp}</arg>
<doc>Click the element identified by ``locator``.</doc>
<msg timestamp="20240227 23:56:34.434" level="INFO">Clicking element '//div[@class='top-bar-inner container']//select[@class='customer-dropdown']'.</msg>
<status status="PASS" starttime="20240227 23:56:34.433" endtime="20240227 23:56:34.568"/>
</kw>
<status status="PASS" starttime="20240227 23:56:34.401" endtime="20240227 23:56:34.568"/>
</kw>
<kw name="select Elevex dealer from dealer dropdown" library="LoginPage">
<kw name="Click Element" library="SeleniumLibrary">
<arg>${53464_In_DealerPopup}</arg>
<doc>Click the element identified by ``locator``.</doc>
<msg timestamp="20240227 23:56:34.570" level="INFO">Clicking element '//div[@class='top-bar-inner container']//option[@value='DsUKAQJFqnAAAAF2Ot1Ph6pY'][normalize-space()='(53464) ELEVEX (Formerly Manutention Quebec)usuall']'.</msg>
<status status="PASS" starttime="20240227 23:56:34.569" endtime="20240227 23:56:39.967"/>
</kw>
<status status="PASS" starttime="20240227 23:56:34.569" endtime="20240227 23:56:39.967"/>
</kw>
<status status="PASS" starttime="20240227 23:56:34.401" endtime="20240227 23:56:39.967"/>
</kw>
<tag>03</tag>
<tag>hh</tag>
<tag>Smoke</tag>
<status status="PASS" starttime="20240227 23:56:24.632" endtime="20240227 23:56:39.968"/>
</test>
<test id="s1-s1-t4" name="Verify the home page contents for login user" line="40">
<kw name="Verify the home page banner" library="Kion_App">
<kw name="Verify the banner image" library="HomePage">
<kw name="Page Should Contain Image" library="SeleniumLibrary">
<arg>${Banner_Image}</arg>
<doc>Verifies image identified by ``locator`` is found from current page.</doc>
<msg timestamp="20240227 23:56:39.999" level="INFO">Current page contains image 'xpath://div[@class='item active']//img[contains(@class,'enhanced-image')]'.</msg>
<status status="PASS" starttime="20240227 23:56:39.973" endtime="20240227 23:56:39.999"/>
</kw>
<status status="PASS" starttime="20240227 23:56:39.971" endtime="20240227 23:56:39.999"/>
</kw>
<status status="PASS" starttime="20240227 23:56:39.970" endtime="20240227 23:56:39.999"/>
</kw>
<kw name="Verify the home page middle contents" library="Kion_App">
<kw name="Verify the middle contents" library="HomePage">
<kw name="Page Should Contain Element" library="SeleniumLibrary">
<arg>${Middle contents}</arg>
<doc>Verifies that element ``locator`` is found on the current page.</doc>
<msg timestamp="20240227 23:56:40.014" level="INFO">Current page contains element 'xpath://body/div[@class='wrapper static-wrap-hgt']/div[@role='main']/div[@class='content-wrapper']/div[1]'.</msg>
<status status="PASS" starttime="20240227 23:56:40.000" endtime="20240227 23:56:40.014"/>
</kw>
<status status="PASS" starttime="20240227 23:56:40.000" endtime="20240227 23:56:40.014"/>
</kw>
<status status="PASS" starttime="20240227 23:56:39.999" endtime="20240227 23:56:40.014"/>
</kw>
<kw name="Verify the home page featured products section" library="Kion_App">
<kw name="Verify the featured product section" library="HomePage">
<kw name="Page Should Contain" library="SeleniumLibrary">
<arg>${Featured products heading}</arg>
<doc>Verifies that current page contains ``text``.</doc>
<msg timestamp="20240227 23:56:40.038" level="INFO">Current page contains text 'Featured Products'.</msg>
<status status="PASS" starttime="20240227 23:56:40.015" endtime="20240227 23:56:40.038"/>
</kw>
<kw name="Page Should Contain Element" library="SeleniumLibrary">
<arg>${Featured Products}</arg>
<doc>Verifies that element ``locator`` is found on the current page.</doc>
<msg timestamp="20240227 23:56:40.051" level="INFO">Current page contains element 'class:product-list-container'.</msg>
<status status="PASS" starttime="20240227 23:56:40.038" endtime="20240227 23:56:40.051"/>
</kw>
<status status="PASS" starttime="20240227 23:56:40.015" endtime="20240227 23:56:40.051"/>
</kw>
<status status="PASS" starttime="20240227 23:56:40.014" endtime="20240227 23:56:40.051"/>
</kw>
<kw name="Verify the home page footer section" library="Kion_App">
<kw name="Verify the footer section" library="HomePage">
<kw name="Page Should Contain Element" library="SeleniumLibrary">
<arg>${Footer section}</arg>
<doc>Verifies that element ``locator`` is found on the current page.</doc>
<msg timestamp="20240227 23:56:40.069" level="INFO">Current page contains element 'xpath://div[@class='footer']//div[@class='row']'.</msg>
<status status="PASS" starttime="20240227 23:56:40.052" endtime="20240227 23:56:40.069"/>
</kw>
<kw name="Page Should Contain Element" library="SeleniumLibrary">
<arg>${Back to top}</arg>
<doc>Verifies that element ``locator`` is found on the current page.</doc>
<msg timestamp="20240227 23:56:40.084" level="INFO">Current page contains element 'xpath://i[@class='fa fa-angle-double-up']'.</msg>
<status status="PASS" starttime="20240227 23:56:40.069" endtime="20240227 23:56:40.084"/>
</kw>
<status status="PASS" starttime="20240227 23:56:40.052" endtime="20240227 23:56:40.084"/>
</kw>
<status status="PASS" starttime="20240227 23:56:40.052" endtime="20240227 23:56:40.084"/>
</kw>
<tag>04</tag>
<tag>smoke</tag>
<status status="PASS" starttime="20240227 23:56:39.969" endtime="20240227 23:56:40.085"/>
</test>
<test id="s1-s1-t5" name="To verify by adding the product to the worksheet from the home page" line="47">
<kw name="Navigate to Home Page" library="Kion_App">
<kw name="Go Home" library="HomePage">
<kw name="Wait Until Element Is Visible" library="SeleniumLibrary">
<arg>${Header_Logo}</arg>
<doc>Waits until the element ``locator`` is visible.</doc>
<status status="PASS" starttime="20240227 23:56:40.092" endtime="20240227 23:56:40.119"/>
</kw>
<kw name="Click Element" library="SeleniumLibrary">
<arg>${Header_Logo}</arg>
<doc>Click the element identified by ``locator``.</doc>
<msg timestamp="20240227 23:56:40.120" level="INFO">Clicking element '//img[@alt='Logo']'.</msg>
<status status="PASS" starttime="20240227 23:56:40.119" endtime="20240227 23:56:44.279"/>
</kw>
<status status="PASS" starttime="20240227 23:56:40.092" endtime="20240227 23:56:44.279"/>
</kw>
<kw name="Sleep" library="BuiltIn">
<arg>2s</arg>
<doc>Pauses the test executed for the given time.</doc>
<msg timestamp="20240227 23:56:46.280" level="INFO">Slept 2 seconds</msg>
<status status="PASS" starttime="20240227 23:56:44.279" endtime="20240227 23:56:46.280"/>
</kw>
<status status="PASS" starttime="20240227 23:56:40.090" endtime="20240227 23:56:46.280"/>
</kw>
<kw name="Click the add to worksheet link in the home page feautured products section" library="Kion_App">
<kw name="Hover over the product and click add to worksheet" library="HomePage">
<kw name="Sleep" library="BuiltIn">
<arg>2s</arg>
<doc>Pauses the test executed for the given time.</doc>
<msg timestamp="20240227 23:56:48.285" level="INFO">Slept 2 seconds</msg>
<status status="PASS" starttime="20240227 23:56:46.283" endtime="20240227 23:56:48.285"/>
</kw>
<kw name="Mouse Over" library="SeleniumLibrary">
<arg>${Featured-Product-Name}</arg>
<doc>Simulates hovering the mouse over the element ``locator``.</doc>
<msg timestamp="20240227 23:56:48.287" level="INFO">Simulating Mouse Over on element '//div[@class='slick-slide slick-current slick-active']//div//span[@class='plp-img1']//img[@title='#10 V7 SANDEN ADAPTOR']'.</msg>
<status status="PASS" starttime="20240227 23:56:48.286" endtime="20240227 23:56:48.593"/>
</kw>
<kw name="Sleep" library="BuiltIn">
<arg>2s</arg>
<doc>Pauses the test executed for the given time.</doc>
<msg timestamp="20240227 23:56:50.595" level="INFO">Slept 2 seconds</msg>
<status status="PASS" starttime="20240227 23:56:48.594" endtime="20240227 23:56:50.595"/>
</kw>
<kw name="Click Element" library="SeleniumLibrary">
<arg>${Add to worksheet}</arg>
<doc>Click the element identified by ``locator``.</doc>
<msg timestamp="20240227 23:56:50.599" level="INFO">Clicking element '//div[contains(@class,'slick-slide slick-current slick-active')]//div//button[@title='Add to Worksheet'][normalize-space()='+ Add to Worksheet']'.</msg>
<status status="PASS" starttime="20240227 23:56:50.596" endtime="20240227 23:56:50.781"/>
</kw>
<kw name="Wait Until Element Is Visible" library="SeleniumLibrary">
<arg>${minicart_Close}</arg>
<doc>Waits until the element ``locator`` is visible.</doc>
<status status="PASS" starttime="20240227 23:56:50.781" endtime="20240227 23:56:52.713"/>
</kw>
<kw name="Click Element" library="SeleniumLibrary">
<arg>${minicart_Close}</arg>
<doc>Click the element identified by ``locator``.</doc>
<msg timestamp="20240227 23:56:52.714" level="INFO">Clicking element '//div[@class='block-content']//a[@data-toggle='collapse']'.</msg>
<status status="PASS" starttime="20240227 23:56:52.713" endtime="20240227 23:56:52.836"/>
</kw>
<status status="PASS" starttime="20240227 23:56:46.283" endtime="20240227 23:56:52.836"/>
</kw>
<status status="PASS" starttime="20240227 23:56:46.281" endtime="20240227 23:56:52.837"/>
</kw>
<tag>05</tag>
<tag>hh</tag>
<tag>smoke</tag>
<status status="PASS" starttime="20240227 23:56:40.088" endtime="20240227 23:56:52.837"/>
</test>
<test id="s1-s1-t6" name="To verify the CLP page" line="52">
<kw name="Click linde link in the header" library="Kion_App">
<kw name="Click Linde in Header" library="CLP_Page">
<kw name="Click Element" library="SeleniumLibrary">
<arg>${Lindelink}</arg>
<doc>Click the element identified by ``locator``.</doc>
<msg timestamp="20240227 23:56:52.845" level="INFO">Clicking element 'xpath://a[normalize-space()='Linde']'.</msg>
<status status="PASS" starttime="20240227 23:56:52.844" endtime="20240227 23:57:12.071"/>
</kw>
<status status="PASS" starttime="20240227 23:56:52.842" endtime="20240227 23:57:12.071"/>
</kw>
<status status="PASS" starttime="20240227 23:56:52.841" endtime="20240227 23:57:12.071"/>
</kw>
<kw name="Sleep" library="BuiltIn">
<arg>2s</arg>
<doc>Pauses the test executed for the given time.</doc>
<msg timestamp="20240227 23:57:14.074" level="INFO">Slept 2 seconds</msg>
<status status="PASS" starttime="20240227 23:57:12.072" endtime="20240227 23:57:14.074"/>
</kw>
<kw name="Verify the refinement section" library="Kion_App">
<kw name="Verify the now shopping by heading" library="CLP_Page">
<kw name="Page Should Contain Element" library="SeleniumLibrary">
<arg>${NowShoppingHeading}</arg>
<doc>Verifies that element ``locator`` is found on the current page.</doc>
<msg timestamp="20240227 23:57:14.111" level="INFO">Current page contains element 'xpath://h1[text()='Now Shopping by']'.</msg>
<status status="PASS" starttime="20240227 23:57:14.076" endtime="20240227 23:57:14.111"/>
</kw>
<status status="PASS" starttime="20240227 23:57:14.076" endtime="20240227 23:57:14.111"/>
</kw>
<kw name="Verify the category refinement section" library="CLP_Page">
<kw name="Page Should Contain Element" library="SeleniumLibrary">
<arg>${Category_Refinement_Section}</arg>
<doc>Verifies that element ``locator`` is found on the current page.</doc>
<msg timestamp="20240227 23:57:14.136" level="INFO">Current page contains element '//h3[normalize-space()='Category']'.</msg>
<status status="PASS" starttime="20240227 23:57:14.114" endtime="20240227 23:57:14.136"/>
</kw>
<kw name="Click Element" library="SeleniumLibrary">
<arg>${Category_Refinement_Section}</arg>
<doc>Click the element identified by ``locator``.</doc>
<msg timestamp="20240227 23:57:14.137" level="INFO">Clicking element '//h3[normalize-space()='Category']'.</msg>
<status status="PASS" starttime="20240227 23:57:14.136" endtime="20240227 23:57:14.239"/>
</kw>
<kw name="Click Element" library="SeleniumLibrary">
<arg>${Category_Refinement_Section}</arg>
<doc>Click the element identified by ``locator``.</doc>
<msg timestamp="20240227 23:57:14.240" level="INFO">Clicking element '//h3[normalize-space()='Category']'.</msg>
<status status="PASS" starttime="20240227 23:57:14.239" endtime="20240227 23:57:14.307"/>
</kw>
<status status="PASS" starttime="20240227 23:57:14.113" endtime="20240227 23:57:14.307"/>
</kw>
<kw name="Veify the refinement section" library="CLP_Page">
<kw name="Page Should Contain Element" library="SeleniumLibrary">
<arg>${RefinementSection}</arg>
<doc>Verifies that element ``locator`` is found on the current page.</doc>
<msg timestamp="20240227 23:57:14.323" level="INFO">Current page contains element 'id:filter-accordion'.</msg>
<status status="PASS" starttime="20240227 23:57:14.309" endtime="20240227 23:57:14.323"/>
</kw>
<status status="PASS" starttime="20240227 23:57:14.307" endtime="20240227 23:57:14.324"/>
</kw>
<kw name="Verify the Order template section" library="CLP_Page">
<kw name="Page Should Contain Element" library="SeleniumLibrary">
<arg>${OrderTemplateHeading_Refinements}</arg>
<doc>Verifies that element ``locator`` is found on the current page.</doc>
<msg timestamp="20240227 23:57:14.336" level="INFO">Current page contains element 'xpath://div[@class='plp-wishlist-block']//h3[normalize-space()='Order Templates']'.</msg>
<status status="PASS" starttime="20240227 23:57:14.324" endtime="20240227 23:57:14.336"/>
</kw>
<kw name="Click Element" library="SeleniumLibrary">
<arg>${Ordertemplatesectionexpand}</arg>
<doc>Click the element identified by ``locator``.</doc>
<msg timestamp="20240227 23:57:14.337" level="INFO">Clicking element '//div[@class='plp-wishlist-block']//i'.</msg>
<status status="PASS" starttime="20240227 23:57:14.336" endtime="20240227 23:57:14.451"/>
</kw>
<kw name="Sleep" library="BuiltIn">
<arg>5s</arg>
<doc>Pauses the test executed for the given time.</doc>
<msg timestamp="20240227 23:57:19.452" level="INFO">Slept 5 seconds</msg>
<status status="PASS" starttime="20240227 23:57:14.451" endtime="20240227 23:57:19.452"/>
</kw>
<kw name="Run Keyword And Return Status" library="BuiltIn">
<var>${status}</var>
<arg>page should contain</arg>
<arg>Do you really want to delete this order template?</arg>
<doc>Runs the given keyword with given arguments and returns the status as a Boolean value.</doc>
<kw name="Page Should Contain" library="SeleniumLibrary">
<arg>Do you really want to delete this order template?</arg>
<doc>Verifies that current page contains ``text``.</doc>
<msg timestamp="20240227 23:57:19.500" level="INFO">Current page contains text 'Do you really want to delete this order template?'.</msg>
<status status="PASS" starttime="20240227 23:57:19.454" endtime="20240227 23:57:19.500"/>
</kw>
<msg timestamp="20240227 23:57:19.501" level="INFO">${status} = True</msg>
<status status="PASS" starttime="20240227 23:57:19.454" endtime="20240227 23:57:19.501"/>
</kw>
<kw name="Run Keyword If" library="BuiltIn">
<arg>'${status}' == 'True'</arg>
<arg>Click Element</arg>
<arg>${OrderTempleteCancelButton}</arg>
<arg>ELSE</arg>
<arg>Log</arg>
<arg>message</arg>
<doc>Runs the given keyword with the given arguments, if ``condition`` is true.</doc>
<kw name="Click Element" library="SeleniumLibrary">
<arg>${OrderTempleteCancelButton}</arg>
<doc>Click the element identified by ``locator``.</doc>
<msg timestamp="20240227 23:57:19.504" level="INFO">Clicking element '//button[@name='cancel']'.</msg>
<status status="PASS" starttime="20240227 23:57:19.503" endtime="20240227 23:57:19.635"/>
</kw>
<status status="PASS" starttime="20240227 23:57:19.501" endtime="20240227 23:57:19.635"/>
</kw>
<kw name="Sleep" library="BuiltIn">
<arg>3s</arg>
<doc>Pauses the test executed for the given time.</doc>
<msg timestamp="20240227 23:57:22.636" level="INFO">Slept 3 seconds</msg>
<status status="PASS" starttime="20240227 23:57:19.635" endtime="20240227 23:57:22.636"/>
</kw>
<kw name="Click Element" library="SeleniumLibrary">
<arg>${Ordertemplatesectionexpand}</arg>
<doc>Click the element identified by ``locator``.</doc>
<msg timestamp="20240227 23:57:22.638" level="INFO">Clicking element '//div[@class='plp-wishlist-block']//i'.</msg>
<status status="PASS" starttime="20240227 23:57:22.637" endtime="20240227 23:57:22.774"/>
</kw>
<kw name="Run Keyword And Return Status" library="BuiltIn">
<var>${status}</var>
<arg>page should contain</arg>
<arg>Do you really want to delete this order template?</arg>
<doc>Runs the given keyword with given arguments and returns the status as a Boolean value.</doc>
<kw name="Page Should Contain" library="SeleniumLibrary">
<arg>Do you really want to delete this order template?</arg>
<doc>Verifies that current page contains ``text``.</doc>
<msg timestamp="20240227 23:57:22.943" level="INFO" html="true">&lt;/td&gt;&lt;/tr&gt;&lt;tr&gt;&lt;td colspan="3"&gt;&lt;a href="selenium-screenshot-617.png"&gt;&lt;img src="selenium-screenshot-617.png" width="800px"&gt;&lt;/a&gt;</msg>
<msg timestamp="20240227 23:57:22.943" level="FAIL">Page should have contained text 'Do you really want to delete this order template?' but did not.</msg>
<status status="FAIL" starttime="20240227 23:57:22.774" endtime="20240227 23:57:22.947"/>
</kw>
<msg timestamp="20240227 23:57:22.947" level="INFO">${status} = False</msg>
<status status="PASS" starttime="20240227 23:57:22.774" endtime="20240227 23:57:22.947"/>
</kw>
<kw name="Run Keyword If" library="BuiltIn">
<arg>'${status}' == 'True'</arg>
<arg>Click Element</arg>
<arg>${OrderTempleteCancelButton}</arg>
<arg>ELSE</arg>
<arg>Log</arg>
<arg>message</arg>
<doc>Runs the given keyword with the given arguments, if ``condition`` is true.</doc>
<kw name="Log" library="BuiltIn">
<arg>message</arg>
<doc>Logs the given message with the given level.</doc>
<msg timestamp="20240227 23:57:22.948" level="INFO">message</msg>
<status status="PASS" starttime="20240227 23:57:22.948" endtime="20240227 23:57:22.948"/>
</kw>
<status status="PASS" starttime="20240227 23:57:22.947" endtime="20240227 23:57:22.948"/>
</kw>
<kw name="Sleep" library="BuiltIn">
<arg>3s</arg>
<doc>Pauses the test executed for the given time.</doc>
<msg timestamp="20240227 23:57:25.949" level="INFO">Slept 3 seconds</msg>
<status status="PASS" starttime="20240227 23:57:22.948" endtime="20240227 23:57:25.949"/>
</kw>
<status status="PASS" starttime="20240227 23:57:14.324" endtime="20240227 23:57:25.949"/>
</kw>
<kw name="Verify the compare products section in refinement" library="CLP_Page">
<kw name="Page Should Contain Element" library="SeleniumLibrary">
<arg>${CompareHeading_Refinements}</arg>
<doc>Verifies that element ``locator`` is found on the current page.</doc>
<msg timestamp="20240227 23:57:25.966" level="INFO">Current page contains element 'xpath://h3[text()='Compare Products']'.</msg>
<status status="PASS" starttime="20240227 23:57:25.949" endtime="20240227 23:57:25.966"/>
</kw>
<kw name="Click Element" library="SeleniumLibrary">
<arg>${CompareHeading_Refinements}</arg>
<doc>Click the element identified by ``locator``.</doc>
<msg timestamp="20240227 23:57:25.967" level="INFO">Clicking element 'xpath://h3[text()='Compare Products']'.</msg>
<status status="PASS" starttime="20240227 23:57:25.967" endtime="20240227 23:57:26.068"/>
</kw>
<kw name="Click Element" library="SeleniumLibrary">
<arg>${CompareHeading_Refinements}</arg>
<doc>Click the element identified by ``locator``.</doc>
<msg timestamp="20240227 23:57:26.069" level="INFO">Clicking element 'xpath://h3[text()='Compare Products']'.</msg>
<status status="PASS" starttime="20240227 23:57:26.068" endtime="20240227 23:57:26.151"/>
</kw>
<status status="PASS" starttime="20240227 23:57:25.949" endtime="20240227 23:57:26.151"/>
</kw>
<status status="PASS" starttime="20240227 23:57:14.075" endtime="20240227 23:57:26.151"/>
</kw>
<kw name="Sleep" library="BuiltIn">
<arg>2s</arg>
<doc>Pauses the test executed for the given time.</doc>
<msg timestamp="20240227 23:57:28.152" level="INFO">Slept 2 seconds</msg>
<status status="PASS" starttime="20240227 23:57:26.152" endtime="20240227 23:57:28.153"/>
</kw>
<kw name="Click maintanence category in CLP" library="Kion_App">
<kw name="Click maintanence category" library="CLP_Page">
<kw name="Execute Javascript" library="SeleniumLibrary">
<arg>window.scrollTo(500,0)</arg>
<doc>Executes the given JavaScript code with possible arguments.</doc>
<msg timestamp="20240227 23:57:28.160" level="INFO">Executing JavaScript:
window.scrollTo(500,0)
Without any arguments.</msg>
<status status="PASS" starttime="20240227 23:57:28.159" endtime="20240227 23:57:28.200"/>
</kw>
<kw name="Click Element" library="SeleniumLibrary">
<arg>${Maintenance_Link}</arg>
<doc>Click the element identified by ``locator``.</doc>
<msg timestamp="20240227 23:57:28.202" level="INFO">Clicking element 'xpath://h3[text()='Maintenance']'.</msg>
<status status="PASS" starttime="20240227 23:57:28.200" endtime="20240227 23:57:34.783"/>
</kw>
<status status="PASS" starttime="20240227 23:57:28.158" endtime="20240227 23:57:34.785"/>
</kw>
<status status="PASS" starttime="20240227 23:57:28.154" endtime="20240227 23:57:34.785"/>
</kw>
<kw name="Go Home" library="Kion_App">
<kw name="Go Home" library="HomePage">
<kw name="Wait Until Element Is Visible" library="SeleniumLibrary">
<arg>${Header_Logo}</arg>
<doc>Waits until the element ``locator`` is visible.</doc>
<status status="PASS" starttime="20240227 23:57:34.790" endtime="20240227 23:57:34.824"/>
</kw>
<kw name="Click Element" library="SeleniumLibrary">
<arg>${Header_Logo}</arg>
<doc>Click the element identified by ``locator``.</doc>
<msg timestamp="20240227 23:57:34.825" level="INFO">Clicking element '//img[@alt='Logo']'.</msg>
<status status="PASS" starttime="20240227 23:57:34.825" endtime="20240227 23:57:40.659"/>
</kw>
<status status="PASS" starttime="20240227 23:57:34.788" endtime="20240227 23:57:40.659"/>
</kw>
<status status="PASS" starttime="20240227 23:57:34.787" endtime="20240227 23:57:40.659"/>
</kw>
<tag>06</tag>
<tag>hh</tag>
<tag>smoke</tag>
<status status="PASS" starttime="20240227 23:56:52.839" endtime="20240227 23:57:40.660"/>
</test>
<test id="s1-s1-t7" name="To verify by adding the product to the worksheet from the PLP page(Grid View)" line="61">
<kw name="Click linde link in the header" library="Kion_App">
<kw name="Click Linde in Header" library="CLP_Page">
<kw name="Click Element" library="SeleniumLibrary">
<arg>${Lindelink}</arg>
<doc>Click the element identified by ``locator``.</doc>
<msg timestamp="20240227 23:57:40.664" level="INFO">Clicking element 'xpath://a[normalize-space()='Linde']'.</msg>
<status status="PASS" starttime="20240227 23:57:40.663" endtime="20240227 23:58:04.175"/>
</kw>
<status status="PASS" starttime="20240227 23:57:40.663" endtime="20240227 23:58:04.176"/>
</kw>
<status status="PASS" starttime="20240227 23:57:40.662" endtime="20240227 23:58:04.176"/>
</kw>
<kw name="Sleep" library="BuiltIn">
<arg>2s</arg>
<doc>Pauses the test executed for the given time.</doc>
<msg timestamp="20240227 23:58:06.178" level="INFO">Slept 2 seconds</msg>
<status status="PASS" starttime="20240227 23:58:04.177" endtime="20240227 23:58:06.178"/>
</kw>
<kw name="Click maintanence category in CLP" library="Kion_App">
<kw name="Click maintanence category" library="CLP_Page">
<kw name="Execute Javascript" library="SeleniumLibrary">
<arg>window.scrollTo(500,0)</arg>
<doc>Executes the given JavaScript code with possible arguments.</doc>
<msg timestamp="20240227 23:58:06.184" level="INFO">Executing JavaScript:
window.scrollTo(500,0)
Without any arguments.</msg>
<status status="PASS" starttime="20240227 23:58:06.182" endtime="20240227 23:58:06.200"/>
</kw>
<kw name="Click Element" library="SeleniumLibrary">
<arg>${Maintenance_Link}</arg>
<doc>Click the element identified by ``locator``.</doc>
<msg timestamp="20240227 23:58:06.202" level="INFO">Clicking element 'xpath://h3[text()='Maintenance']'.</msg>
<status status="PASS" starttime="20240227 23:58:06.201" endtime="20240227 23:58:11.997"/>
</kw>
<status status="PASS" starttime="20240227 23:58:06.181" endtime="20240227 23:58:11.998"/>
</kw>
<status status="PASS" starttime="20240227 23:58:06.179" endtime="20240227 23:58:11.998"/>
</kw>
<kw name="Navigate to PLP" library="Kion_App">
<kw name="Click Kits link" library="PLP_Page">
<kw name="Click Element" library="SeleniumLibrary">
<arg>${Kits_Link}</arg>
<doc>Click the element identified by ``locator``.</doc>
<msg timestamp="20240227 23:58:12.002" level="INFO">Clicking element 'xpath://h3[normalize-space()='Kits']'.</msg>
<status status="PASS" starttime="20240227 23:58:12.000" endtime="20240227 23:58:20.695"/>
</kw>
<status status="PASS" starttime="20240227 23:58:11.999" endtime="20240227 23:58:20.695"/>
</kw>
<status status="PASS" starttime="20240227 23:58:11.999" endtime="20240227 23:58:20.695"/>
</kw>
<kw name="Sleep" library="BuiltIn">
<arg>2s</arg>
<doc>Pauses the test executed for the given time.</doc>
<msg timestamp="20240227 23:58:22.696" level="INFO">Slept 2 seconds</msg>
<status status="PASS" starttime="20240227 23:58:20.695" endtime="20240227 23:58:22.696"/>
</kw>
<kw name="Select ascending order in sort by in PLP" library="Kion_App">
<kw name="Select ascending order in sort by" library="PLP_Page">
<kw name="Click Element" library="SeleniumLibrary">
<arg>${sortby}</arg>
<doc>Click the element identified by ``locator``.</doc>
<msg timestamp="20240227 23:58:22.702" level="INFO">Clicking element 'xpath://select[@id='SortingAttribute']'.</msg>
<status status="PASS" starttime="20240227 23:58:22.699" endtime="20240227 23:58:22.861"/>
</kw>
<kw name="Click Element" library="SeleniumLibrary">
<arg>${ascendingorder}</arg>
<doc>Click the element identified by ``locator``.</doc>
<msg timestamp="20240227 23:58:22.863" level="INFO">Clicking element 'xpath://option[@value='name-asc']'.</msg>
<status status="PASS" starttime="20240227 23:58:22.862" endtime="20240227 23:58:31.804"/>
</kw>
<status status="PASS" starttime="20240227 23:58:22.698" endtime="20240227 23:58:31.804"/>
</kw>
<status status="PASS" starttime="20240227 23:58:22.697" endtime="20240227 23:58:31.804"/>
</kw>
<kw name="Add a product from PLP" library="Kion_App">
<kw name="Add a product to worksheet" library="PLP_Page">
<kw name="Get Horizontal Position" library="SeleniumLibrary">
<var>${x}</var>
<arg>${Product_Image_01}</arg>
<doc>Returns the horizontal position of the element identified by ``locator``.</doc>
<msg timestamp="20240227 23:58:31.851" level="INFO">${x} = 391</msg>
<status status="PASS" starttime="20240227 23:58:31.808" endtime="20240227 23:58:31.851"/>
</kw>
<kw name="Get Vertical Position" library="SeleniumLibrary">
<var>${y}</var>
<arg>${Product_Image_01}</arg>
<doc>Returns the vertical position of the element identified by ``locator``.</doc>
<msg timestamp="20240227 23:58:31.874" level="INFO">${y} = 441</msg>
<status status="PASS" starttime="20240227 23:58:31.851" endtime="20240227 23:58:31.874"/>
</kw>
<kw name="Execute Javascript" library="SeleniumLibrary">
<arg>window.scrollTo(${x}, ${y})</arg>
<doc>Executes the given JavaScript code with possible arguments.</doc>
<msg timestamp="20240227 23:58:31.875" level="INFO">Executing JavaScript:
window.scrollTo(391, 441)
Without any arguments.</msg>
<status status="PASS" starttime="20240227 23:58:31.874" endtime="20240227 23:58:31.892"/>
</kw>
<kw name="Click Element" library="SeleniumLibrary">
<arg>${Add-to-worksheet-link}</arg>
<doc>Click the element identified by ``locator``.</doc>
<msg timestamp="20240227 23:58:31.893" level="INFO">Clicking element 'xpath://form[contains(@name,'productExpressShopForm_14010086506')]//button[@title='Add to Worksheet'][normalize-space()='+ Add to Worksheet']'.</msg>
<status status="PASS" starttime="20240227 23:58:31.892" endtime="20240227 23:58:32.059"/>
</kw>
<kw name="Page Should Contain Element" library="SeleniumLibrary">
<arg>${Add-to-worksheet-link}</arg>
<doc>Verifies that element ``locator`` is found on the current page.</doc>
<msg timestamp="20240227 23:58:32.075" level="INFO">Current page contains element 'xpath://form[contains(@name,'productExpressShopForm_14010086506')]//button[@title='Add to Worksheet'][normalize-space()='+ Add to Worksheet']'.</msg>
<status status="PASS" starttime="20240227 23:58:32.059" endtime="20240227 23:58:32.075"/>
</kw>
<kw name="Wait Until Element Is Visible" library="SeleniumLibrary">
<arg>${minicart_Close}</arg>
<doc>Waits until the element ``locator`` is visible.</doc>
<status status="PASS" starttime="20240227 23:58:32.075" endtime="20240227 23:58:33.719"/>
</kw>
<kw name="Click Element" library="SeleniumLibrary">
<arg>${minicart_Close}</arg>
<doc>Click the element identified by ``locator``.</doc>
<msg timestamp="20240227 23:58:33.719" level="INFO">Clicking element '//div[@class='block-content']//a[@data-toggle='collapse']'.</msg>
<status status="PASS" starttime="20240227 23:58:33.719" endtime="20240227 23:58:33.806"/>
</kw>
<status status="PASS" starttime="20240227 23:58:31.807" endtime="20240227 23:58:33.806"/>
</kw>
<status status="PASS" starttime="20240227 23:58:31.805" endtime="20240227 23:58:33.806"/>
</kw>
<kw name="Go Home" library="Kion_App">
<kw name="Go Home" library="HomePage">
<kw name="Wait Until Element Is Visible" library="SeleniumLibrary">
<arg>${Header_Logo}</arg>
<doc>Waits until the element ``locator`` is visible.</doc>
<status status="PASS" starttime="20240227 23:58:33.808" endtime="20240227 23:58:33.837"/>
</kw>
<kw name="Click Element" library="SeleniumLibrary">
<arg>${Header_Logo}</arg>
<doc>Click the element identified by ``locator``.</doc>
<msg timestamp="20240227 23:58:33.839" level="INFO">Clicking element '//img[@alt='Logo']'.</msg>
<status status="PASS" starttime="20240227 23:58:33.839" endtime="20240227 23:58:43.281"/>
</kw>
<status status="PASS" starttime="20240227 23:58:33.807" endtime="20240227 23:58:43.281"/>
</kw>
<status status="PASS" starttime="20240227 23:58:33.806" endtime="20240227 23:58:43.281"/>
</kw>
<tag>07</tag>
<tag>Smoke</tag>
<status status="PASS" starttime="20240227 23:57:40.662" endtime="20240227 23:58:43.282"/>
</test>
<test id="s1-s1-t8" name="To verify by adding the product to the worksheet from the product Quick view popup" line="72">
<kw name="Click linde link in the header" library="Kion_App">
<kw name="Click Linde in Header" library="CLP_Page">
<kw name="Click Element" library="SeleniumLibrary">
<arg>${Lindelink}</arg>
<doc>Click the element identified by ``locator``.</doc>
<msg timestamp="20240227 23:58:43.290" level="INFO">Clicking element 'xpath://a[normalize-space()='Linde']'.</msg>
<status status="PASS" starttime="20240227 23:58:43.289" endtime="20240227 23:59:02.833"/>
</kw>
<status status="PASS" starttime="20240227 23:58:43.288" endtime="20240227 23:59:02.834"/>
</kw>
<status status="PASS" starttime="20240227 23:58:43.287" endtime="20240227 23:59:02.834"/>
</kw>
<kw name="Sleep" library="BuiltIn">
<arg>2s</arg>
<doc>Pauses the test executed for the given time.</doc>
<msg timestamp="20240227 23:59:04.839" level="INFO">Slept 2 seconds</msg>
<status status="PASS" starttime="20240227 23:59:02.837" endtime="20240227 23:59:04.839"/>
</kw>
<kw name="Click maintanence category in CLP" library="Kion_App">
<kw name="Click maintanence category" library="CLP_Page">
<kw name="Execute Javascript" library="SeleniumLibrary">
<arg>window.scrollTo(500,0)</arg>
<doc>Executes the given JavaScript code with possible arguments.</doc>
<msg timestamp="20240227 23:59:04.845" level="INFO">Executing JavaScript:
window.scrollTo(500,0)
Without any arguments.</msg>
<status status="PASS" starttime="20240227 23:59:04.844" endtime="20240227 23:59:04.864"/>
</kw>
<kw name="Click Element" library="SeleniumLibrary">
<arg>${Maintenance_Link}</arg>
<doc>Click the element identified by ``locator``.</doc>
<msg timestamp="20240227 23:59:04.865" level="INFO">Clicking element 'xpath://h3[text()='Maintenance']'.</msg>
<status status="PASS" starttime="20240227 23:59:04.864" endtime="20240227 23:59:10.702"/>
</kw>
<status status="PASS" starttime="20240227 23:59:04.843" endtime="20240227 23:59:10.702"/>
</kw>
<status status="PASS" starttime="20240227 23:59:04.841" endtime="20240227 23:59:10.703"/>
</kw>
<kw name="Navigate to PLP" library="Kion_App">
<kw name="Click Kits link" library="PLP_Page">
<kw name="Click Element" library="SeleniumLibrary">
<arg>${Kits_Link}</arg>
<doc>Click the element identified by ``locator``.</doc>
<msg timestamp="20240227 23:59:10.705" level="INFO">Clicking element 'xpath://h3[normalize-space()='Kits']'.</msg>
<status status="PASS" starttime="20240227 23:59:10.704" endtime="20240227 23:59:16.554"/>
</kw>
<status status="PASS" starttime="20240227 23:59:10.704" endtime="20240227 23:59:16.555"/>
</kw>
<status status="PASS" starttime="20240227 23:59:10.703" endtime="20240227 23:59:16.555"/>
</kw>
<kw name="Sleep" library="BuiltIn">
<arg>2s</arg>
<doc>Pauses the test executed for the given time.</doc>
<msg timestamp="20240227 23:59:18.557" level="INFO">Slept 2 seconds</msg>
<status status="PASS" starttime="20240227 23:59:16.556" endtime="20240227 23:59:18.557"/>
</kw>
<kw name="Select ascending order in sort by in PLP" library="Kion_App">
<kw name="Select ascending order in sort by" library="PLP_Page">
<kw name="Click Element" library="SeleniumLibrary">
<arg>${sortby}</arg>
<doc>Click the element identified by ``locator``.</doc>
<msg timestamp="20240227 23:59:18.559" level="INFO">Clicking element 'xpath://select[@id='SortingAttribute']'.</msg>
<status status="PASS" starttime="20240227 23:59:18.558" endtime="20240227 23:59:18.676"/>
</kw>
<kw name="Click Element" library="SeleniumLibrary">
<arg>${ascendingorder}</arg>
<doc>Click the element identified by ``locator``.</doc>
<msg timestamp="20240227 23:59:18.677" level="INFO">Clicking element 'xpath://option[@value='name-asc']'.</msg>
<status status="PASS" starttime="20240227 23:59:18.676" endtime="20240227 23:59:25.567"/>
</kw>
<status status="PASS" starttime="20240227 23:59:18.558" endtime="20240227 23:59:25.567"/>
</kw>
<status status="PASS" starttime="20240227 23:59:18.558" endtime="20240227 23:59:25.567"/>
</kw>
<kw name="Click addtoworksheet Button in Quick view" library="Kion_App">
<kw name="Click the quick view button" library="PLP_Page">
<kw name="Mouse Over" library="SeleniumLibrary">
<arg>${Product_Image_02}</arg>
<doc>Simulates hovering the mouse over the element ``locator``.</doc>
<msg timestamp="20240227 23:59:25.599" level="INFO">Simulating Mouse Over on element 'xpath://span[@class='plp-img1']//img[@title='3000 HR maintenance package 396-03']'.</msg>
<status status="PASS" starttime="20240227 23:59:25.598" endtime="20240227 23:59:25.931"/>
</kw>
<kw name="Click Element" library="SeleniumLibrary">
<arg>${PLP_QuickView}</arg>
<doc>Click the element identified by ``locator``.</doc>
<msg timestamp="20240227 23:59:25.931" level="INFO">Clicking element 'xpath://body/div[@class='wrapper static-wrap-hgt']/div[@role='main']/div[@class='content-wrapper']/div[@id='family-page']/div[@id='place-holder']/div[@id='plp-products-block']/div[@class='product-list plp-list-view plp-product-list row']/div[3]/div[1]/div[1]/div[1]'.</msg>
<status status="PASS" starttime="20240227 23:59:25.931" endtime="20240227 23:59:26.049"/>
</kw>
<status status="PASS" starttime="20240227 23:59:25.598" endtime="20240227 23:59:26.049"/>
</kw>
<kw name="click the Quick view add to worksheet button" library="PLP_Page">
<kw name="Click Button" library="SeleniumLibrary">
<arg>${QuickView_AddtoWorksheet}</arg>
<doc>Clicks the button identified by ``locator``.</doc>
<msg timestamp="20240227 23:59:26.050" level="INFO">Clicking button 'name:addProductToWorkSheet'.</msg>
<status status="PASS" starttime="20240227 23:59:26.050" endtime="20240227 23:59:26.307"/>
</kw>
<kw name="Wait Until Element Is Visible" library="SeleniumLibrary">
<arg>${minicart_Close}</arg>
<doc>Waits until the element ``locator`` is visible.</doc>
<msg timestamp="20240227 23:59:27.341" level="INFO">Suppressing StaleElementReferenceException from Selenium.</msg>
<status status="PASS" starttime="20240227 23:59:26.307" endtime="20240227 23:59:27.804"/>
</kw>
<kw name="Click Element" library="SeleniumLibrary">
<arg>${minicart_Close}</arg>
<doc>Click the element identified by ``locator``.</doc>
<msg timestamp="20240227 23:59:27.805" level="INFO">Clicking element '//div[@class='block-content']//a[@data-toggle='collapse']'.</msg>
<status status="PASS" starttime="20240227 23:59:27.805" endtime="20240227 23:59:27.906"/>
</kw>
<status status="PASS" starttime="20240227 23:59:26.050" endtime="20240227 23:59:27.906"/>
</kw>
<status status="PASS" starttime="20240227 23:59:25.597" endtime="20240227 23:59:27.907"/>
</kw>
<kw name="Go Home" library="Kion_App">
<kw name="Go Home" library="HomePage">
<kw name="Wait Until Element Is Visible" library="SeleniumLibrary">
<arg>${Header_Logo}</arg>
<doc>Waits until the element ``locator`` is visible.</doc>
<status status="PASS" starttime="20240227 23:59:27.909" endtime="20240227 23:59:27.945"/>
</kw>
<kw name="Click Element" library="SeleniumLibrary">
<arg>${Header_Logo}</arg>
<doc>Click the element identified by ``locator``.</doc>
<msg timestamp="20240227 23:59:27.946" level="INFO">Clicking element '//img[@alt='Logo']'.</msg>
<status status="PASS" starttime="20240227 23:59:27.945" endtime="20240227 23:59:33.002"/>
</kw>
<status status="PASS" starttime="20240227 23:59:27.909" endtime="20240227 23:59:33.002"/>
</kw>
<status status="PASS" starttime="20240227 23:59:27.908" endtime="20240227 23:59:33.002"/>
</kw>
<tag>08</tag>
<tag>Smoke</tag>
<status status="PASS" starttime="20240227 23:58:43.285" endtime="20240227 23:59:33.003"/>
</test>
<test id="s1-s1-t9" name="To verify the Refinements &amp; Contents in the Product List Page, as Login user." line="83">
<kw name="Click linde link in the header" library="Kion_App">
<kw name="Click Linde in Header" library="CLP_Page">
<kw name="Click Element" library="SeleniumLibrary">
<arg>${Lindelink}</arg>
<doc>Click the element identified by ``locator``.</doc>
<msg timestamp="20240227 23:59:33.010" level="INFO">Clicking element 'xpath://a[normalize-space()='Linde']'.</msg>
<status status="PASS" starttime="20240227 23:59:33.009" endtime="20240227 23:59:51.241"/>
</kw>
<status status="PASS" starttime="20240227 23:59:33.009" endtime="20240227 23:59:51.241"/>
</kw>
<status status="PASS" starttime="20240227 23:59:33.008" endtime="20240227 23:59:51.241"/>
</kw>
<kw name="Sleep" library="BuiltIn">
<arg>2s</arg>
<doc>Pauses the test executed for the given time.</doc>
<msg timestamp="20240227 23:59:53.243" level="INFO">Slept 2 seconds</msg>
<status status="PASS" starttime="20240227 23:59:51.242" endtime="20240227 23:59:53.243"/>
</kw>
<kw name="Click maintanence category in CLP" library="Kion_App">
<kw name="Click maintanence category" library="CLP_Page">
<kw name="Execute Javascript" library="SeleniumLibrary">
<arg>window.scrollTo(500,0)</arg>
<doc>Executes the given JavaScript code with possible arguments.</doc>
<msg timestamp="20240227 23:59:53.245" level="INFO">Executing JavaScript:
window.scrollTo(500,0)
Without any arguments.</msg>
<status status="PASS" starttime="20240227 23:59:53.245" endtime="20240227 23:59:53.253"/>
</kw>
<kw name="Click Element" library="SeleniumLibrary">
<arg>${Maintenance_Link}</arg>
<doc>Click the element identified by ``locator``.</doc>
<msg timestamp="20240227 23:59:53.254" level="INFO">Clicking element 'xpath://h3[text()='Maintenance']'.</msg>
<status status="PASS" starttime="20240227 23:59:53.253" endtime="20240227 23:59:58.810"/>
</kw>
<status status="PASS" starttime="20240227 23:59:53.244" endtime="20240227 23:59:58.810"/>
</kw>
<status status="PASS" starttime="20240227 23:59:53.244" endtime="20240227 23:59:58.810"/>
</kw>
<kw name="Navigate to PLP" library="Kion_App">
<kw name="Click Kits link" library="PLP_Page">
<kw name="Click Element" library="SeleniumLibrary">
<arg>${Kits_Link}</arg>
<doc>Click the element identified by ``locator``.</doc>
<msg timestamp="20240227 23:59:58.818" level="INFO">Clicking element 'xpath://h3[normalize-space()='Kits']'.</msg>
<status status="PASS" starttime="20240227 23:59:58.817" endtime="20240228 00:00:04.963"/>
</kw>
<status status="PASS" starttime="20240227 23:59:58.817" endtime="20240228 00:00:04.963"/>
</kw>
<status status="PASS" starttime="20240227 23:59:58.816" endtime="20240228 00:00:04.963"/>
</kw>
<kw name="Sleep" library="BuiltIn">
<arg>2s</arg>
<doc>Pauses the test executed for the given time.</doc>
<msg timestamp="20240228 00:00:06.964" level="INFO">Slept 2 seconds</msg>
<status status="PASS" starttime="20240228 00:00:04.964" endtime="20240228 00:00:06.964"/>
</kw>
<kw name="Verfiy the refinement section is displaying or not" library="Kion_App">
<kw name="Verify the refinement section" library="PLP_Page">
<kw name="Page Should Contain Element" library="SeleniumLibrary">
<arg>${RefinementsSection}</arg>
<doc>Verifies that element ``locator`` is found on the current page.</doc>
<msg timestamp="20240228 00:00:07.012" level="INFO">Current page contains element 'id:filter-accordion'.</msg>
<status status="PASS" starttime="20240228 00:00:06.969" endtime="20240228 00:00:07.012"/>
</kw>
<kw name="Page Should Contain Element" library="SeleniumLibrary">
<arg>${comparesection}</arg>
<doc>Verifies that element ``locator`` is found on the current page.</doc>
<msg timestamp="20240228 00:00:07.036" level="INFO">Current page contains element '//h3[normalize-space()='Compare Products']'.</msg>
<status status="PASS" starttime="20240228 00:00:07.013" endtime="20240228 00:00:07.037"/>
</kw>
<kw name="Click Element" library="SeleniumLibrary">
<arg>${comparesection}</arg>
<doc>Click the element identified by ``locator``.</doc>
<msg timestamp="20240228 00:00:07.039" level="INFO">Clicking element '//h3[normalize-space()='Compare Products']'.</msg>
<status status="PASS" starttime="20240228 00:00:07.037" endtime="20240228 00:00:07.223"/>
</kw>
<kw name="Click Element" library="SeleniumLibrary">
<arg>${comparesection}</arg>
<doc>Click the element identified by ``locator``.</doc>
<msg timestamp="20240228 00:00:07.226" level="INFO">Clicking element '//h3[normalize-space()='Compare Products']'.</msg>
<status status="PASS" starttime="20240228 00:00:07.225" endtime="20240228 00:00:07.301"/>
</kw>
<kw name="Page Should Contain Element" library="SeleniumLibrary">
<arg>${OrderTemplateSection}</arg>
<doc>Verifies that element ``locator`` is found on the current page.</doc>
<msg timestamp="20240228 00:00:07.312" level="INFO">Current page contains element '//h3[normalize-space()='Compare Products']'.</msg>
<status status="PASS" starttime="20240228 00:00:07.301" endtime="20240228 00:00:07.312"/>
</kw>
<kw name="Click Element" library="SeleniumLibrary">
<arg>${OrderTemplateSection}</arg>
<doc>Click the element identified by ``locator``.</doc>
<msg timestamp="20240228 00:00:07.313" level="INFO">Clicking element '//h3[normalize-space()='Compare Products']'.</msg>
<status status="PASS" starttime="20240228 00:00:07.312" endtime="20240228 00:00:07.382"/>
</kw>
<kw name="Click Element" library="SeleniumLibrary">
<arg>${OrderTemplateSection}</arg>
<doc>Click the element identified by ``locator``.</doc>
<msg timestamp="20240228 00:00:07.382" level="INFO">Clicking element '//h3[normalize-space()='Compare Products']'.</msg>
<status status="PASS" starttime="20240228 00:00:07.382" endtime="20240228 00:00:07.451"/>
</kw>
<status status="PASS" starttime="20240228 00:00:06.968" endtime="20240228 00:00:07.451"/>
</kw>
<status status="PASS" starttime="20240228 00:00:06.967" endtime="20240228 00:00:07.451"/>
</kw>
<kw name="Go Home" library="Kion_App">
<kw name="Go Home" library="HomePage">
<kw name="Wait Until Element Is Visible" library="SeleniumLibrary">
<arg>${Header_Logo}</arg>
<doc>Waits until the element ``locator`` is visible.</doc>
<status status="PASS" starttime="20240228 00:00:07.453" endtime="20240228 00:00:07.483"/>
</kw>
<kw name="Click Element" library="SeleniumLibrary">
<arg>${Header_Logo}</arg>
<doc>Click the element identified by ``locator``.</doc>
<msg timestamp="20240228 00:00:07.485" level="INFO">Clicking element '//img[@alt='Logo']'.</msg>
<status status="PASS" starttime="20240228 00:00:07.484" endtime="20240228 00:00:12.284"/>
</kw>
<status status="PASS" starttime="20240228 00:00:07.452" endtime="20240228 00:00:12.284"/>
</kw>
<status status="PASS" starttime="20240228 00:00:07.451" endtime="20240228 00:00:12.285"/>
</kw>
<tag>09</tag>
<tag>Smoke</tag>
<status status="PASS" starttime="20240227 23:59:33.007" endtime="20240228 00:00:12.286"/>
</test>
<test id="s1-s1-t10" name="To verify by adding the product to the worksheet from the PLP page(List View)" line="93">
<kw name="Click linde link in the header" library="Kion_App">
<kw name="Click Linde in Header" library="CLP_Page">
<kw name="Click Element" library="SeleniumLibrary">
<arg>${Lindelink}</arg>
<doc>Click the element identified by ``locator``.</doc>
<msg timestamp="20240228 00:00:12.291" level="INFO">Clicking element 'xpath://a[normalize-space()='Linde']'.</msg>
<status status="PASS" starttime="20240228 00:00:12.290" endtime="20240228 00:00:32.243"/>
</kw>
<status status="PASS" starttime="20240228 00:00:12.290" endtime="20240228 00:00:32.243"/>
</kw>
<status status="PASS" starttime="20240228 00:00:12.290" endtime="20240228 00:00:32.243"/>
</kw>
<kw name="Sleep" library="BuiltIn">
<arg>2s</arg>
<doc>Pauses the test executed for the given time.</doc>
<msg timestamp="20240228 00:00:34.246" level="INFO">Slept 2 seconds</msg>
<status status="PASS" starttime="20240228 00:00:32.244" endtime="20240228 00:00:34.246"/>
</kw>
<kw name="Click maintanence category in CLP" library="Kion_App">
<kw name="Click maintanence category" library="CLP_Page">
<kw name="Execute Javascript" library="SeleniumLibrary">
<arg>window.scrollTo(500,0)</arg>
<doc>Executes the given JavaScript code with possible arguments.</doc>
<msg timestamp="20240228 00:00:34.249" level="INFO">Executing JavaScript:
window.scrollTo(500,0)
Without any arguments.</msg>
<status status="PASS" starttime="20240228 00:00:34.248" endtime="20240228 00:00:34.261"/>
</kw>
<kw name="Click Element" library="SeleniumLibrary">
<arg>${Maintenance_Link}</arg>
<doc>Click the element identified by ``locator``.</doc>
<msg timestamp="20240228 00:00:34.262" level="INFO">Clicking element 'xpath://h3[text()='Maintenance']'.</msg>
<status status="PASS" starttime="20240228 00:00:34.261" endtime="20240228 00:00:39.766"/>
</kw>
<status status="PASS" starttime="20240228 00:00:34.248" endtime="20240228 00:00:39.766"/>
</kw>
<status status="PASS" starttime="20240228 00:00:34.247" endtime="20240228 00:00:39.766"/>
</kw>
<kw name="Navigate to PLP" library="Kion_App">
<kw name="Click Kits link" library="PLP_Page">
<kw name="Click Element" library="SeleniumLibrary">
<arg>${Kits_Link}</arg>
<doc>Click the element identified by ``locator``.</doc>
<msg timestamp="20240228 00:00:39.773" level="INFO">Clicking element 'xpath://h3[normalize-space()='Kits']'.</msg>
<status status="PASS" starttime="20240228 00:00:39.772" endtime="20240228 00:00:45.269"/>
</kw>
<status status="PASS" starttime="20240228 00:00:39.771" endtime="20240228 00:00:45.269"/>
</kw>
<status status="PASS" starttime="20240228 00:00:39.768" endtime="20240228 00:00:45.269"/>
</kw>
<kw name="Swith PLP grid view to list view" library="Kion_App">
<kw name="click list view icon" library="PLP_Page">
<kw name="Click Element" library="SeleniumLibrary">
<arg>${ListViewButton}</arg>
<doc>Click the element identified by ``locator``.</doc>
<msg timestamp="20240228 00:00:45.271" level="INFO">Clicking element '//span[@class='glyphicon glyphicon-list']'.</msg>
<status status="PASS" starttime="20240228 00:00:45.271" endtime="20240228 00:00:53.028"/>
</kw>
<status status="PASS" starttime="20240228 00:00:45.270" endtime="20240228 00:00:53.030"/>
</kw>
<status status="PASS" starttime="20240228 00:00:45.270" endtime="20240228 00:00:53.030"/>
</kw>
<kw name="Select ascending order in sort by in PLP" library="Kion_App">
<kw name="Select ascending order in sort by" library="PLP_Page">
<kw name="Click Element" library="SeleniumLibrary">
<arg>${sortby}</arg>
<doc>Click the element identified by ``locator``.</doc>
<msg timestamp="20240228 00:00:53.032" level="INFO">Clicking element 'xpath://select[@id='SortingAttribute']'.</msg>
<status status="PASS" starttime="20240228 00:00:53.031" endtime="20240228 00:00:53.163"/>
</kw>
<kw name="Click Element" library="SeleniumLibrary">
<arg>${ascendingorder}</arg>
<doc>Click the element identified by ``locator``.</doc>
<msg timestamp="20240228 00:00:53.164" level="INFO">Clicking element 'xpath://option[@value='name-asc']'.</msg>
<status status="PASS" starttime="20240228 00:00:53.164" endtime="20240228 00:01:00.349"/>
</kw>
<status status="PASS" starttime="20240228 00:00:53.031" endtime="20240228 00:01:00.349"/>
</kw>
<status status="PASS" starttime="20240228 00:00:53.031" endtime="20240228 00:01:00.349"/>
</kw>
<kw name="Click PLP list view add to worksheet Button" library="Kion_App">
<kw name="click add worksheet button in list view" library="PLP_Page">
<kw name="Click Element" library="SeleniumLibrary">
<arg>${ListViewAddtoWorksheetButton}</arg>
<doc>Click the element identified by ``locator``.</doc>
<msg timestamp="20240228 00:01:00.353" level="INFO">Clicking element '//form[contains(@name,'productExpressShopForm_L0009381501')]//button[contains(@title,'Add to Worksheet')][normalize-space()='+ Add to Worksheet']'.</msg>
<status status="PASS" starttime="20240228 00:01:00.351" endtime="20240228 00:01:00.553"/>
</kw>
<kw name="Sleep" library="BuiltIn">
<arg>3s</arg>
<doc>Pauses the test executed for the given time.</doc>
<msg timestamp="20240228 00:01:03.556" level="INFO">Slept 3 seconds</msg>
<status status="PASS" starttime="20240228 00:01:00.554" endtime="20240228 00:01:03.556"/>
</kw>
<kw name="Click Element" library="SeleniumLibrary">
<arg>${minicart_Close}</arg>
<doc>Click the element identified by ``locator``.</doc>
<msg timestamp="20240228 00:01:03.556" level="INFO">Clicking element '//div[@class='block-content']//a[@data-toggle='collapse']'.</msg>
<status status="PASS" starttime="20240228 00:01:03.556" endtime="20240228 00:01:03.650"/>
</kw>
<status status="PASS" starttime="20240228 00:01:00.351" endtime="20240228 00:01:03.650"/>
</kw>
<status status="PASS" starttime="20240228 00:01:00.350" endtime="20240228 00:01:03.650"/>
</kw>
<kw name="Swith PLP list view to grid view" library="Kion_App">
<kw name="click gridview icon" library="PLP_Page">
<kw name="Execute Javascript" library="SeleniumLibrary">
<arg>window.scrollTo(500,0)</arg>
<doc>Executes the given JavaScript code with possible arguments.</doc>
<msg timestamp="20240228 00:01:03.654" level="INFO">Executing JavaScript:
window.scrollTo(500,0)
Without any arguments.</msg>
<status status="PASS" starttime="20240228 00:01:03.653" endtime="20240228 00:01:03.663"/>
</kw>
<kw name="Click Element" library="SeleniumLibrary">
<arg>${GridViewButton}</arg>
<doc>Click the element identified by ``locator``.</doc>
<msg timestamp="20240228 00:01:03.666" level="INFO">Clicking element '//span[@class='glyphicon glyphicon-th']'.</msg>
<status status="PASS" starttime="20240228 00:01:03.664" endtime="20240228 00:01:10.044"/>
</kw>
<status status="PASS" starttime="20240228 00:01:03.652" endtime="20240228 00:01:10.044"/>
</kw>
<status status="PASS" starttime="20240228 00:01:03.652" endtime="20240228 00:01:10.044"/>
</kw>
<kw name="Go Home" library="Kion_App">
<kw name="Go Home" library="HomePage">
<kw name="Wait Until Element Is Visible" library="SeleniumLibrary">
<arg>${Header_Logo}</arg>
<doc>Waits until the element ``locator`` is visible.</doc>
<status status="PASS" starttime="20240228 00:01:10.047" endtime="20240228 00:01:10.087"/>
</kw>
<kw name="Click Element" library="SeleniumLibrary">
<arg>${Header_Logo}</arg>
<doc>Click the element identified by ``locator``.</doc>
<msg timestamp="20240228 00:01:10.088" level="INFO">Clicking element '//img[@alt='Logo']'.</msg>
<status status="PASS" starttime="20240228 00:01:10.087" endtime="20240228 00:01:13.443"/>
</kw>
<status status="PASS" starttime="20240228 00:01:10.046" endtime="20240228 00:01:13.443"/>
</kw>
<status status="PASS" starttime="20240228 00:01:10.046" endtime="20240228 00:01:13.443"/>
</kw>
<tag>10</tag>
<tag>Smoke</tag>
<status status="PASS" starttime="20240228 00:00:12.289" endtime="20240228 00:01:13.444"/>
</test>
<test id="s1-s1-t11" name="To verify the product search using header search box" line="104">
<kw name="Search the valid product" library="Kion_App">
<kw name="Search the product" library="Search">
<kw name="Sleep" library="BuiltIn">
<arg>5s</arg>
<doc>Pauses the test executed for the given time.</doc>
<msg timestamp="20240228 00:01:18.447" level="INFO">Slept 5 seconds</msg>
<status status="PASS" starttime="20240228 00:01:13.446" endtime="20240228 00:01:18.447"/>
</kw>
<kw name="Click Element" library="SeleniumLibrary">
<arg>${Search_Icon}</arg>
<doc>Click the element identified by ``locator``.</doc>
<msg timestamp="20240228 00:01:18.449" level="INFO">Clicking element '//a[@class='hidden-xs']//i[@class='icon-search']'.</msg>
<status status="PASS" starttime="20240228 00:01:18.448" endtime="20240228 00:01:18.574"/>
</kw>
<kw name="Sleep" library="BuiltIn">
<arg>2s</arg>
<doc>Pauses the test executed for the given time.</doc>
<msg timestamp="20240228 00:01:20.575" level="INFO">Slept 2 seconds</msg>
<status status="PASS" starttime="20240228 00:01:18.575" endtime="20240228 00:01:20.575"/>
</kw>
<kw name="Input Text" library="SeleniumLibrary">
<arg>${Searbox}</arg>
<arg>${SearchTerm_Product}</arg>
<doc>Types the given ``text`` into the text field identified by ``locator``.</doc>
<msg timestamp="20240228 00:01:20.577" level="INFO">Typing text '146008' into text field '//div[@id='header-searchbox']//input[@placeholder='Enter keywords to search...']'.</msg>
<status status="PASS" starttime="20240228 00:01:20.576" endtime="20240228 00:01:20.732"/>
</kw>
<kw name="Click Element" library="SeleniumLibrary">
<arg>${Searchbox_SearchIcon}</arg>
<doc>Click the element identified by ``locator``.</doc>
<msg timestamp="20240228 00:01:20.733" level="INFO">Clicking element '//div[@id='header-searchbox']//i[@class='icon-search']'.</msg>
[...]
	(No symbol) [0x00007FF6198A120A]
	(No symbol) [0x00007FF6198CF270]
	(No symbol) [0x00007FF6198EBDA3]
	(No symbol) [0x00007FF6198CEE03]
	(No symbol) [0x00007FF61989F4D4]
	(No symbol) [0x00007FF6198A05F1]
	GetHandleVerifier [0x00007FF619DC9B9D+3730157]
	GetHandleVerifier [0x00007FF619E1F02D+4079485]
	GetHandleVerifier [0x00007FF619E175D3+4048163]
	GetHandleVerifier [0x00007FF619AEA649+718233]
	(No symbol) [0x00007FF6199C4A3F]
	(No symbol) [0x00007FF6199BFA94]
	(No symbol) [0x00007FF6199BFBC2]
	(No symbol) [0x00007FF6199AF2E4]
	BaseThreadInitThunk [0x00007FFAE5F17344+20]
	RtlUserThreadStart [0x00007FFAE6D026B1+33]
</status>
</test>
<test id="s1-s1-t78" name="To verify the freight claim page navigations and submitting Freight claim in the warranty management page" line="489">
<kw name="verify the Frieght claim pages and submit the Frieght claim" library="Kion_App">
<kw name="go to My Account Overview" library="MyAccount">
<kw name="Wait Until Element Is Visible" library="SeleniumLibrary">
<arg>${MyAccountLink}</arg>
<doc>Waits until the element ``locator`` is visible.</doc>
<status status="PASS" starttime="20240228 00:18:55.145" endtime="20240228 00:18:55.165"/>
</kw>
<kw name="Click Element" library="SeleniumLibrary">
<arg>${MyAccountLink}</arg>
<doc>Click the element identified by ``locator``.</doc>
<msg timestamp="20240228 00:18:55.166" level="INFO">Clicking element '//i[@class='icon-users']'.</msg>
<msg timestamp="20240228 00:18:56.373" level="INFO" html="true">&lt;/td&gt;&lt;/tr&gt;&lt;tr&gt;&lt;td colspan="3"&gt;&lt;a href="selenium-screenshot-672.png"&gt;&lt;img src="selenium-screenshot-672.png" width="800px"&gt;&lt;/a&gt;</msg>
<msg timestamp="20240228 00:18:56.373" level="FAIL">ElementClickInterceptedException: Message: element click intercepted: Element &lt;i class="icon-users"&gt;&lt;/i&gt; is not clickable at point (980, 121). Other element would receive the click: &lt;div class="modal fade in" role="dialog" aria-labelledby="modalLabel-9688" aria-hidden="true" style="display: block; padding-right: 17px;"&gt;...&lt;/div&gt;
  (Session info: chrome=121.0.6167.189)
Stacktrace:
	GetHandleVerifier [0x00007FF619D97012+3522402]
	(No symbol) [0x00007FF6199B8352]
	(No symbol) [0x00007FF619865ABB]
	(No symbol) [0x00007FF6198B3390]
	(No symbol) [0x00007FF6198B10D2]
	(No symbol) [0x00007FF6198AE834]
	(No symbol) [0x00007FF6198AD569]
	(No symbol) [0x00007FF6198A1910]
	(No symbol) [0x00007FF6198CF05A]
	(No symbol) [0x00007FF6198A120A]
	(No symbol) [0x00007FF6198CF270]
	(No symbol) [0x00007FF6198EBDA3]
	(No symbol) [0x00007FF6198CEE03]
	(No symbol) [0x00007FF61989F4D4]
	(No symbol) [0x00007FF6198A05F1]
	GetHandleVerifier [0x00007FF619DC9B9D+3730157]
	GetHandleVerifier [0x00007FF619E1F02D+4079485]
	GetHandleVerifier [0x00007FF619E175D3+4048163]
	GetHandleVerifier [0x00007FF619AEA649+718233]
	(No symbol) [0x00007FF6199C4A3F]
	(No symbol) [0x00007FF6199BFA94]
	(No symbol) [0x00007FF6199BFBC2]
	(No symbol) [0x00007FF6199AF2E4]
	BaseThreadInitThunk [0x00007FFAE5F17344+20]
	RtlUserThreadStart [0x00007FFAE6D026B1+33]
</msg>
<status status="FAIL" starttime="20240228 00:18:55.165" endtime="20240228 00:18:56.374"/>
</kw>
<kw name="Wait Until Page Contains" library="SeleniumLibrary">
<arg>${MyAccount_Overview_PageHeading}</arg>
<doc>Waits until ``text`` appears on the current page.</doc>
<status status="NOT RUN" starttime="20240228 00:18:56.374" endtime="20240228 00:18:56.374"/>
</kw>
<kw name="Page Should Contain" library="SeleniumLibrary">
<arg>${MyAccount_Overview_PageHeading}</arg>
<doc>Verifies that current page contains ``text``.</doc>
<status status="NOT RUN" starttime="20240228 00:18:56.374" endtime="20240228 00:18:56.374"/>
</kw>
<status status="FAIL" starttime="20240228 00:18:55.145" endtime="20240228 00:18:56.375"/>
</kw>
<kw name="go to warranty page" library="MyAccount">
<status status="NOT RUN" starttime="20240228 00:18:56.375" endtime="20240228 00:18:56.375"/>
</kw>
<kw name="Submit the Freight Claim" library="WarrantyManagement">
<status status="NOT RUN" starttime="20240228 00:18:56.375" endtime="20240228 00:18:56.375"/>
</kw>
<status status="FAIL" starttime="20240228 00:18:55.144" endtime="20240228 00:18:56.375"/>
</kw>
<kw name="Go Home" library="Kion_App">
<status status="NOT RUN" starttime="20240228 00:18:56.375" endtime="20240228 00:18:56.375"/>
</kw>
<tag>79</tag>
<tag>EEE</tag>
<tag>Smoke</tag>
<status status="FAIL" starttime="20240228 00:18:55.143" endtime="20240228 00:18:56.376">ElementClickInterceptedException: Message: element click intercepted: Element &lt;i class="icon-users"&gt;&lt;/i&gt; is not clickable at point (980, 121). Other element would receive the click: &lt;div class="modal fade in" role="dialog" aria-labelledby="modalLabel-9688" aria-hidden="true" style="display: block; padding-right: 17px;"&gt;...&lt;/div&gt;
  (Session info: chrome=121.0.6167.189)
Stacktrace:
	GetHandleVerifier [0x00007FF619D97012+3522402]
	(No symbol) [0x00007FF6199B8352]
	(No symbol) [0x00007FF619865ABB]
	(No symbol) [0x00007FF6198B3390]
	(No symbol) [0x00007FF6198B10D2]
	(No symbol) [0x00007FF6198AE834]
	(No symbol) [0x00007FF6198AD569]
	(No symbol) [0x00007FF6198A1910]
	(No symbol) [0x00007FF6198CF05A]
	(No symbol) [0x00007FF6198A120A]
	(No symbol) [0x00007FF6198CF270]
	(No symbol) [0x00007FF6198EBDA3]
	(No symbol) [0x00007FF6198CEE03]
	(No symbol) [0x00007FF61989F4D4]
	(No symbol) [0x00007FF6198A05F1]
	GetHandleVerifier [0x00007FF619DC9B9D+3730157]
	GetHandleVerifier [0x00007FF619E1F02D+4079485]
	GetHandleVerifier [0x00007FF619E175D3+4048163]
	GetHandleVerifier [0x00007FF619AEA649+718233]
	(No symbol) [0x00007FF6199C4A3F]
	(No symbol) [0x00007FF6199BFA94]
	(No symbol) [0x00007FF6199BFBC2]
	(No symbol) [0x00007FF6199AF2E4]
	BaseThreadInitThunk [0x00007FFAE5F17344+20]
	RtlUserThreadStart [0x00007FFAE6D026B1+33]
</status>
</test>
<test id="s1-s1-t79" name="Verify the Search Trucks button by entering valid value in Truck transfer- Truck Search page." line="494">
<kw name="Switch the sunbelt dealer" library="Kion_App">
<kw name="click dealer dropdown" library="LoginPage">
<kw name="Wait Until Element Is Visible" library="SeleniumLibrary">
<arg>${SalesRep_PopUp}</arg>
<doc>Waits until the element ``locator`` is visible.</doc>
<status status="PASS" starttime="20240228 00:18:56.382" endtime="20240228 00:18:56.409"/>
</kw>
<kw name="Click Element" library="SeleniumLibrary">
<arg>${SalesRep_PopUp}</arg>
<doc>Click the element identified by ``locator``.</doc>
<msg timestamp="20240228 00:18:56.409" level="INFO">Clicking element '//div[@class='top-bar-inner container']//select[@class='customer-dropdown']'.</msg>
<msg timestamp="20240228 00:18:57.791" level="INFO" html="true">&lt;/td&gt;&lt;/tr&gt;&lt;tr&gt;&lt;td colspan="3"&gt;&lt;a href="selenium-screenshot-673.png"&gt;&lt;img src="selenium-screenshot-673.png" width="800px"&gt;&lt;/a&gt;</msg>
<msg timestamp="20240228 00:18:57.792" level="FAIL">ElementClickInterceptedException: Message: element click intercepted: Element &lt;select class="customer-dropdown"&gt;...&lt;/select&gt; is not clickable at point (1107, 23). Other element would receive the click: &lt;div class="modal fade in" role="dialog" aria-labelledby="modalLabel-9688" aria-hidden="true" style="display: block; padding-right: 17px;"&gt;...&lt;/div&gt;
  (Session info: chrome=121.0.6167.189)
Stacktrace:
	GetHandleVerifier [0x00007FF619D97012+3522402]
	(No symbol) [0x00007FF6199B8352]
	(No symbol) [0x00007FF619865ABB]
	(No symbol) [0x00007FF6198B3390]
	(No symbol) [0x00007FF6198B10D2]
	(No symbol) [0x00007FF6198AE834]
	(No symbol) [0x00007FF6198AD569]
	(No symbol) [0x00007FF6198A1910]
	(No symbol) [0x00007FF6198CF05A]
	(No symbol) [0x00007FF6198A120A]
	(No symbol) [0x00007FF6198CF270]
	(No symbol) [0x00007FF6198EBDA3]
	(No symbol) [0x00007FF6198CEE03]
	(No symbol) [0x00007FF61989F4D4]
	(No symbol) [0x00007FF6198A05F1]
	GetHandleVerifier [0x00007FF619DC9B9D+3730157]
	GetHandleVerifier [0x00007FF619E1F02D+4079485]
	GetHandleVerifier [0x00007FF619E175D3+4048163]
	GetHandleVerifier [0x00007FF619AEA649+718233]
	(No symbol) [0x00007FF6199C4A3F]
	(No symbol) [0x00007FF6199BFA94]
	(No symbol) [0x00007FF6199BFBC2]
	(No symbol) [0x00007FF6199AF2E4]
	BaseThreadInitThunk [0x00007FFAE5F17344+20]
	RtlUserThreadStart [0x00007FFAE6D026B1+33]
</msg>
<status status="FAIL" starttime="20240228 00:18:56.409" endtime="20240228 00:18:57.794"/>
</kw>
<status status="FAIL" starttime="20240228 00:18:56.380" endtime="20240228 00:18:57.794"/>
</kw>
<kw name="Select different dealer from popup" library="LoginPage">
<status status="NOT RUN" starttime="20240228 00:18:57.794" endtime="20240228 00:18:57.795"/>
</kw>
<status status="FAIL" starttime="20240228 00:18:56.380" endtime="20240228 00:18:57.795"/>
</kw>
<kw name="Verify the truck transfer-Truck search and Truck transfer Equipment details page" library="Kion_App">
<status status="NOT RUN" starttime="20240228 00:18:57.796" endtime="20240228 00:18:57.796"/>
</kw>
<kw name="Go Home" library="Kion_App">
<status status="NOT RUN" starttime="20240228 00:18:57.796" endtime="20240228 00:18:57.797"/>
</kw>
<tag>81</tag>
<tag>EEE</tag>
<tag>Smoke</tag>
<status status="FAIL" starttime="20240228 00:18:56.379" endtime="20240228 00:18:57.797">ElementClickInterceptedException: Message: element click intercepted: Element &lt;select class="customer-dropdown"&gt;...&lt;/select&gt; is not clickable at point (1107, 23). Other element would receive the click: &lt;div class="modal fade in" role="dialog" aria-labelledby="modalLabel-9688" aria-hidden="true" style="display: block; padding-right: 17px;"&gt;...&lt;/div&gt;
  (Session info: chrome=121.0.6167.189)
Stacktrace:
	GetHandleVerifier [0x00007FF619D97012+3522402]
	(No symbol) [0x00007FF6199B8352]
	(No symbol) [0x00007FF619865ABB]
	(No symbol) [0x00007FF6198B3390]
	(No symbol) [0x00007FF6198B10D2]
	(No symbol) [0x00007FF6198AE834]
	(No symbol) [0x00007FF6198AD569]
	(No symbol) [0x00007FF6198A1910]
	(No symbol) [0x00007FF6198CF05A]
	(No symbol) [0x00007FF6198A120A]
	(No symbol) [0x00007FF6198CF270]
	(No symbol) [0x00007FF6198EBDA3]
	(No symbol) [0x00007FF6198CEE03]
	(No symbol) [0x00007FF61989F4D4]
	(No symbol) [0x00007FF6198A05F1]
	GetHandleVerifier [0x00007FF619DC9B9D+3730157]
	GetHandleVerifier [0x00007FF619E1F02D+4079485]
	GetHandleVerifier [0x00007FF619E175D3+4048163]
	GetHandleVerifier [0x00007FF619AEA649+718233]
	(No symbol) [0x00007FF6199C4A3F]
	(No symbol) [0x00007FF6199BFA94]
	(No symbol) [0x00007FF6199BFBC2]
	(No symbol) [0x00007FF6199AF2E4]
	BaseThreadInitThunk [0x00007FFAE5F17344+20]
	RtlUserThreadStart [0x00007FFAE6D026B1+33]
</status>
</test>
<test id="s1-s1-t80" name="To verify the sorting option and lazy load in the Truck Transfer-Truck search page search results" line="500">
<kw name="Switch the sunbelt dealer" library="Kion_App">
<kw name="click dealer dropdown" library="LoginPage">
<kw name="Wait Until Element Is Visible" library="SeleniumLibrary">
<arg>${SalesRep_PopUp}</arg>
<doc>Waits until the element ``locator`` is visible.</doc>
<status status="PASS" starttime="20240228 00:18:57.807" endtime="20240228 00:18:57.835"/>
</kw>
<kw name="Click Element" library="SeleniumLibrary">
<arg>${SalesRep_PopUp}</arg>
<doc>Click the element identified by ``locator``.</doc>
<msg timestamp="20240228 00:18:57.837" level="INFO">Clicking element '//div[@class='top-bar-inner container']//select[@class='customer-dropdown']'.</msg>
<msg timestamp="20240228 00:18:59.126" level="INFO" html="true">&lt;/td&gt;&lt;/tr&gt;&lt;tr&gt;&lt;td colspan="3"&gt;&lt;a href="selenium-screenshot-674.png"&gt;&lt;img src="selenium-screenshot-674.png" width="800px"&gt;&lt;/a&gt;</msg>
<msg timestamp="20240228 00:18:59.126" level="FAIL">ElementClickInterceptedException: Message: element click intercepted: Element &lt;select class="customer-dropdown"&gt;...&lt;/select&gt; is not clickable at point (1107, 23). Other element would receive the click: &lt;div class="modal fade in" role="dialog" aria-labelledby="modalLabel-9688" aria-hidden="true" style="display: block; padding-right: 17px;"&gt;...&lt;/div&gt;
  (Session info: chrome=121.0.6167.189)
Stacktrace:
	GetHandleVerifier [0x00007FF619D97012+3522402]
	(No symbol) [0x00007FF6199B8352]
	(No symbol) [0x00007FF619865ABB]
	(No symbol) [0x00007FF6198B3390]
	(No symbol) [0x00007FF6198B10D2]
	(No symbol) [0x00007FF6198AE834]
	(No symbol) [0x00007FF6198AD569]
	(No symbol) [0x00007FF6198A1910]
	(No symbol) [0x00007FF6198CF05A]
	(No symbol) [0x00007FF6198A120A]
	(No symbol) [0x00007FF6198CF270]
	(No symbol) [0x00007FF6198EBDA3]
	(No symbol) [0x00007FF6198CEE03]
	(No symbol) [0x00007FF61989F4D4]
	(No symbol) [0x00007FF6198A05F1]
	GetHandleVerifier [0x00007FF619DC9B9D+3730157]
	GetHandleVerifier [0x00007FF619E1F02D+4079485]
	GetHandleVerifier [0x00007FF619E175D3+4048163]
	GetHandleVerifier [0x00007FF619AEA649+718233]
	(No symbol) [0x00007FF6199C4A3F]
	(No symbol) [0x00007FF6199BFA94]
	(No symbol) [0x00007FF6199BFBC2]
	(No symbol) [0x00007FF6199AF2E4]
	BaseThreadInitThunk [0x00007FFAE5F17344+20]
	RtlUserThreadStart [0x00007FFAE6D026B1+33]
</msg>
<status status="FAIL" starttime="20240228 00:18:57.836" endtime="20240228 00:18:59.127"/>
</kw>
<status status="FAIL" starttime="20240228 00:18:57.806" endtime="20240228 00:18:59.127"/>
</kw>
<kw name="Select different dealer from popup" library="LoginPage">
<status status="NOT RUN" starttime="20240228 00:18:59.127" endtime="20240228 00:18:59.127"/>
</kw>
<status status="FAIL" starttime="20240228 00:18:57.806" endtime="20240228 00:18:59.127"/>
</kw>
<kw name="Verify the sorting and lazy load in truck transfer-Truck search page" library="Kion_App">
<status status="NOT RUN" starttime="20240228 00:18:59.128" endtime="20240228 00:18:59.128"/>
</kw>
<kw name="Go Home" library="Kion_App">
<status status="NOT RUN" starttime="20240228 00:18:59.128" endtime="20240228 00:18:59.128"/>
</kw>
<tag>82</tag>
<tag>EEE</tag>
<tag>Smoke</tag>
<status status="FAIL" starttime="20240228 00:18:57.805" endtime="20240228 00:18:59.129">ElementClickInterceptedException: Message: element click intercepted: Element &lt;select class="customer-dropdown"&gt;...&lt;/select&gt; is not clickable at point (1107, 23). Other element would receive the click: &lt;div class="modal fade in" role="dialog" aria-labelledby="modalLabel-9688" aria-hidden="true" style="display: block; padding-right: 17px;"&gt;...&lt;/div&gt;
  (Session info: chrome=121.0.6167.189)
Stacktrace:
	GetHandleVerifier [0x00007FF619D97012+3522402]
	(No symbol) [0x00007FF6199B8352]
	(No symbol) [0x00007FF619865ABB]
	(No symbol) [0x00007FF6198B3390]
	(No symbol) [0x00007FF6198B10D2]
	(No symbol) [0x00007FF6198AE834]
	(No symbol) [0x00007FF6198AD569]
	(No symbol) [0x00007FF6198A1910]
	(No symbol) [0x00007FF6198CF05A]
	(No symbol) [0x00007FF6198A120A]
	(No symbol) [0x00007FF6198CF270]
	(No symbol) [0x00007FF6198EBDA3]
	(No symbol) [0x00007FF6198CEE03]
	(No symbol) [0x00007FF61989F4D4]
	(No symbol) [0x00007FF6198A05F1]
	GetHandleVerifier [0x00007FF619DC9B9D+3730157]
	GetHandleVerifier [0x00007FF619E1F02D+4079485]
	GetHandleVerifier [0x00007FF619E175D3+4048163]
	GetHandleVerifier [0x00007FF619AEA649+718233]
	(No symbol) [0x00007FF6199C4A3F]
	(No symbol) [0x00007FF6199BFA94]
	(No symbol) [0x00007FF6199BFBC2]
	(No symbol) [0x00007FF6199AF2E4]
	BaseThreadInitThunk [0x00007FFAE5F17344+20]
	RtlUserThreadStart [0x00007FFAE6D026B1+33]
</status>
</test>
<kw name="End Test" library="Common" type="TEARDOWN">
<kw name="Close Browser" library="SeleniumLibrary">
<doc>Closes the current browser.</doc>
<status status="PASS" starttime="20240228 00:18:59.136" endtime="20240228 00:19:01.501"/>
</kw>
<status status="PASS" starttime="20240228 00:18:59.136" endtime="20240228 00:19:01.501"/>
</kw>
<status status="FAIL" starttime="20240227 23:54:24.277" endtime="20240228 00:19:01.501"/>
</suite>
<status status="FAIL" starttime="20240227 23:54:24.250" endtime="20240228 00:19:01.519"/>
</suite>
<statistics>
<total>
<stat pass="29" fail="49" skip="2">All Tests</stat>
</total>
<tag>
<stat pass="1" fail="0" skip="0">01</stat>
<stat pass="1" fail="0" skip="0">02</stat>
<stat pass="1" fail="0" skip="0">03</stat>
<stat pass="1" fail="0" skip="0">04</stat>
<stat pass="1" fail="0" skip="0">05</stat>
<stat pass="1" fail="0" skip="0">06</stat>
<stat pass="1" fail="0" skip="0">07</stat>
<stat pass="1" fail="0" skip="0">08</stat>
<stat pass="1" fail="0" skip="0">09</stat>
<stat pass="1" fail="0" skip="0">10</stat>
<stat pass="1" fail="0" skip="0">11</stat>
<stat pass="1" fail="0" skip="0">12</stat>
<stat pass="1" fail="0" skip="0">13</stat>
<stat pass="1" fail="0" skip="0">14</stat>
<stat pass="1" fail="0" skip="0">15</stat>
<stat pass="1" fail="0" skip="0">16</stat>
<stat pass="1" fail="0" skip="0">17</stat>
<stat pass="1" fail="0" skip="0">18</stat>
<stat pass="1" fail="0" skip="0">19</stat>
<stat pass="1" fail="0" skip="0">20</stat>
<stat pass="1" fail="0" skip="0">21</stat>
<stat pass="1" fail="0" skip="0">22</stat>
<stat pass="1" fail="0" skip="0">23</stat>
<stat pass="1" fail="0" skip="0">24</stat>
<stat pass="1" fail="0" skip="0">25</stat>
<stat pass="1" fail="0" skip="0">26</stat>
<stat pass="1" fail="0" skip="0">27</stat>
<stat pass="1" fail="0" skip="0">28</stat>
<stat pass="1" fail="0" skip="0">29</stat>
<stat pass="0" fail="1" skip="0">30</stat>
<stat pass="0" fail="1" skip="0">31</stat>
<stat pass="0" fail="1" skip="0">32</stat>
<stat pass="0" fail="1" skip="0">33</stat>
<stat pass="0" fail="1" skip="0">34</stat>
<stat pass="0" fail="1" skip="0">35</stat>
<stat pass="0" fail="1" skip="0">36</stat>
<stat pass="0" fail="1" skip="0">37</stat>
<stat pass="0" fail="1" skip="0">39</stat>
<stat pass="0" fail="1" skip="0">40</stat>
<stat pass="0" fail="1" skip="0">41</stat>
<stat pass="0" fail="1" skip="0">42</stat>
<stat pass="0" fail="1" skip="0">43</stat>
<stat pass="0" fail="1" skip="0">44</stat>
<stat pass="0" fail="1" skip="0">45</stat>
<stat pass="0" fail="1" skip="0">46</stat>
<stat pass="0" fail="1" skip="0">47</stat>
<stat pass="0" fail="1" skip="0">48</stat>
<stat pass="0" fail="1" skip="0">49</stat>
<stat pass="0" fail="1" skip="0">50</stat>
<stat pass="0" fail="1" skip="0">51</stat>
<stat pass="0" fail="1" skip="0">52</stat>
<stat pass="0" fail="1" skip="0">53</stat>
<stat pass="0" fail="1" skip="0">54</stat>
<stat pass="0" fail="1" skip="0">55</stat>
<stat pass="0" fail="1" skip="0">56</stat>
<stat pass="0" fail="1" skip="0">57</stat>
<stat pass="0" fail="1" skip="0">58</stat>
<stat pass="0" fail="1" skip="0">59</stat>
<stat pass="0" fail="1" skip="0">60</stat>
<stat pass="0" fail="1" skip="0">61</stat>
<stat pass="0" fail="1" skip="0">62</stat>
<stat pass="0" fail="1" skip="0">63</stat>
<stat pass="0" fail="1" skip="0">64</stat>
<stat pass="0" fail="1" skip="0">65</stat>
<stat pass="0" fail="1" skip="0">66</stat>
<stat pass="0" fail="1" skip="0">67</stat>
<stat pass="0" fail="1" skip="0">68</stat>
<stat pass="0" fail="1" skip="0">69</stat>
<stat pass="0" fail="1" skip="0">70</stat>
<stat pass="0" fail="1" skip="0">71</stat>
<stat pass="0" fail="1" skip="0">72</stat>
<stat pass="0" fail="0" skip="1">73</stat>
<stat pass="0" fail="0" skip="1">74</stat>
<stat pass="0" fail="1" skip="0">75</stat>
<stat pass="0" fail="1" skip="0">76</stat>
<stat pass="0" fail="1" skip="0">77</stat>
<stat pass="0" fail="1" skip="0">78</stat>
<stat pass="0" fail="1" skip="0">79</stat>
<stat pass="0" fail="1" skip="0">81</stat>
<stat pass="0" fail="1" skip="0">82</stat>
<stat pass="0" fail="2" skip="0">change</stat>
<stat pass="0" fail="2" skip="0">cross1</stat>
<stat pass="1" fail="17" skip="0">EEE</stat>
<stat pass="4" fail="0" skip="0">hh</stat>
<stat pass="29" fail="49" skip="2">Smoke</stat>
<stat pass="1" fail="0" skip="0">t1</stat>
<stat pass="0" fail="2" skip="0">test</stat>
</tag>
<suite>
<stat pass="29" fail="49" skip="2" id="s1" name="Testcase">Testcase</stat>
<stat pass="29" fail="49" skip="2" id="s1-s1" name="Kion">Testcase.Kion</stat>
</suite>
</statistics>
<errors>
</errors>
</robot>
