<?xml version="1.0" encoding="UTF-8"?>
<robot generator="Robot 6.1.1 (Python 3.12.1 on win32)" generated="20240207 17:20:39.616" rpa="false" schemaversion="4">
<suite id="s1" name="Testcase" source="C:\RobotInstall\developement\KION_SMOKE_TEST\testcase">
<suite id="s1-s1" name="Kion" source="C:\RobotInstall\developement\KION_SMOKE_TEST\testcase\kion.robot">
<kw name="Begin Test" library="Common" type="SETUP">
<kw name="Open Browser" library="SeleniumLibrary">
<arg>about:blank</arg>
<arg>${BROWSER}</arg>
<doc>Opens a new browser instance to the optional ``url``.</doc>
<msg timestamp="20240207 17:20:40.189" level="INFO">Opening browser 'chrome' to base url 'about:blank'.</msg>
<status status="PASS" starttime="20240207 17:20:40.188" endtime="20240207 17:20:42.189"/>
</kw>
<kw name="Maximize Browser Window" library="SeleniumLibrary">
<doc>Maximizes current browser window.</doc>
<status status="PASS" starttime="20240207 17:20:42.189" endtime="20240207 17:20:42.330"/>
</kw>
<kw name="Go To" library="SeleniumLibrary">
<arg>${URL}</arg>
<doc>Navigates the current browser window to the provided ``url``.</doc>
<msg timestamp="20240207 17:20:42.330" level="INFO">Opening url 'https://tst.lindelink.com/'</msg>
<status status="PASS" starttime="20240207 17:20:42.330" endtime="20240207 17:20:49.198"/>
</kw>
<kw name="Go to login page" library="Kion_App">
<kw name="Sleep" library="BuiltIn">
<arg>1s</arg>
<doc>Pauses the test executed for the given time.</doc>
<msg timestamp="20240207 17:20:50.199" level="INFO">Slept 1 second</msg>
<status status="PASS" starttime="20240207 17:20:49.199" endtime="20240207 17:20:50.199"/>
</kw>
<kw name="go to login" library="LoginPage">
<kw name="Click Element" library="SeleniumLibrary">
<arg>${Order-Template-Icon}</arg>
<doc>Click the element identified by ``locator``.</doc>
<msg timestamp="20240207 17:20:50.209" level="INFO">Clicking element '//i[@class='icon-heart']'.</msg>
<status status="PASS" starttime="20240207 17:20:50.203" endtime="20240207 17:20:53.050"/>
</kw>
<status status="PASS" starttime="20240207 17:20:50.201" endtime="20240207 17:20:53.050"/>
</kw>
<status status="PASS" starttime="20240207 17:20:49.198" endtime="20240207 17:20:53.051"/>
</kw>
<kw name="Login to the kion site" library="Kion_App">
<kw name="login with valid credentials" library="LoginPage">
<kw name="Input Text" library="SeleniumLibrary">
<arg>${Email-Field}</arg>
<arg>${Login-Mail}</arg>
<doc>Types the given ``text`` into the text field identified by ``locator``.</doc>
<msg timestamp="20240207 17:20:53.059" level="INFO">Typing text 'mar.ig10test@gmail.com' into text field '//input[@id='ShopLoginForm_Login']'.</msg>
<status status="PASS" starttime="20240207 17:20:53.055" endtime="20240207 17:20:53.468"/>
</kw>
<kw name="Input Password" library="SeleniumLibrary">
<arg>${Password-Field}</arg>
<arg>${Password}</arg>
<doc>Types the given password into the text field identified by ``locator``.</doc>
<msg timestamp="20240207 17:20:53.469" level="INFO">Typing password into text field '//input[@id='ShopLoginForm_Password']'.</msg>
<msg timestamp="20240207 17:20:53.527" level="INFO">Temporally setting log level to: NONE</msg>
<msg timestamp="20240207 17:20:53.746" level="INFO">Log level changed from NONE to INFO.</msg>
<status status="PASS" starttime="20240207 17:20:53.468" endtime="20240207 17:20:53.746"/>
</kw>
<kw name="Click Button" library="SeleniumLibrary">
<arg>${Login-Button}</arg>
<doc>Clicks the button identified by ``locator``.</doc>
<msg timestamp="20240207 17:20:53.748" level="INFO">Clicking button '//button[@name='login']'.</msg>
<status status="PASS" starttime="20240207 17:20:53.746" endtime="20240207 17:21:02.163"/>
</kw>
<status status="PASS" starttime="20240207 17:20:53.053" endtime="20240207 17:21:02.163"/>
</kw>
<status status="PASS" starttime="20240207 17:20:53.052" endtime="20240207 17:21:02.163"/>
</kw>
<kw name="Select customer from cutomer selector" library="Kion_App">
<kw name="Select customer" library="LoginPage">
<kw name="Click Element" library="SeleniumLibrary">
<arg>${Dealer-53464}</arg>
<doc>Click the element identified by ``locator``.</doc>
<msg timestamp="20240207 17:21:02.165" level="INFO">Clicking element '//div[@role='dialog']//div[@class='dealer-sel--no col-sm-2'][normalize-space()='53464']'.</msg>
<status status="PASS" starttime="20240207 17:21:02.165" endtime="20240207 17:21:07.313"/>
</kw>
<status status="PASS" starttime="20240207 17:21:02.164" endtime="20240207 17:21:07.313"/>
</kw>
<status status="PASS" starttime="20240207 17:21:02.164" endtime="20240207 17:21:07.313"/>
</kw>
<status status="PASS" starttime="20240207 17:20:40.187" endtime="20240207 17:21:07.313"/>
</kw>
<test id="s1-s1-t1" name="To verify the My Account page navigations" line="180">
<kw name="Verify the My Account Over view page" library="Kion_App">
<kw name="go to My Account Overview" library="MyAccount">
<kw name="Click Element" library="SeleniumLibrary">
<arg>${MyAccountLink}</arg>
<doc>Click the element identified by ``locator``.</doc>
<msg timestamp="20240207 17:21:07.317" level="INFO">Clicking element '//i[@class='icon-users']'.</msg>
<status status="PASS" starttime="20240207 17:21:07.315" endtime="20240207 17:21:10.075"/>
</kw>
<kw name="Page Should Contain" library="SeleniumLibrary">
<arg>${MyAccount_Overview_PageHeading}</arg>
<doc>Verifies that current page contains ``text``.</doc>
<msg timestamp="20240207 17:21:10.097" level="INFO">Current page contains text 'Welcome back!'.</msg>
<status status="PASS" starttime="20240207 17:21:10.075" endtime="20240207 17:21:10.097"/>
</kw>
<kw name="Sleep" library="BuiltIn">
<arg>1s</arg>
<doc>Pauses the test executed for the given time.</doc>
<msg timestamp="20240207 17:21:11.099" level="INFO">Slept 1 second</msg>
<status status="PASS" starttime="20240207 17:21:10.097" endtime="20240207 17:21:11.099"/>
</kw>
<status status="PASS" starttime="20240207 17:21:07.315" endtime="20240207 17:21:11.099"/>
</kw>
<status status="PASS" starttime="20240207 17:21:07.315" endtime="20240207 17:21:11.099"/>
</kw>
<kw name="Verify the Saved unplaced order page" library="Kion_App">
<kw name="go to saved Unplaced Order page" library="MyAccount">
<kw name="Click Element" library="SeleniumLibrary">
<arg>${SavedUnplaced_Order_Link}</arg>
<doc>Click the element identified by ``locator``.</doc>
<msg timestamp="20240207 17:21:11.106" level="INFO">Clicking element '//a[normalize-space()='Saved Unplaced Orders']'.</msg>
<status status="PASS" starttime="20240207 17:21:11.105" endtime="20240207 17:21:17.867"/>
</kw>
<kw name="Page Should Contain" library="SeleniumLibrary">
<arg>${SavedUnplaced_Order_PageHeading}</arg>
<doc>Verifies that current page contains ``text``.</doc>
<msg timestamp="20240207 17:21:17.895" level="INFO">Current page contains text 'Saved Unplaced Orders'.</msg>
<status status="PASS" starttime="20240207 17:21:17.868" endtime="20240207 17:21:17.895"/>
</kw>
<kw name="Sleep" library="BuiltIn">
<arg>1s</arg>
<doc>Pauses the test executed for the given time.</doc>
<msg timestamp="20240207 17:21:18.895" level="INFO">Slept 1 second</msg>
<status status="PASS" starttime="20240207 17:21:17.895" endtime="20240207 17:21:18.895"/>
</kw>
<status status="PASS" starttime="20240207 17:21:11.103" endtime="20240207 17:21:18.895"/>
</kw>
<status status="PASS" starttime="20240207 17:21:11.102" endtime="20240207 17:21:18.895"/>
</kw>
<kw name="Verify the pending purchases page" library="Kion_App">
<kw name="go to pending purchases page" library="MyAccount">
<kw name="Click Element" library="SeleniumLibrary">
<arg>${Pending_Purchases_Link}</arg>
<doc>Click the element identified by ``locator``.</doc>
<msg timestamp="20240207 17:21:18.897" level="INFO">Clicking element '//a[@title='Pending Purchases']'.</msg>
<status status="PASS" starttime="20240207 17:21:18.897" endtime="20240207 17:21:21.688"/>
</kw>
<kw name="Page Should Contain" library="SeleniumLibrary">
<arg>${Pending_Purchases_PageHeading}</arg>
<doc>Verifies that current page contains ``text``.</doc>
<msg timestamp="20240207 17:21:21.713" level="INFO">Current page contains text 'Pending Purchases'.</msg>
<status status="PASS" starttime="20240207 17:21:21.688" endtime="20240207 17:21:21.713"/>
</kw>
<kw name="Sleep" library="BuiltIn">
<arg>1s</arg>
<doc>Pauses the test executed for the given time.</doc>
<msg timestamp="20240207 17:21:22.714" level="INFO">Slept 1 second</msg>
<status status="PASS" starttime="20240207 17:21:21.714" endtime="20240207 17:21:22.714"/>
</kw>
<status status="PASS" starttime="20240207 17:21:18.896" endtime="20240207 17:21:22.714"/>
</kw>
<status status="PASS" starttime="20240207 17:21:18.896" endtime="20240207 17:21:22.714"/>
</kw>
<kw name="Verify the Rejected purchases page" library="Kion_App">
<kw name="go to rejected purchases page" library="MyAccount">
<kw name="Click Element" library="SeleniumLibrary">
<arg>${Rejected_Purchases_Link}</arg>
<doc>Click the element identified by ``locator``.</doc>
<msg timestamp="20240207 17:21:22.720" level="INFO">Clicking element '//a[@href='https://tst.lindelink.com/rejected-purchases']'.</msg>
<status status="PASS" starttime="20240207 17:21:22.719" endtime="20240207 17:21:25.640"/>
</kw>
<kw name="Page Should Contain" library="SeleniumLibrary">
<arg>${Rejected_Purchases_PageHeading}</arg>
<doc>Verifies that current page contains ``text``.</doc>
<msg timestamp="20240207 17:21:25.664" level="INFO">Current page contains text 'Rejected Purchases'.</msg>
<status status="PASS" starttime="20240207 17:21:25.640" endtime="20240207 17:21:25.664"/>
</kw>
<kw name="Sleep" library="BuiltIn">
<arg>2s</arg>
<doc>Pauses the test executed for the given time.</doc>
<msg timestamp="20240207 17:21:27.665" level="INFO">Slept 2 seconds</msg>
<status status="PASS" starttime="20240207 17:21:25.664" endtime="20240207 17:21:27.666"/>
</kw>
<status status="PASS" starttime="20240207 17:21:22.718" endtime="20240207 17:21:27.666"/>
</kw>
<status status="PASS" starttime="20240207 17:21:22.717" endtime="20240207 17:21:27.666"/>
</kw>
<kw name="Verify the Subscriptions page" library="Kion_App">
<kw name="go to subscription page" library="MyAccount">
<kw name="Click Element" library="SeleniumLibrary">
<arg>${Subscription_Link}</arg>
<doc>Click the element identified by ``locator``.</doc>
<msg timestamp="20240207 17:21:27.672" level="INFO">Clicking element '//a[normalize-space()='Subscriptions']'.</msg>
<status status="PASS" starttime="20240207 17:21:27.671" endtime="20240207 17:21:31.237"/>
</kw>
<kw name="Page Should Contain" library="SeleniumLibrary">
<arg>${Subscription_PageHeading}</arg>
<doc>Verifies that current page contains ``text``.</doc>
<msg timestamp="20240207 17:21:31.266" level="INFO">Current page contains text 'Subscriptions'.</msg>
<status status="PASS" starttime="20240207 17:21:31.237" endtime="20240207 17:21:31.266"/>
</kw>
<kw name="Sleep" library="BuiltIn">
<arg>2s</arg>
<doc>Pauses the test executed for the given time.</doc>
<msg timestamp="20240207 17:21:33.266" level="INFO">Slept 2 seconds</msg>
<status status="PASS" starttime="20240207 17:21:31.266" endtime="20240207 17:21:33.266"/>
</kw>
<status status="PASS" starttime="20240207 17:21:27.668" endtime="20240207 17:21:33.266"/>
</kw>
<status status="PASS" starttime="20240207 17:21:27.667" endtime="20240207 17:21:33.266"/>
</kw>
<kw name="Verify the Placed order page" library="Kion_App">
<kw name="go to placed order page" library="MyAccount">
<kw name="Click Element" library="SeleniumLibrary">
<arg>${PlacedOrders_Link}</arg>
<doc>Click the element identified by ``locator``.</doc>
<msg timestamp="20240207 17:21:33.268" level="INFO">Clicking element '//a[@title='Placed Orders']'.</msg>
<status status="PASS" starttime="20240207 17:21:33.267" endtime="20240207 17:21:36.458"/>
</kw>
<kw name="Page Should Contain" library="SeleniumLibrary">
<arg>${PlacedOrders_PageHeading}</arg>
<doc>Verifies that current page contains ``text``.</doc>
<msg timestamp="20240207 17:21:36.492" level="INFO">Current page contains text 'Service Parts (Placed Order Search Results)'.</msg>
<status status="PASS" starttime="20240207 17:21:36.459" endtime="20240207 17:21:36.492"/>
</kw>
<kw name="Sleep" library="BuiltIn">
<arg>2s</arg>
<doc>Pauses the test executed for the given time.</doc>
<msg timestamp="20240207 17:21:38.494" level="INFO">Slept 2 seconds</msg>
<status status="PASS" starttime="20240207 17:21:36.493" endtime="20240207 17:21:38.494"/>
</kw>
<status status="PASS" starttime="20240207 17:21:33.267" endtime="20240207 17:21:38.494"/>
</kw>
<status status="PASS" starttime="20240207 17:21:33.266" endtime="20240207 17:21:38.494"/>
</kw>
<kw name="Verify the placed order details page" library="Kion_App">
<kw name="go to order details page" library="MyAccount">
<kw name="Click Element" library="SeleniumLibrary">
<arg>${OrderDetails_Link}</arg>
<doc>Click the element identified by ``locator``.</doc>
<msg timestamp="20240207 17:21:38.496" level="INFO">Clicking element '//tbody[@id='OfflineOrderResutlsBody']//tr[1]//td[2]'.</msg>
<status status="PASS" starttime="20240207 17:21:38.495" endtime="20240207 17:21:41.489"/>
</kw>
<kw name="Page Should Contain" library="SeleniumLibrary">
<arg>${OrderDetails_Heading}</arg>
<doc>Verifies that current page contains ``text``.</doc>
<msg timestamp="20240207 17:21:41.510" level="INFO">Current page contains text 'Service Parts (Placed Order Summary)'.</msg>
<status status="PASS" starttime="20240207 17:21:41.489" endtime="20240207 17:21:41.510"/>
</kw>
<kw name="Sleep" library="BuiltIn">
<arg>2s</arg>
<doc>Pauses the test executed for the given time.</doc>
<msg timestamp="20240207 17:21:43.511" level="INFO">Slept 2 seconds</msg>
<status status="PASS" starttime="20240207 17:21:41.511" endtime="20240207 17:21:43.511"/>
</kw>
<status status="PASS" starttime="20240207 17:21:38.495" endtime="20240207 17:21:43.511"/>
</kw>
<status status="PASS" starttime="20240207 17:21:38.494" endtime="20240207 17:21:43.511"/>
</kw>
<kw name="Verify the BackOrders Page" library="Kion_App">
<kw name="go to back orders page" library="MyAccount">
<kw name="Click Element" library="SeleniumLibrary">
<arg>${BackOrders_Link}</arg>
<doc>Click the element identified by ``locator``.</doc>
<msg timestamp="20240207 17:21:43.517" level="INFO">Clicking element '//a[@title='BackOrders']'.</msg>
<status status="PASS" starttime="20240207 17:21:43.517" endtime="20240207 17:21:46.316"/>
</kw>
<kw name="Page Should Contain" library="SeleniumLibrary">
<arg>${BackOrders_PageHeading}</arg>
<doc>Verifies that current page contains ``text``.</doc>
<msg timestamp="20240207 17:21:46.337" level="INFO">Current page contains text 'Back Order Report'.</msg>
<status status="PASS" starttime="20240207 17:21:46.317" endtime="20240207 17:21:46.337"/>
</kw>
<kw name="Sleep" library="BuiltIn">
<arg>2s</arg>
<doc>Pauses the test executed for the given time.</doc>
<msg timestamp="20240207 17:21:48.339" level="INFO">Slept 2 seconds</msg>
<status status="PASS" starttime="20240207 17:21:46.338" endtime="20240207 17:21:48.339"/>
</kw>
<status status="PASS" starttime="20240207 17:21:43.516" endtime="20240207 17:21:48.340"/>
</kw>
<status status="PASS" starttime="20240207 17:21:43.515" endtime="20240207 17:21:48.340"/>
</kw>
<kw name="Verify the Backorders details page" library="Kion_App">
<kw name="go to back orders details" library="MyAccount">
<kw name="Click Element" library="SeleniumLibrary">
<arg>${BackOrderID}</arg>
<doc>Click the element identified by ``locator``.</doc>
<msg timestamp="20240207 17:21:48.347" level="INFO">Clicking element '//tbody/tr[1]/td[5]/a[1]'.</msg>
<status status="PASS" starttime="20240207 17:21:48.345" endtime="20240207 17:21:57.657"/>
</kw>
<kw name="Page Should Contain" library="SeleniumLibrary">
<arg>${BackOrdersDetails_Heading}</arg>
<doc>Verifies that current page contains ``text``.</doc>
<msg timestamp="20240207 17:21:57.673" level="INFO">Current page contains text 'Service Parts (Placed Order Summary)'.</msg>
<status status="PASS" starttime="20240207 17:21:57.657" endtime="20240207 17:21:57.673"/>
</kw>
<kw name="Sleep" library="BuiltIn">
<arg>2s</arg>
<doc>Pauses the test executed for the given time.</doc>
<msg timestamp="20240207 17:21:59.675" level="INFO">Slept 2 seconds</msg>
<status status="PASS" starttime="20240207 17:21:57.674" endtime="20240207 17:21:59.675"/>
</kw>
<status status="PASS" starttime="20240207 17:21:48.344" endtime="20240207 17:21:59.676"/>
</kw>
<status status="PASS" starttime="20240207 17:21:48.342" endtime="20240207 17:21:59.676"/>
</kw>
<kw name="Verify the Truck sales page" library="Kion_App">
<kw name="go to truck sales page" library="MyAccount">
<kw name="Click Element" library="SeleniumLibrary">
<arg>${TruckSales_Link}</arg>
<doc>Click the element identified by ``locator``.</doc>
<msg timestamp="20240207 17:21:59.682" level="INFO">Clicking element '//a[@title='Returns'][normalize-space()='Truck Sales']'.</msg>
<status status="PASS" starttime="20240207 17:21:59.681" endtime="20240207 17:22:02.726"/>
</kw>
<kw name="Page Should Contain" library="SeleniumLibrary">
<arg>${TruckSales_PageHeading}</arg>
<doc>Verifies that current page contains ``text``.</doc>
<msg timestamp="20240207 17:22:02.751" level="INFO">Current page contains text 'Truck Sales'.</msg>
<status status="PASS" starttime="20240207 17:22:02.726" endtime="20240207 17:22:02.751"/>
</kw>
<kw name="Sleep" library="BuiltIn">
<arg>2s</arg>
<doc>Pauses the test executed for the given time.</doc>
<msg timestamp="20240207 17:22:04.753" level="INFO">Slept 2 seconds</msg>
<status status="PASS" starttime="20240207 17:22:02.751" endtime="20240207 17:22:04.753"/>
</kw>
<status status="PASS" starttime="20240207 17:21:59.680" endtime="20240207 17:22:04.753"/>
</kw>
<status status="PASS" starttime="20240207 17:21:59.678" endtime="20240207 17:22:04.753"/>
</kw>
<kw name="Verify the returns page" library="Kion_App">
<kw name="go to returns page" library="MyAccount">
<kw name="Click Element" library="SeleniumLibrary">
<arg>${Returns_Link}</arg>
<doc>Click the element identified by ``locator``.</doc>
<msg timestamp="20240207 17:22:04.755" level="INFO">Clicking element '//a[@title='Returns'][normalize-space()='Returns']'.</msg>
<status status="PASS" starttime="20240207 17:22:04.755" endtime="20240207 17:22:07.209"/>
</kw>
<kw name="Page Should Contain" library="SeleniumLibrary">
<arg>${Returns_PageHeading}</arg>
<doc>Verifies that current page contains ``text``.</doc>
<msg timestamp="20240207 17:22:07.242" level="INFO">Current page contains text 'Returns'.</msg>
<status status="PASS" starttime="20240207 17:22:07.210" endtime="20240207 17:22:07.242"/>
</kw>
<kw name="Sleep" library="BuiltIn">
<arg>2s</arg>
<doc>Pauses the test executed for the given time.</doc>
<msg timestamp="20240207 17:22:09.244" level="INFO">Slept 2 seconds</msg>
<status status="PASS" starttime="20240207 17:22:07.242" endtime="20240207 17:22:09.244"/>
</kw>
<status status="PASS" starttime="20240207 17:22:04.754" endtime="20240207 17:22:09.244"/>
</kw>
<status status="PASS" starttime="20240207 17:22:04.754" endtime="20240207 17:22:09.244"/>
</kw>
<kw name="Verify the warranty page" library="Kion_App">
<kw name="Expand Product support section" library="MyAccount">
<kw name="Wait Until Element Is Visible" library="SeleniumLibrary">
<arg>${ProductSupport_Link}</arg>
<doc>Waits until the element ``locator`` is visible.</doc>
<status status="PASS" starttime="20240207 17:22:09.246" endtime="20240207 17:22:09.281"/>
</kw>
<kw name="Click Element" library="SeleniumLibrary">
<arg>${ProductSupport_Link}</arg>
<doc>Click the element identified by ``locator``.</doc>
<msg timestamp="20240207 17:22:09.282" level="INFO">Clicking element '//p[normalize-space()='Product Support']'.</msg>
<status status="PASS" starttime="20240207 17:22:09.281" endtime="20240207 17:22:09.431"/>
</kw>
<kw name="Sleep" library="BuiltIn">
<arg>1s</arg>
<doc>Pauses the test executed for the given time.</doc>
<msg timestamp="20240207 17:22:10.434" level="INFO">Slept 1 second</msg>
<status status="PASS" starttime="20240207 17:22:09.431" endtime="20240207 17:22:10.434"/>
</kw>
<status status="PASS" starttime="20240207 17:22:09.246" endtime="20240207 17:22:10.434"/>
</kw>
<kw name="go to warranty page" library="MyAccount">
<kw name="Click Element" library="SeleniumLibrary">
<arg>${Warranty_Link}</arg>
<doc>Click the element identified by ``locator``.</doc>
<msg timestamp="20240207 17:22:10.435" level="INFO">Clicking element '//a[@title='Warranty Management']'.</msg>
<status status="PASS" starttime="20240207 17:22:10.434" endtime="20240207 17:22:12.661"/>
</kw>
<kw name="Page Should Contain" library="SeleniumLibrary">
<arg>${Warranty_PageHeading}</arg>
<doc>Verifies that current page contains ``text``.</doc>
<msg timestamp="20240207 17:22:12.682" level="INFO">Current page contains text 'Warranty Management'.</msg>
<status status="PASS" starttime="20240207 17:22:12.661" endtime="20240207 17:22:12.682"/>
</kw>
<kw name="Sleep" library="BuiltIn">
<arg>2s</arg>
<doc>Pauses the test executed for the given time.</doc>
<msg timestamp="20240207 17:22:14.684" level="INFO">Slept 2 seconds</msg>
<status status="PASS" starttime="20240207 17:22:12.683" endtime="20240207 17:22:14.684"/>
</kw>
<status status="PASS" starttime="20240207 17:22:10.434" endtime="20240207 17:22:14.684"/>
</kw>
<status status="PASS" starttime="20240207 17:22:09.245" endtime="20240207 17:22:14.685"/>
</kw>
<kw name="Verify the truck Installations page" library="Kion_App">
<kw name="go to truck installation page" library="MyAccount">
<kw name="Click Element" library="SeleniumLibrary">
<arg>${TruckInstallation_Link}</arg>
<doc>Click the element identified by ``locator``.</doc>
<msg timestamp="20240207 17:22:14.693" level="INFO">Clicking element '//a[@title='Truck Installations']'.</msg>
<status status="PASS" starttime="20240207 17:22:14.690" endtime="20240207 17:22:17.508"/>
</kw>
<kw name="Page Should Contain" library="SeleniumLibrary">
<arg>${TruckInstallation_PageHeading}</arg>
<doc>Verifies that current page contains ``text``.</doc>
<msg timestamp="20240207 17:22:17.541" level="INFO">Current page contains text 'Truck Installations'.</msg>
<status status="PASS" starttime="20240207 17:22:17.508" endtime="20240207 17:22:17.541"/>
</kw>
<kw name="Sleep" library="BuiltIn">
<arg>2s</arg>
<doc>Pauses the test executed for the given time.</doc>
<msg timestamp="20240207 17:22:19.543" level="INFO">Slept 2 seconds</msg>
<status status="PASS" starttime="20240207 17:22:17.542" endtime="20240207 17:22:19.543"/>
</kw>
<status status="PASS" starttime="20240207 17:22:14.689" endtime="20240207 17:22:19.543"/>
</kw>
<status status="PASS" starttime="20240207 17:22:14.687" endtime="20240207 17:22:19.543"/>
</kw>
<kw name="Verify the truck search page" library="Kion_App">
<kw name="go to truck search page" library="MyAccount">
<kw name="Click Element" library="SeleniumLibrary">
<arg>${TruckSearch_Link}</arg>
<doc>Click the element identified by ``locator``.</doc>
<msg timestamp="20240207 17:22:19.571" level="INFO">Clicking element '//a[@data-testing-id='link-trucksearch-templates']'.</msg>
<status status="PASS" starttime="20240207 17:22:19.569" endtime="20240207 17:22:22.384"/>
</kw>
<kw name="Page Should Contain" library="SeleniumLibrary">
<arg>${TruckSearch_PageHeading}</arg>
<doc>Verifies that current page contains ``text``.</doc>
<msg timestamp="20240207 17:22:22.406" level="INFO">Current page contains text 'Truck Search'.</msg>
<status status="PASS" starttime="20240207 17:22:22.385" endtime="20240207 17:22:22.406"/>
</kw>
<kw name="Sleep" library="BuiltIn">
<arg>2s</arg>
<doc>Pauses the test executed for the given time.</doc>
<msg timestamp="20240207 17:22:24.407" level="INFO">Slept 2 seconds</msg>
<status status="PASS" starttime="20240207 17:22:22.406" endtime="20240207 17:22:24.407"/>
</kw>
<status status="PASS" starttime="20240207 17:22:19.569" endtime="20240207 17:22:24.408"/>
</kw>
<status status="PASS" starttime="20240207 17:22:19.568" endtime="20240207 17:22:24.408"/>
</kw>
<kw name="Verify the purchase to Approve page" library="Kion_App">
<kw name="Expand Approval section" library="MyAccount">
<kw name="Click Element" library="SeleniumLibrary">
<arg>${MyApprovals_Link}</arg>
<doc>Click the element identified by ``locator``.</doc>
<msg timestamp="20240207 17:22:24.414" level="INFO">Clicking element '//p[normalize-space()='My Approvals']'.</msg>
<status status="PASS" starttime="20240207 17:22:24.413" endtime="20240207 17:22:24.549"/>
</kw>
<kw name="Wait Until Element Is Visible" library="SeleniumLibrary">
<arg>${PurchasetoApprove_Link}</arg>
<doc>Waits until the element ``locator`` is visible.</doc>
<status status="PASS" starttime="20240207 17:22:24.549" endtime="20240207 17:22:24.819"/>
</kw>
<status status="PASS" starttime="20240207 17:22:24.411" endtime="20240207 17:22:24.819"/>
</kw>
<kw name="go to purchase to Approve page" library="MyAccount">
<kw name="Click Element" library="SeleniumLibrary">
<arg>${PurchasetoApprove_Link}</arg>
<doc>Click the element identified by ``locator``.</doc>
<msg timestamp="20240207 17:22:24.822" level="INFO">Clicking element '//a[@title='Purchases to Approve']'.</msg>
<status status="PASS" starttime="20240207 17:22:24.820" endtime="20240207 17:22:31.162"/>
</kw>
<kw name="Page Should Contain" library="SeleniumLibrary">
<arg>${PurchasetoApprove_PageHeading}</arg>
<doc>Verifies that current page contains ``text``.</doc>
<msg timestamp="20240207 17:22:31.180" level="INFO">Current page contains text 'Purchases to Approve'.</msg>
<status status="PASS" starttime="20240207 17:22:31.162" endtime="20240207 17:22:31.180"/>
</kw>
<kw name="Sleep" library="BuiltIn">
<arg>2s</arg>
<doc>Pauses the test executed for the given time.</doc>
<msg timestamp="20240207 17:22:33.181" level="INFO">Slept 2 seconds</msg>
<status status="PASS" starttime="20240207 17:22:31.180" endtime="20240207 17:22:33.181"/>
</kw>
<status status="PASS" starttime="20240207 17:22:24.820" endtime="20240207 17:22:33.181"/>
</kw>
<status status="PASS" starttime="20240207 17:22:24.409" endtime="20240207 17:22:33.181"/>
</kw>
<kw name="Verify the Approval rejected purchases" library="Kion_App">
<kw name="go to Approval Rejected purchases page" library="MyAccount">
<kw name="Click Element" library="SeleniumLibrary">
<arg>${App_Rejected_Purchases}</arg>
<doc>Click the element identified by ``locator``.</doc>
<msg timestamp="20240207 17:22:33.183" level="INFO">Clicking element '//a[@href='https://tst.lindelink.com/rejected-purchase-approvals']'.</msg>
<status status="PASS" starttime="20240207 17:22:33.182" endtime="20240207 17:22:35.665"/>
</kw>
<kw name="Page Should Contain" library="SeleniumLibrary">
<arg>${App_Rejected_Purchases_PageHeading}</arg>
<doc>Verifies that current page contains ``text``.</doc>
<msg timestamp="20240207 17:22:35.687" level="INFO">Current page contains text 'Rejected Purchases'.</msg>
<status status="PASS" starttime="20240207 17:22:35.666" endtime="20240207 17:22:35.687"/>
</kw>
<kw name="Sleep" library="BuiltIn">
<arg>2s</arg>
<doc>Pauses the test executed for the given time.</doc>
<msg timestamp="20240207 17:22:37.688" level="INFO">Slept 2 seconds</msg>
<status status="PASS" starttime="20240207 17:22:35.687" endtime="20240207 17:22:37.688"/>
</kw>
<status status="PASS" starttime="20240207 17:22:33.182" endtime="20240207 17:22:37.688"/>
</kw>
<status status="PASS" starttime="20240207 17:22:33.182" endtime="20240207 17:22:37.688"/>
</kw>
<kw name="Verify the Approval Approved purchases" library="Kion_App">
<kw name="go to Approval Approved purchases page" library="MyAccount">
<kw name="Click Element" library="SeleniumLibrary">
<arg>${App_Approved_Purchases}</arg>
<doc>Click the element identified by ``locator``.</doc>
<msg timestamp="20240207 17:22:37.692" level="INFO">Clicking element '//a[@title='Approved Purchases']'.</msg>
<status status="PASS" starttime="20240207 17:22:37.691" endtime="20240207 17:22:40.248"/>
</kw>
<kw name="Page Should Contain" library="SeleniumLibrary">
<arg>${App_Approved_Purchases_PageHeading}</arg>
<doc>Verifies that current page contains ``text``.</doc>
<msg timestamp="20240207 17:22:40.278" level="INFO">Current page contains text 'Approved Purchases'.</msg>
<status status="PASS" starttime="20240207 17:22:40.248" endtime="20240207 17:22:40.278"/>
</kw>
<kw name="Sleep" library="BuiltIn">
<arg>2s</arg>
<doc>Pauses the test executed for the given time.</doc>
<msg timestamp="20240207 17:22:42.279" level="INFO">Slept 2 seconds</msg>
<status status="PASS" starttime="20240207 17:22:40.278" endtime="20240207 17:22:42.279"/>
</kw>
<status status="PASS" starttime="20240207 17:22:37.690" endtime="20240207 17:22:42.279"/>
</kw>
<status status="PASS" starttime="20240207 17:22:37.689" endtime="20240207 17:22:42.279"/>
</kw>
<kw name="Verify the BackInStock Notification" library="Kion_App">
<kw name="Expand the Notification section" library="MyAccount">
<kw name="Click Element" library="SeleniumLibrary">
<arg>${Notification_Link}</arg>
<doc>Click the element identified by ``locator``.</doc>
<msg timestamp="20240207 17:22:42.283" level="INFO">Clicking element '//p[normalize-space()='Notifications']'.</msg>
<status status="PASS" starttime="20240207 17:22:42.282" endtime="20240207 17:22:42.434"/>
</kw>
<kw name="Sleep" library="BuiltIn">
<arg>2s</arg>
<doc>Pauses the test executed for the given time.</doc>
<msg timestamp="20240207 17:22:44.434" level="INFO">Slept 2 seconds</msg>
<status status="PASS" starttime="20240207 17:22:42.434" endtime="20240207 17:22:44.434"/>
</kw>
<status status="PASS" starttime="20240207 17:22:42.281" endtime="20240207 17:22:44.434"/>
</kw>
<kw name="go to backIn Stock notification page" library="MyAccount">
<kw name="Click Element" library="SeleniumLibrary">
<arg>${BackInStock_Link}</arg>
<doc>Click the element identified by ``locator``.</doc>
<msg timestamp="20240207 17:22:44.435" level="INFO">Clicking element '//a[@title='Back In Stock']'.</msg>
<status status="PASS" starttime="20240207 17:22:44.435" endtime="20240207 17:22:47.570"/>
</kw>
<kw name="Page Should Contain" library="SeleniumLibrary">
<arg>${BackInStock_PageHeading}</arg>
<doc>Verifies that current page contains ``text``.</doc>
<msg timestamp="20240207 17:22:47.594" level="INFO">Current page contains text 'Product Notifications'.</msg>
<status status="PASS" starttime="20240207 17:22:47.571" endtime="20240207 17:22:47.594"/>
</kw>
<kw name="Sleep" library="BuiltIn">
<arg>2s</arg>
<doc>Pauses the test executed for the given time.</doc>
<msg timestamp="20240207 17:22:49.594" level="INFO">Slept 2 seconds</msg>
<status status="PASS" starttime="20240207 17:22:47.594" endtime="20240207 17:22:49.594"/>
</kw>
<status status="PASS" starttime="20240207 17:22:44.434" endtime="20240207 17:22:49.594"/>
</kw>
<status status="PASS" starttime="20240207 17:22:42.281" endtime="20240207 17:22:49.594"/>
</kw>
<kw name="Verify the changes in price Notification" library="Kion_App">
<kw name="go to Chages in price notification page" library="MyAccount">
<kw name="Click Element" library="SeleniumLibrary">
<arg>${Changein_Price_Link}</arg>
<doc>Click the element identified by ``locator``.</doc>
<msg timestamp="20240207 17:22:49.597" level="INFO">Clicking element '//a[@title='Changes in Price']'.</msg>
<status status="PASS" starttime="20240207 17:22:49.595" endtime="20240207 17:22:52.287"/>
</kw>
<kw name="Page Should Contain" library="SeleniumLibrary">
<arg>${Changein_Price_PageHeading}</arg>
<doc>Verifies that current page contains ``text``.</doc>
<msg timestamp="20240207 17:22:52.304" level="INFO">Current page contains text 'Product Notifications'.</msg>
<status status="PASS" starttime="20240207 17:22:52.288" endtime="20240207 17:22:52.304"/>
</kw>
<kw name="Sleep" library="BuiltIn">
<arg>2s</arg>
<doc>Pauses the test executed for the given time.</doc>
<msg timestamp="20240207 17:22:54.304" level="INFO">Slept 2 seconds</msg>
<status status="PASS" starttime="20240207 17:22:52.304" endtime="20240207 17:22:54.304"/>
</kw>
<status status="PASS" starttime="20240207 17:22:49.594" endtime="20240207 17:22:54.304"/>
</kw>
<status status="PASS" starttime="20240207 17:22:49.594" endtime="20240207 17:22:54.304"/>
</kw>
<kw name="Verify the profile setting page" library="Kion_App">
<kw name="Expand the My profile section" library="MyAccount">
<kw name="Click Element" library="SeleniumLibrary">
<arg>${MyProfile_Link}</arg>
<doc>Click the element identified by ``locator``.</doc>
<msg timestamp="20240207 17:22:54.306" level="INFO">Clicking element '//p[normalize-space()='My Profile']'.</msg>
<status status="PASS" starttime="20240207 17:22:54.306" endtime="20240207 17:22:54.454"/>
</kw>
<kw name="Sleep" library="BuiltIn">
<arg>1s</arg>
<doc>Pauses the test executed for the given time.</doc>
<msg timestamp="20240207 17:22:55.455" level="INFO">Slept 1 second</msg>
<status status="PASS" starttime="20240207 17:22:54.454" endtime="20240207 17:22:55.455"/>
</kw>
<status status="PASS" starttime="20240207 17:22:54.305" endtime="20240207 17:22:55.455"/>
</kw>
<kw name="go to profile setting page" library="MyAccount">
<kw name="Click Element" library="SeleniumLibrary">
<arg>${ProfileSetting_Link}</arg>
<doc>Click the element identified by ``locator``.</doc>
<msg timestamp="20240207 17:22:55.456" level="INFO">Clicking element '//a[normalize-space()='Profile Settings']'.</msg>
<status status="PASS" starttime="20240207 17:22:55.455" endtime="20240207 17:22:58.029"/>
</kw>
<kw name="Page Should Contain" library="SeleniumLibrary">
<arg>${ProfileSetting_PageHeading}</arg>
<doc>Verifies that current page contains ``text``.</doc>
<msg timestamp="20240207 17:22:58.056" level="INFO">Current page contains text 'Profile Settings'.</msg>
<status status="PASS" starttime="20240207 17:22:58.030" endtime="20240207 17:22:58.056"/>
</kw>
<kw name="Sleep" library="BuiltIn">
<arg>2s</arg>
<doc>Pauses the test executed for the given time.</doc>
<msg timestamp="20240207 17:23:00.058" level="INFO">Slept 2 seconds</msg>
<status status="PASS" starttime="20240207 17:22:58.056" endtime="20240207 17:23:00.058"/>
</kw>
<status status="PASS" starttime="20240207 17:22:55.455" endtime="20240207 17:23:00.058"/>
</kw>
<status status="PASS" starttime="20240207 17:22:54.305" endtime="20240207 17:23:00.058"/>
</kw>
<kw name="Verify the Addressed page" library="Kion_App">
<kw name="Expand My Organization section" library="MyAccount">
<kw name="Click Element" library="SeleniumLibrary">
<arg>${MyOrganaization_Link}</arg>
<doc>Click the element identified by ``locator``.</doc>
<msg timestamp="20240207 17:23:00.063" level="INFO">Clicking element '//p[normalize-space()='My Organization']'.</msg>
<status status="PASS" starttime="20240207 17:23:00.063" endtime="20240207 17:23:00.447"/>
</kw>
<status status="PASS" starttime="20240207 17:23:00.062" endtime="20240207 17:23:00.448"/>
</kw>
<kw name="go to Addresses page" library="MyAccount">
<kw name="Click Element" library="SeleniumLibrary">
<arg>${Addresses_Link}</arg>
<doc>Click the element identified by ``locator``.</doc>
<msg timestamp="20240207 17:23:00.450" level="INFO">Clicking element '//a[normalize-space()='Addresses']'.</msg>
<status status="PASS" starttime="20240207 17:23:00.449" endtime="20240207 17:23:05.301"/>
</kw>
<kw name="Page Should Contain" library="SeleniumLibrary">
<arg>${Addresses_PageHeading}</arg>
<doc>Verifies that current page contains ``text``.</doc>
<msg timestamp="20240207 17:23:05.327" level="INFO">Current page contains text 'Addresses'.</msg>
<status status="PASS" starttime="20240207 17:23:05.301" endtime="20240207 17:23:05.327"/>
</kw>
<kw name="Sleep" library="BuiltIn">
<arg>2s</arg>
<doc>Pauses the test executed for the given time.</doc>
<msg timestamp="20240207 17:23:07.327" level="INFO">Slept 2 seconds</msg>
<status status="PASS" starttime="20240207 17:23:05.327" endtime="20240207 17:23:07.327"/>
</kw>
<status status="PASS" starttime="20240207 17:23:00.448" endtime="20240207 17:23:07.327"/>
</kw>
<status status="PASS" starttime="20240207 17:23:00.061" endtime="20240207 17:23:07.327"/>
</kw>
<kw name="Verify the My Account payments page" library="Kion_App">
<kw name="go to Payment page" library="MyAccount">
<kw name="Click Element" library="SeleniumLibrary">
<arg>${Payment_Link}</arg>
<doc>Click the element identified by ``locator``.</doc>
<msg timestamp="20240207 17:23:07.329" level="INFO">Clicking element '//a[normalize-space()='Payment']'.</msg>
<status status="PASS" starttime="20240207 17:23:07.328" endtime="20240207 17:23:10.441"/>
</kw>
<kw name="Page Should Contain" library="SeleniumLibrary">
<arg>${Payment_PageHeading}</arg>
<doc>Verifies that current page contains ``text``.</doc>
<msg timestamp="20240207 17:23:10.460" level="INFO">Current page contains text 'Saved Payment Information'.</msg>
<status status="PASS" starttime="20240207 17:23:10.442" endtime="20240207 17:23:10.460"/>
</kw>
<kw name="Sleep" library="BuiltIn">
<arg>2s</arg>
<doc>Pauses the test executed for the given time.</doc>
<msg timestamp="20240207 17:23:12.460" level="INFO">Slept 2 seconds</msg>
<status status="PASS" starttime="20240207 17:23:10.460" endtime="20240207 17:23:12.460"/>
</kw>
<status status="PASS" starttime="20240207 17:23:07.328" endtime="20240207 17:23:12.460"/>
</kw>
<status status="PASS" starttime="20240207 17:23:07.328" endtime="20240207 17:23:12.460"/>
</kw>
<kw name="Verify the Users Page" library="Kion_App">
<kw name="go to Users page" library="MyAccount">
<kw name="Click Element" library="SeleniumLibrary">
<arg>${Users_Link}</arg>
<doc>Click the element identified by ``locator``.</doc>
<msg timestamp="20240207 17:23:12.465" level="INFO">Clicking element '//a[normalize-space()='Users']'.</msg>
<status status="PASS" starttime="20240207 17:23:12.464" endtime="20240207 17:23:16.115"/>
</kw>
<kw name="Page Should Contain" library="SeleniumLibrary">
<arg>${Users_PageHeading}</arg>
<doc>Verifies that current page contains ``text``.</doc>
<msg timestamp="20240207 17:23:16.143" level="INFO">Current page contains text 'Users'.</msg>
<status status="PASS" starttime="20240207 17:23:16.116" endtime="20240207 17:23:16.143"/>
</kw>
<kw name="Sleep" library="BuiltIn">
<arg>2s</arg>
<doc>Pauses the test executed for the given time.</doc>
<msg timestamp="20240207 17:23:18.145" level="INFO">Slept 2 seconds</msg>
<status status="PASS" starttime="20240207 17:23:16.144" endtime="20240207 17:23:18.145"/>
</kw>
<status status="PASS" starttime="20240207 17:23:12.463" endtime="20240207 17:23:18.145"/>
</kw>
<status status="PASS" starttime="20240207 17:23:12.462" endtime="20240207 17:23:18.145"/>
</kw>
<kw name="Go Home" library="Kion_App">
<kw name="Go Home" library="HomePage">
<kw name="Wait Until Element Is Visible" library="SeleniumLibrary">
<arg>${Header_Logo}</arg>
<doc>Waits until the element ``locator`` is visible.</doc>
<status status="PASS" starttime="20240207 17:23:18.146" endtime="20240207 17:23:18.185"/>
</kw>
<kw name="Click Element" library="SeleniumLibrary">
<arg>${Header_Logo}</arg>
<doc>Click the element identified by ``locator``.</doc>
<msg timestamp="20240207 17:23:18.186" level="INFO">Clicking element '//img[@alt='Logo']'.</msg>
<status status="PASS" starttime="20240207 17:23:18.186" endtime="20240207 17:23:25.311"/>
</kw>
<status status="PASS" starttime="20240207 17:23:18.145" endtime="20240207 17:23:25.311"/>
</kw>
<status status="PASS" starttime="20240207 17:23:18.145" endtime="20240207 17:23:25.311"/>
</kw>
<tag>22</tag>
<tag>EEE</tag>
<tag>Smoke</tag>
<status status="PASS" starttime="20240207 17:21:07.313" endtime="20240207 17:23:25.313"/>
</test>
<test id="s1-s1-t2" name="To verify the informations are displaying in the Truck Order detail Page" line="403">
<kw name="Verify the truck details page contents" library="Kion_App">
<kw name="go to My Account Overview" library="MyAccount">
<kw name="Click Element" library="SeleniumLibrary">
<arg>${MyAccountLink}</arg>
<doc>Click the element identified by ``locator``.</doc>
<msg timestamp="20240207 17:23:25.321" level="INFO">Clicking element '//i[@class='icon-users']'.</msg>
<status status="PASS" starttime="20240207 17:23:25.321" endtime="20240207 17:23:27.983"/>
</kw>
<kw name="Page Should Contain" library="SeleniumLibrary">
<arg>${MyAccount_Overview_PageHeading}</arg>
<doc>Verifies that current page contains ``text``.</doc>
<msg timestamp="20240207 17:23:28.006" level="INFO">Current page contains text 'Welcome back!'.</msg>
<status status="PASS" starttime="20240207 17:23:27.983" endtime="20240207 17:23:28.007"/>
</kw>
<kw name="Sleep" library="BuiltIn">
<arg>1s</arg>
<doc>Pauses the test executed for the given time.</doc>
<msg timestamp="20240207 17:23:29.008" level="INFO">Slept 1 second</msg>
<status status="PASS" starttime="20240207 17:23:28.007" endtime="20240207 17:23:29.008"/>
</kw>
<status status="PASS" starttime="20240207 17:23:25.319" endtime="20240207 17:23:29.008"/>
</kw>
<kw name="go to truck sales page" library="MyAccount">
<kw name="Click Element" library="SeleniumLibrary">
<arg>${TruckSales_Link}</arg>
<doc>Click the element identified by ``locator``.</doc>
<msg timestamp="20240207 17:23:29.010" level="INFO">Clicking element '//a[@title='Returns'][normalize-space()='Truck Sales']'.</msg>
<status status="PASS" starttime="20240207 17:23:29.009" endtime="20240207 17:23:32.160"/>
</kw>
<kw name="Page Should Contain" library="SeleniumLibrary">
<arg>${TruckSales_PageHeading}</arg>
<doc>Verifies that current page contains ``text``.</doc>
<msg timestamp="20240207 17:23:32.184" level="INFO">Current page contains text 'Truck Sales'.</msg>
<status status="PASS" starttime="20240207 17:23:32.160" endtime="20240207 17:23:32.184"/>
</kw>
<kw name="Sleep" library="BuiltIn">
<arg>2s</arg>
<doc>Pauses the test executed for the given time.</doc>
<msg timestamp="20240207 17:23:34.185" level="INFO">Slept 2 seconds</msg>
<status status="PASS" starttime="20240207 17:23:32.184" endtime="20240207 17:23:34.185"/>
</kw>
<status status="PASS" starttime="20240207 17:23:29.008" endtime="20240207 17:23:34.185"/>
</kw>
<kw name="Verify the trucksales details page contents" library="TruckSales">
<kw name="Click Element" library="SeleniumLibrary">
<arg>${TS_SearchTrucksButton}</arg>
<doc>Click the element identified by ``locator``.</doc>
<msg timestamp="20240207 17:23:34.187" level="INFO">Clicking element '//button[.='Search Trucks']'.</msg>
<status status="PASS" starttime="20240207 17:23:34.186" endtime="20240207 17:23:48.949"/>
</kw>
<kw name="Click Element" library="SeleniumLibrary">
<arg>${TS_OrderColumn}</arg>
<doc>Click the element identified by ``locator``.</doc>
<msg timestamp="20240207 17:23:48.950" level="INFO">Clicking element '//th[@data-sort='DocumentNo']'.</msg>
<status status="PASS" starttime="20240207 17:23:48.949" endtime="20240207 17:23:49.173"/>
</kw>
<kw name="Sleep" library="BuiltIn">
<arg>2s</arg>
<doc>Pauses the test executed for the given time.</doc>
<msg timestamp="20240207 17:23:51.175" level="INFO">Slept 2 seconds</msg>
<status status="PASS" starttime="20240207 17:23:49.174" endtime="20240207 17:23:51.175"/>
</kw>
<kw name="Click Link" library="SeleniumLibrary">
<arg>${TS_OrderColumnAsc}</arg>
<doc>Clicks a link identified by ``locator``.</doc>
<msg timestamp="20240207 17:23:51.176" level="INFO">Clicking link '1139788'.</msg>
<status status="PASS" starttime="20240207 17:23:51.175" endtime="20240207 17:23:53.867"/>
</kw>
<kw name="Page Should Contain" library="SeleniumLibrary">
<arg>${TSD_Heading}</arg>
<doc>Verifies that current page contains ``text``.</doc>
<msg timestamp="20240207 17:23:53.894" level="INFO">Current page contains text 'Truck Sales'.</msg>
<status status="PASS" starttime="20240207 17:23:53.868" endtime="20240207 17:23:53.894"/>
</kw>
<kw name="Page Should Contain" library="SeleniumLibrary">
<arg>${TSD_TruckOrderSummaryHeading}</arg>
<doc>Verifies that current page contains ``text``.</doc>
<msg timestamp="20240207 17:23:53.924" level="INFO">Current page contains text 'Truck Order Summary (Truck Sales)'.</msg>
<status status="PASS" starttime="20240207 17:23:53.895" endtime="20240207 17:23:53.924"/>
</kw>
<kw name="Page Should Contain" library="SeleniumLibrary">
<arg>${TSD_OrderLabel}</arg>
<doc>Verifies that current page contains ``text``.</doc>
<msg timestamp="20240207 17:23:53.952" level="INFO">Current page contains text 'Order #:'.</msg>
<status status="PASS" starttime="20240207 17:23:53.924" endtime="20240207 17:23:53.952"/>
</kw>
<kw name="Page Should Contain" library="SeleniumLibrary">
<arg>${TSD_PurchaseOrderLabel}</arg>
<doc>Verifies that current page contains ``text``.</doc>
<msg timestamp="20240207 17:23:53.985" level="INFO">Current page contains text 'Purchase Order #:'.</msg>
<status status="PASS" starttime="20240207 17:23:53.953" endtime="20240207 17:23:53.985"/>
</kw>
<kw name="Page Should Contain" library="SeleniumLibrary">
<arg>${TSD_PurchaseOrderDateLabel}</arg>
<doc>Verifies that current page contains ``text``.</doc>
<msg timestamp="20240207 17:23:54.005" level="INFO">Current page contains text 'Purchase Order Date:'.</msg>
<status status="PASS" starttime="20240207 17:23:53.986" endtime="20240207 17:23:54.005"/>
</kw>
<kw name="Page Should Contain" library="SeleniumLibrary">
<arg>${TSD_OrderReasonLabel}</arg>
<doc>Verifies that current page contains ``text``.</doc>
<msg timestamp="20240207 17:23:54.024" level="INFO">Current page contains text 'Order Reason:'.</msg>
<status status="PASS" starttime="20240207 17:23:54.005" endtime="20240207 17:23:54.024"/>
</kw>
<kw name="Page Should Contain" library="SeleniumLibrary">
<arg>${TSD_FactoryShipDateLabel}</arg>
<doc>Verifies that current page contains ``text``.</doc>
<msg timestamp="20240207 17:23:54.043" level="INFO">Current page contains text 'Factory Ship Date:'.</msg>
<status status="PASS" starttime="20240207 17:23:54.025" endtime="20240207 17:23:54.043"/>
</kw>
<kw name="Page Should Contain" library="SeleniumLibrary">
<arg>${TSD_BillToAddressLabel}</arg>
<doc>Verifies that current page contains ``text``.</doc>
<msg timestamp="20240207 17:23:54.060" level="INFO">Current page contains text 'Bill-To-Address:'.</msg>
<status status="PASS" starttime="20240207 17:23:54.043" endtime="20240207 17:23:54.060"/>
</kw>
<kw name="Page Should Contain" library="SeleniumLibrary">
<arg>${TSD_ShiptoAddressLabel}</arg>
<doc>Verifies that current page contains ``text``.</doc>
<msg timestamp="20240207 17:23:54.078" level="INFO">Current page contains text 'Ship-To-Address:'.</msg>
<status status="PASS" starttime="20240207 17:23:54.060" endtime="20240207 17:23:54.078"/>
</kw>
<kw name="Page Should Contain" library="SeleniumLibrary">
<arg>${TSD_MessageLabel}</arg>
<doc>Verifies that current page contains ``text``.</doc>
<msg timestamp="20240207 17:23:54.096" level="INFO">Current page contains text 'Message:'.</msg>
<status status="PASS" starttime="20240207 17:23:54.078" endtime="20240207 17:23:54.096"/>
</kw>
<kw name="Page Should Contain" library="SeleniumLibrary">
<arg>${TSD_TruckmodelLabel}</arg>
<doc>Verifies that current page contains ``text``.</doc>
<msg timestamp="20240207 17:23:54.112" level="INFO">Current page contains text 'Truck Model:'.</msg>
<status status="PASS" starttime="20240207 17:23:54.096" endtime="20240207 17:23:54.112"/>
</kw>
<kw name="Page Should Contain" library="SeleniumLibrary">
<arg>${TSD_ShipmentTypeLabel}</arg>
<doc>Verifies that current page contains ``text``.</doc>
<msg timestamp="20240207 17:23:54.131" level="INFO">Current page contains text 'Shipment Type:'.</msg>
<status status="PASS" starttime="20240207 17:23:54.112" endtime="20240207 17:23:54.131"/>
</kw>
<kw name="Page Should Contain" library="SeleniumLibrary">
<arg>${TSD_IncotermsLabel}</arg>
<doc>Verifies that current page contains ``text``.</doc>
<msg timestamp="20240207 17:23:54.148" level="INFO">Current page contains text 'Incoterms:'.</msg>
<status status="PASS" starttime="20240207 17:23:54.131" endtime="20240207 17:23:54.148"/>
</kw>
<kw name="Page Should Contain" library="SeleniumLibrary">
<arg>${TSD_PaymentTermsLabel}</arg>
<doc>Verifies that current page contains ``text``.</doc>
<msg timestamp="20240207 17:23:54.164" level="INFO">Current page contains text 'Payment Term:'.</msg>
<status status="PASS" starttime="20240207 17:23:54.148" endtime="20240207 17:23:54.165"/>
</kw>
<kw name="Page Should Contain" library="SeleniumLibrary">
<arg>${TSD_OrderStatusLabel}</arg>
<doc>Verifies that current page contains ``text``.</doc>
<msg timestamp="20240207 17:23:54.182" level="INFO">Current page contains text 'Order Status:'.</msg>
<status status="PASS" starttime="20240207 17:23:54.165" endtime="20240207 17:23:54.182"/>
</kw>
<kw name="Page Should Contain" library="SeleniumLibrary">
<arg>${TSD_LineItemHeading}</arg>
<doc>Verifies that current page contains ``text``.</doc>
<msg timestamp="20240207 17:23:54.198" level="INFO">Current page contains text 'Truck Order Items'.</msg>
<status status="PASS" starttime="20240207 17:23:54.182" endtime="20240207 17:23:54.198"/>
</kw>
<kw name="Page Should Contain" library="SeleniumLibrary">
<arg>${TSD_LineItemDeliveryHeading}</arg>
<doc>Verifies that current page contains ``text``.</doc>
<msg timestamp="20240207 17:23:54.213" level="INFO">Current page contains text 'Delivery'.</msg>
<status status="PASS" starttime="20240207 17:23:54.198" endtime="20240207 17:23:54.214"/>
</kw>
<kw name="Page Should Contain" library="SeleniumLibrary">
<arg>${TSD_LineItemOrderHeading}</arg>
<doc>Verifies that current page contains ``text``.</doc>
<msg timestamp="20240207 17:23:54.232" level="INFO">Current page contains text 'Order'.</msg>
<status status="PASS" starttime="20240207 17:23:54.214" endtime="20240207 17:23:54.233"/>
</kw>
<kw name="Page Should Contain" library="SeleniumLibrary">
<arg>${TSD_ItemColumn}</arg>
<doc>Verifies that current page contains ``text``.</doc>
<msg timestamp="20240207 17:23:54.249" level="INFO">Current page contains text 'Item'.</msg>
<status status="PASS" starttime="20240207 17:23:54.233" endtime="20240207 17:23:54.249"/>
</kw>
<kw name="Page Should Contain" library="SeleniumLibrary">
<arg>${TSD_TruckOptionColumn}</arg>
<doc>Verifies that current page contains ``text``.</doc>
<msg timestamp="20240207 17:23:54.266" level="INFO">Current page contains text 'Truck Option'.</msg>
<status status="PASS" starttime="20240207 17:23:54.249" endtime="20240207 17:23:54.266"/>
</kw>
<kw name="Page Should Contain" library="SeleniumLibrary">
<arg>${TSD_QTYColumn}</arg>
<doc>Verifies that current page contains ``text``.</doc>
<msg timestamp="20240207 17:23:54.282" level="INFO">Current page contains text 'Qty'.</msg>
<status status="PASS" starttime="20240207 17:23:54.266" endtime="20240207 17:23:54.282"/>
</kw>
<kw name="Page Should Contain" library="SeleniumLibrary">
<arg>${TSD_DateColumn}</arg>
<doc>Verifies that current page contains ``text``.</doc>
<msg timestamp="20240207 17:23:54.422" level="INFO">Current page contains text 'Date'.</msg>
<status status="PASS" starttime="20240207 17:23:54.283" endtime="20240207 17:23:54.423"/>
</kw>
<kw name="Page Should Contain" library="SeleniumLibrary">
<arg>${TSD_DocNoColumn}</arg>
<doc>Verifies that current page contains ``text``.</doc>
<msg timestamp="20240207 17:23:54.443" level="INFO">Current page contains text 'Doc No.'.</msg>
<status status="PASS" starttime="20240207 17:23:54.423" endtime="20240207 17:23:54.443"/>
</kw>
<kw name="Page Should Contain" library="SeleniumLibrary">
<arg>${TSD_TotalNetLabel}</arg>
<doc>Verifies that current page contains ``text``.</doc>
<msg timestamp="20240207 17:23:54.457" level="INFO">Current page contains text 'Total Net:'.</msg>
<status status="PASS" starttime="20240207 17:23:54.443" endtime="20240207 17:23:54.457"/>
</kw>
<kw name="Page Should Contain Element" library="SeleniumLibrary">
<arg>${TSD_BackButton}</arg>
<doc>Verifies that element ``locator`` is found on the current page.</doc>
<msg timestamp="20240207 17:23:54.468" level="INFO">Current page contains element '//button[@class='btn btn-primary']'.</msg>
<status status="PASS" starttime="20240207 17:23:54.457" endtime="20240207 17:23:54.468"/>
</kw>
<kw name="Page Should Contain Element" library="SeleniumLibrary">
<arg>${TS_PrintButton}</arg>
<doc>Verifies that element ``locator`` is found on the current page.</doc>
<msg timestamp="20240207 17:23:54.479" level="INFO">Current page contains element '//a[@title='Print']'.</msg>
<status status="PASS" starttime="20240207 17:23:54.468" endtime="20240207 17:23:54.479"/>
</kw>
<status status="PASS" starttime="20240207 17:23:34.185" endtime="20240207 17:23:54.479"/>
</kw>
<status status="PASS" starttime="20240207 17:23:25.318" endtime="20240207 17:23:54.479"/>
</kw>
<kw name="Go Home" library="Kion_App">
<kw name="Go Home" library="HomePage">
<kw name="Wait Until Element Is Visible" library="SeleniumLibrary">
<arg>${Header_Logo}</arg>
<doc>Waits until the element ``locator`` is visible.</doc>
<status status="PASS" starttime="20240207 17:23:54.480" endtime="20240207 17:23:54.502"/>
</kw>
<kw name="Click Element" library="SeleniumLibrary">
<arg>${Header_Logo}</arg>
<doc>Click the element identified by ``locator``.</doc>
<msg timestamp="20240207 17:23:54.502" level="INFO">Clicking element '//img[@alt='Logo']'.</msg>
<status status="PASS" starttime="20240207 17:23:54.502" endtime="20240207 17:24:00.062"/>
</kw>
<status status="PASS" starttime="20240207 17:23:54.480" endtime="20240207 17:24:00.063"/>
</kw>
<status status="PASS" starttime="20240207 17:23:54.479" endtime="20240207 17:24:00.063"/>
</kw>
<tag>63</tag>
<tag>EEE</tag>
<tag>Smoke</tag>
<status status="PASS" starttime="20240207 17:23:25.315" endtime="20240207 17:24:00.064"/>
</test>
<test id="s1-s1-t3" name="To verify the Serial number field in the Truck search page." line="408">
<kw name="Verify the truck Search page Serial Number field" library="Kion_App">
<kw name="go to My Account Overview" library="MyAccount">
<kw name="Click Element" library="SeleniumLibrary">
<arg>${MyAccountLink}</arg>
<doc>Click the element identified by ``locator``.</doc>
<msg timestamp="20240207 17:24:00.074" level="INFO">Clicking element '//i[@class='icon-users']'.</msg>
<status status="PASS" starttime="20240207 17:24:00.070" endtime="20240207 17:24:03.309"/>
</kw>
<kw name="Page Should Contain" library="SeleniumLibrary">
<arg>${MyAccount_Overview_PageHeading}</arg>
<doc>Verifies that current page contains ``text``.</doc>
<msg timestamp="20240207 17:24:03.369" level="INFO">Current page contains text 'Welcome back!'.</msg>
<status status="PASS" starttime="20240207 17:24:03.309" endtime="20240207 17:24:03.369"/>
</kw>
<kw name="Sleep" library="BuiltIn">
<arg>1s</arg>
<doc>Pauses the test executed for the given time.</doc>
<msg timestamp="20240207 17:24:04.370" level="INFO">Slept 1 second</msg>
<status status="PASS" starttime="20240207 17:24:03.369" endtime="20240207 17:24:04.370"/>
</kw>
<status status="PASS" starttime="20240207 17:24:00.070" endtime="20240207 17:24:04.370"/>
</kw>
<kw name="go to truck search page" library="MyAccount">
<kw name="Click Element" library="SeleniumLibrary">
<arg>${TruckSearch_Link}</arg>
<doc>Click the element identified by ``locator``.</doc>
<msg timestamp="20240207 17:24:04.372" level="INFO">Clicking element '//a[@data-testing-id='link-trucksearch-templates']'.</msg>
<status status="PASS" starttime="20240207 17:24:04.371" endtime="20240207 17:24:06.878"/>
</kw>
<kw name="Page Should Contain" library="SeleniumLibrary">
<arg>${TruckSearch_PageHeading}</arg>
<doc>Verifies that current page contains ``text``.</doc>
<msg timestamp="20240207 17:24:06.900" level="INFO">Current page contains text 'Truck Search'.</msg>
<status status="PASS" starttime="20240207 17:24:06.878" endtime="20240207 17:24:06.901"/>
</kw>
<kw name="Sleep" library="BuiltIn">
<arg>2s</arg>
<doc>Pauses the test executed for the given time.</doc>
<msg timestamp="20240207 17:24:08.901" level="INFO">Slept 2 seconds</msg>
<status status="PASS" starttime="20240207 17:24:06.901" endtime="20240207 17:24:08.901"/>
</kw>
<status status="PASS" starttime="20240207 17:24:04.370" endtime="20240207 17:24:08.901"/>
</kw>
<kw name="Serialnumber field search" library="TruckSearch">
<kw name="Input Text" library="SeleniumLibrary">
<arg>${FT_SerialNumberField}</arg>
<arg>${FT_SerialNumber}</arg>
<doc>Types the given ``text`` into the text field identified by ``locator``.</doc>
<msg timestamp="20240207 17:24:08.903" level="INFO">Typing text 'H2Y388M00831' into text field '//input[@id='EquipmentSearchForm_SerialNumber']'.</msg>
<status status="PASS" starttime="20240207 17:24:08.902" endtime="20240207 17:24:09.110"/>
</kw>
<kw name="Click Element" library="SeleniumLibrary">
<arg>${FT_SearchTrucksButton}</arg>
<doc>Click the element identified by ``locator``.</doc>
<msg timestamp="20240207 17:24:09.110" level="INFO">Clicking element '//input[@id='searchTrucks']'.</msg>
<status status="PASS" starttime="20240207 17:24:09.110" endtime="20240207 17:24:11.978"/>
</kw>
<kw name="Page Should Contain" library="SeleniumLibrary">
<arg>${FT_SerialNumber}</arg>
<doc>Verifies that current page contains ``text``.</doc>
<msg timestamp="20240207 17:24:12.015" level="INFO">Current page contains text 'H2Y388M00831'.</msg>
<status status="PASS" starttime="20240207 17:24:11.980" endtime="20240207 17:24:12.015"/>
</kw>
<kw name="Page Should Contain Element" library="SeleniumLibrary">
<arg>${FT_SerialNumberColumn}</arg>
<doc>Verifies that element ``locator`` is found on the current page.</doc>
<msg timestamp="20240207 17:24:12.030" level="INFO">Current page contains element '//th[@data-sort='serialno']'.</msg>
<status status="PASS" starttime="20240207 17:24:12.015" endtime="20240207 17:24:12.030"/>
</kw>
<kw name="Page Should Contain Element" library="SeleniumLibrary">
<arg>${FT_TruckmodelColumn}</arg>
<doc>Verifies that element ``locator`` is found on the current page.</doc>
<msg timestamp="20240207 17:24:12.062" level="INFO">Current page contains element '//th[@data-sort='equidescr']'.</msg>
<status status="PASS" starttime="20240207 17:24:12.030" endtime="20240207 17:24:12.062"/>
</kw>
<kw name="Page Should Contain Element" library="SeleniumLibrary">
<arg>${FT_InstallTypeColumn}</arg>
<doc>Verifies that element ``locator`` is found on the current page.</doc>
<msg timestamp="20240207 17:24:12.195" level="INFO">Current page contains element '//th[@data-sort='equitype']'.</msg>
<status status="PASS" starttime="20240207 17:24:12.062" endtime="20240207 17:24:12.195"/>
</kw>
<kw name="Page Should Contain Element" library="SeleniumLibrary">
<arg>${FT_InstallDateColumn}</arg>
<doc>Verifies that element ``locator`` is found on the current page.</doc>
<msg timestamp="20240207 17:24:12.214" level="INFO">Current page contains element '//th[@data-sort='warrantystart']'.</msg>
<status status="PASS" starttime="20240207 17:24:12.195" endtime="20240207 17:24:12.214"/>
</kw>
<kw name="Page Should Contain Element" library="SeleniumLibrary">
<arg>${FT_WarrantyEndDateColumn}</arg>
<doc>Verifies that element ``locator`` is found on the current page.</doc>
<msg timestamp="20240207 17:24:12.229" level="INFO">Current page contains element '//th[@data-sort='warrantyend']'.</msg>
<status status="PASS" starttime="20240207 17:24:12.214" endtime="20240207 17:24:12.229"/>
</kw>
<kw name="Page Should Contain Element" library="SeleniumLibrary">
<arg>${FT_EXTWarrantyEndDateColumn}</arg>
<doc>Verifies that element ``locator`` is found on the current page.</doc>
<msg timestamp="20240207 17:24:12.242" level="INFO">Current page contains element '//th[@data-sort='extwarrantyend']'.</msg>
<status status="PASS" starttime="20240207 17:24:12.230" endtime="20240207 17:24:12.243"/>
</kw>
<kw name="Page Should Contain Element" library="SeleniumLibrary">
<arg>${FT_CustomerNameColumn}</arg>
<doc>Verifies that element ``locator`` is found on the current page.</doc>
<msg timestamp="20240207 17:24:12.255" level="INFO">Current page contains element '//th[@data-sort='customername']'.</msg>
<status status="PASS" starttime="20240207 17:24:12.243" endtime="20240207 17:24:12.255"/>
</kw>
<status status="PASS" starttime="20240207 17:24:08.901" endtime="20240207 17:24:12.255"/>
</kw>
<status status="PASS" starttime="20240207 17:24:00.068" endtime="20240207 17:24:12.255"/>
</kw>
<kw name="Go Home" library="Kion_App">
<kw name="Go Home" library="HomePage">
<kw name="Wait Until Element Is Visible" library="SeleniumLibrary">
<arg>${Header_Logo}</arg>
<doc>Waits until the element ``locator`` is visible.</doc>
<status status="PASS" starttime="20240207 17:24:12.256" endtime="20240207 17:24:12.275"/>
</kw>
<kw name="Click Element" library="SeleniumLibrary">
<arg>${Header_Logo}</arg>
<doc>Click the element identified by ``locator``.</doc>
<msg timestamp="20240207 17:24:12.276" level="INFO">Clicking element '//img[@alt='Logo']'.</msg>
<status status="PASS" starttime="20240207 17:24:12.276" endtime="20240207 17:24:17.323"/>
</kw>
<status status="PASS" starttime="20240207 17:24:12.256" endtime="20240207 17:24:17.323"/>
</kw>
<status status="PASS" starttime="20240207 17:24:12.256" endtime="20240207 17:24:17.323"/>
</kw>
<tag>64</tag>
<tag>EEE</tag>
<tag>Smoke</tag>
<status status="PASS" starttime="20240207 17:24:00.066" endtime="20240207 17:24:17.324"/>
</test>
<test id="s1-s1-t4" name="To verify the Description field in the Truck search page." line="413">
<kw name="Verify the truck Search page Description field" library="Kion_App">
<kw name="go to My Account Overview" library="MyAccount">
<kw name="Click Element" library="SeleniumLibrary">
<arg>${MyAccountLink}</arg>
<doc>Click the element identified by ``locator``.</doc>
<msg timestamp="20240207 17:24:17.329" level="INFO">Clicking element '//i[@class='icon-users']'.</msg>
<status status="PASS" starttime="20240207 17:24:17.329" endtime="20240207 17:24:19.557"/>
</kw>
<kw name="Page Should Contain" library="SeleniumLibrary">
<arg>${MyAccount_Overview_PageHeading}</arg>
<doc>Verifies that current page contains ``text``.</doc>
<msg timestamp="20240207 17:24:19.577" level="INFO">Current page contains text 'Welcome back!'.</msg>
<status status="PASS" starttime="20240207 17:24:19.557" endtime="20240207 17:24:19.577"/>
</kw>
<kw name="Sleep" library="BuiltIn">
<arg>1s</arg>
<doc>Pauses the test executed for the given time.</doc>
<msg timestamp="20240207 17:24:20.579" level="INFO">Slept 1 second</msg>
<status status="PASS" starttime="20240207 17:24:19.577" endtime="20240207 17:24:20.579"/>
</kw>
<status status="PASS" starttime="20240207 17:24:17.328" endtime="20240207 17:24:20.579"/>
</kw>
<kw name="go to truck search page" library="MyAccount">
<kw name="Click Element" library="SeleniumLibrary">
<arg>${TruckSearch_Link}</arg>
<doc>Click the element identified by ``locator``.</doc>
<msg timestamp="20240207 17:24:20.580" level="INFO">Clicking element '//a[@data-testing-id='link-trucksearch-templates']'.</msg>
<status status="PASS" starttime="20240207 17:24:20.580" endtime="20240207 17:24:23.107"/>
</kw>
<kw name="Page Should Contain" library="SeleniumLibrary">
<arg>${TruckSearch_PageHeading}</arg>
<doc>Verifies that current page contains ``text``.</doc>
<msg timestamp="20240207 17:24:23.125" level="INFO">Current page contains text 'Truck Search'.</msg>
<status status="PASS" starttime="20240207 17:24:23.108" endtime="20240207 17:24:23.125"/>
</kw>
<kw name="Sleep" library="BuiltIn">
<arg>2s</arg>
<doc>Pauses the test executed for the given time.</doc>
<msg timestamp="20240207 17:24:25.126" level="INFO">Slept 2 seconds</msg>
<status status="PASS" starttime="20240207 17:24:23.126" endtime="20240207 17:24:25.126"/>
</kw>
<status status="PASS" starttime="20240207 17:24:20.579" endtime="20240207 17:24:25.127"/>
</kw>
<kw name="Description field search" library="TruckSearch">
<kw name="Input Text" library="SeleniumLibrary">
<arg>${FT_DescriptionField}</arg>
<arg>${FT_DescriptionValue}</arg>
<doc>Types the given ``text`` into the text field identified by ``locator``.</doc>
<msg timestamp="20240207 17:24:25.129" level="INFO">Typing text 'MT12 1131 Finished Truck' into text field '//input[@id='EquipmentSearchForm_Description']'.</msg>
<status status="PASS" starttime="20240207 17:24:25.128" endtime="20240207 17:24:25.382"/>
</kw>
<kw name="Click Element" library="SeleniumLibrary">
<arg>${FT_SearchTrucksButton}</arg>
<doc>Click the element identified by ``locator``.</doc>
<msg timestamp="20240207 17:24:25.383" level="INFO">Clicking element '//input[@id='searchTrucks']'.</msg>
<status status="PASS" starttime="20240207 17:24:25.382" endtime="20240207 17:24:28.046"/>
</kw>
<kw name="Page Should Contain" library="SeleniumLibrary">
<arg>${FT_Descriptionvalue}</arg>
<doc>Verifies that current page contains ``text``.</doc>
<msg timestamp="20240207 17:24:28.068" level="INFO">Current page contains text 'MT12 1131 Finished Truck'.</msg>
<status status="PASS" starttime="20240207 17:24:28.047" endtime="20240207 17:24:28.068"/>
</kw>
<kw name="Page Should Contain Element" library="SeleniumLibrary">
<arg>${FT_SerialNumberColumn}</arg>
<doc>Verifies that element ``locator`` is found on the current page.</doc>
<msg timestamp="20240207 17:24:28.080" level="INFO">Current page contains element '//th[@data-sort='serialno']'.</msg>
<status status="PASS" starttime="20240207 17:24:28.069" endtime="20240207 17:24:28.080"/>
</kw>
<kw name="Page Should Contain Element" library="SeleniumLibrary">
<arg>${FT_TruckmodelColumn}</arg>
<doc>Verifies that element ``locator`` is found on the current page.</doc>
<msg timestamp="20240207 17:24:28.091" level="INFO">Current page contains element '//th[@data-sort='equidescr']'.</msg>
<status status="PASS" starttime="20240207 17:24:28.081" endtime="20240207 17:24:28.091"/>
</kw>
<kw name="Page Should Contain Element" library="SeleniumLibrary">
<arg>${FT_InstallTypeColumn}</arg>
<doc>Verifies that element ``locator`` is found on the current page.</doc>
<msg timestamp="20240207 17:24:28.101" level="INFO">Current page contains element '//th[@data-sort='equitype']'.</msg>
<status status="PASS" starttime="20240207 17:24:28.091" endtime="20240207 17:24:28.101"/>
</kw>
<kw name="Page Should Contain Element" library="SeleniumLibrary">
<arg>${FT_InstallDateColumn}</arg>
<doc>Verifies that element ``locator`` is found on the current page.</doc>
<msg timestamp="20240207 17:24:28.112" level="INFO">Current page contains element '//th[@data-sort='warrantystart']'.</msg>
<status status="PASS" starttime="20240207 17:24:28.101" endtime="20240207 17:24:28.112"/>
</kw>
<kw name="Page Should Contain Element" library="SeleniumLibrary">
<arg>${FT_WarrantyEndDateColumn}</arg>
<doc>Verifies that element ``locator`` is found on the current page.</doc>
<msg timestamp="20240207 17:24:28.123" level="INFO">Current page contains element '//th[@data-sort='warrantyend']'.</msg>
<status status="PASS" starttime="20240207 17:24:28.112" endtime="20240207 17:24:28.123"/>
</kw>
<kw name="Page Should Contain Element" library="SeleniumLibrary">
<arg>${FT_EXTWarrantyEndDateColumn}</arg>
<doc>Verifies that element ``locator`` is found on the current page.</doc>
<msg timestamp="20240207 17:24:28.134" level="INFO">Current page contains element '//th[@data-sort='extwarrantyend']'.</msg>
<status status="PASS" starttime="20240207 17:24:28.123" endtime="20240207 17:24:28.134"/>
</kw>
<kw name="Page Should Contain Element" library="SeleniumLibrary">
<arg>${FT_CustomerNameColumn}</arg>
<doc>Verifies that element ``locator`` is found on the current page.</doc>
<msg timestamp="20240207 17:24:28.143" level="INFO">Current page contains element '//th[@data-sort='customername']'.</msg>
<status status="PASS" starttime="20240207 17:24:28.134" endtime="20240207 17:24:28.143"/>
</kw>
<status status="PASS" starttime="20240207 17:24:25.127" endtime="20240207 17:24:28.143"/>
</kw>
<status status="PASS" starttime="20240207 17:24:17.328" endtime="20240207 17:24:28.143"/>
</kw>
<kw name="Go Home" library="Kion_App">
<kw name="Go Home" library="HomePage">
<kw name="Wait Until Element Is Visible" library="SeleniumLibrary">
<arg>${Header_Logo}</arg>
<doc>Waits until the element ``locator`` is visible.</doc>
<status status="PASS" starttime="20240207 17:24:28.144" endtime="20240207 17:24:28.165"/>
</kw>
<kw name="Click Element" library="SeleniumLibrary">
<arg>${Header_Logo}</arg>
<doc>Click the element identified by ``locator``.</doc>
<msg timestamp="20240207 17:24:28.166" level="INFO">Clicking element '//img[@alt='Logo']'.</msg>
<status status="PASS" starttime="20240207 17:24:28.165" endtime="20240207 17:24:31.884"/>
</kw>
<status status="PASS" starttime="20240207 17:24:28.144" endtime="20240207 17:24:31.884"/>
</kw>
<status status="PASS" starttime="20240207 17:24:28.144" endtime="20240207 17:24:31.884"/>
</kw>
<tag>65</tag>
<tag>EEE</tag>
<tag>Smoke</tag>
<status status="PASS" starttime="20240207 17:24:17.327" endtime="20240207 17:24:31.890"/>
</test>
<test id="s1-s1-t5" name="To verify by clicking the find serial number button with valid current dealer truck in the truck search page" line="418">
<kw name="Verify the history button for current dealer truck" library="Kion_App">
<kw name="go to My Account Overview" library="MyAccount">
<kw name="Click Element" library="SeleniumLibrary">
<arg>${MyAccountLink}</arg>
<doc>Click the element identified by ``locator``.</doc>
<msg timestamp="20240207 17:24:31.898" level="INFO">Clicking element '//i[@class='icon-users']'.</msg>
<status status="PASS" starttime="20240207 17:24:31.897" endtime="20240207 17:24:34.281"/>
</kw>
<kw name="Page Should Contain" library="SeleniumLibrary">
<arg>${MyAccount_Overview_PageHeading}</arg>
<doc>Verifies that current page contains ``text``.</doc>
<msg timestamp="20240207 17:24:34.299" level="INFO">Current page contains text 'Welcome back!'.</msg>
<status status="PASS" starttime="20240207 17:24:34.281" endtime="20240207 17:24:34.299"/>
</kw>
<kw name="Sleep" library="BuiltIn">
<arg>1s</arg>
<doc>Pauses the test executed for the given time.</doc>
<msg timestamp="20240207 17:24:35.299" level="INFO">Slept 1 second</msg>
<status status="PASS" starttime="20240207 17:24:34.299" endtime="20240207 17:24:35.299"/>
</kw>
<status status="PASS" starttime="20240207 17:24:31.897" endtime="20240207 17:24:35.299"/>
</kw>
<kw name="go to truck search page" library="MyAccount">
<kw name="Click Element" library="SeleniumLibrary">
<arg>${TruckSearch_Link}</arg>
<doc>Click the element identified by ``locator``.</doc>
<msg timestamp="20240207 17:24:35.300" level="INFO">Clicking element '//a[@data-testing-id='link-trucksearch-templates']'.</msg>
<status status="PASS" starttime="20240207 17:24:35.299" endtime="20240207 17:24:39.254"/>
</kw>
<kw name="Page Should Contain" library="SeleniumLibrary">
<arg>${TruckSearch_PageHeading}</arg>
<doc>Verifies that current page contains ``text``.</doc>
<msg timestamp="20240207 17:24:39.488" level="INFO">Current page contains text 'Truck Search'.</msg>
<status status="PASS" starttime="20240207 17:24:39.255" endtime="20240207 17:24:39.488"/>
</kw>
<kw name="Sleep" library="BuiltIn">
<arg>2s</arg>
<doc>Pauses the test executed for the given time.</doc>
<msg timestamp="20240207 17:24:41.489" level="INFO">Slept 2 seconds</msg>
<status status="PASS" starttime="20240207 17:24:39.488" endtime="20240207 17:24:41.489"/>
</kw>
<status status="PASS" starttime="20240207 17:24:35.299" endtime="20240207 17:24:41.489"/>
</kw>
<kw name="Verify the history button for current dealer truck" library="TruckSearch">
<kw name="Input Text" library="SeleniumLibrary">
<arg>${FT_SerialNumberField}</arg>
<arg>${FT_SerialNumber}</arg>
<doc>Types the given ``text`` into the text field identified by ``locator``.</doc>
<msg timestamp="20240207 17:24:41.491" level="INFO">Typing text 'H2Y388M00831' into text field '//input[@id='EquipmentSearchForm_SerialNumber']'.</msg>
<status status="PASS" starttime="20240207 17:24:41.489" endtime="20240207 17:24:41.821"/>
</kw>
<kw name="Click Element" library="SeleniumLibrary">
<arg>${FT_FindSerialNumberButton}</arg>
<doc>Click the element identified by ``locator``.</doc>
<msg timestamp="20240207 17:24:41.822" level="INFO">Clicking element '//input[@name='FindSerialNo']'.</msg>
<status status="PASS" starttime="20240207 17:24:41.821" endtime="20240207 17:24:44.760"/>
</kw>
<kw name="Page Should Contain Element" library="SeleniumLibrary">
<arg>${FTD_HistoryButton}</arg>
<doc>Verifies that element ``locator`` is found on the current page.</doc>
<msg timestamp="20240207 17:24:44.781" level="INFO">Current page contains element '//a[normalize-space()='History']'.</msg>
<status status="PASS" starttime="20240207 17:24:44.760" endtime="20240207 17:24:44.781"/>
</kw>
<status status="PASS" starttime="20240207 17:24:41.489" endtime="20240207 17:24:44.781"/>
</kw>
<status status="PASS" starttime="20240207 17:24:31.896" endtime="20240207 17:24:44.782"/>
</kw>
<kw name="Go Home" library="Kion_App">
<kw name="Go Home" library="HomePage">
<kw name="Wait Until Element Is Visible" library="SeleniumLibrary">
<arg>${Header_Logo}</arg>
<doc>Waits until the element ``locator`` is visible.</doc>
<status status="PASS" starttime="20240207 17:24:44.783" endtime="20240207 17:24:44.813"/>
</kw>
<kw name="Click Element" library="SeleniumLibrary">
<arg>${Header_Logo}</arg>
<doc>Click the element identified by ``locator``.</doc>
<msg timestamp="20240207 17:24:44.814" level="INFO">Clicking element '//img[@alt='Logo']'.</msg>
<status status="PASS" starttime="20240207 17:24:44.813" endtime="20240207 17:24:51.656"/>
</kw>
<status status="PASS" starttime="20240207 17:24:44.783" endtime="20240207 17:24:51.657"/>
</kw>
<status status="PASS" starttime="20240207 17:24:44.782" endtime="20240207 17:24:51.657"/>
</kw>
<tag>66</tag>
<tag>EEE</tag>
<tag>Smoke</tag>
<status status="PASS" starttime="20240207 17:24:31.894" endtime="20240207 17:24:51.657"/>
</test>
<test id="s1-s1-t6" name="To verify by clicking the find serial number button with valid Other dealer truck in the truck search page" line="423">
<kw name="Verify the history button for other dealer truck" library="Kion_App">
<kw name="go to My Account Overview" library="MyAccount">
<kw name="Click Element" library="SeleniumLibrary">
<arg>${MyAccountLink}</arg>
<doc>Click the element identified by ``locator``.</doc>
<msg timestamp="20240207 17:24:51.663" level="INFO">Clicking element '//i[@class='icon-users']'.</msg>
<status status="PASS" starttime="20240207 17:24:51.662" endtime="20240207 17:24:55.259"/>
</kw>
<kw name="Page Should Contain" library="SeleniumLibrary">
<arg>${MyAccount_Overview_PageHeading}</arg>
<doc>Verifies that current page contains ``text``.</doc>
<msg timestamp="20240207 17:24:55.353" level="INFO">Current page contains text 'Welcome back!'.</msg>
<status status="PASS" starttime="20240207 17:24:55.259" endtime="20240207 17:24:55.354"/>
</kw>
<kw name="Sleep" library="BuiltIn">
<arg>1s</arg>
<doc>Pauses the test executed for the given time.</doc>
<msg timestamp="20240207 17:24:56.355" level="INFO">Slept 1 second</msg>
<status status="PASS" starttime="20240207 17:24:55.355" endtime="20240207 17:24:56.355"/>
</kw>
<status status="PASS" starttime="20240207 17:24:51.662" endtime="20240207 17:24:56.355"/>
</kw>
<kw name="go to truck search page" library="MyAccount">
<kw name="Click Element" library="SeleniumLibrary">
<arg>${TruckSearch_Link}</arg>
<doc>Click the element identified by ``locator``.</doc>
<msg timestamp="20240207 17:24:56.356" level="INFO">Clicking element '//a[@data-testing-id='link-trucksearch-templates']'.</msg>
<status status="PASS" starttime="20240207 17:24:56.356" endtime="20240207 17:24:59.328"/>
</kw>
<kw name="Page Should Contain" library="SeleniumLibrary">
<arg>${TruckSearch_PageHeading}</arg>
<doc>Verifies that current page contains ``text``.</doc>
<msg timestamp="20240207 17:24:59.342" level="INFO">Current page contains text 'Truck Search'.</msg>
<status status="PASS" starttime="20240207 17:24:59.329" endtime="20240207 17:24:59.342"/>
</kw>
<kw name="Sleep" library="BuiltIn">
<arg>2s</arg>
<doc>Pauses the test executed for the given time.</doc>
<msg timestamp="20240207 17:25:01.342" level="INFO">Slept 2 seconds</msg>
<status status="PASS" starttime="20240207 17:24:59.342" endtime="20240207 17:25:01.342"/>
</kw>
<status status="PASS" starttime="20240207 17:24:56.355" endtime="20240207 17:25:01.342"/>
</kw>
<kw name="Verify the history button for other dealer truck" library="TruckSearch">
<kw name="Input Text" library="SeleniumLibrary">
<arg>${FT_SerialNumberField}</arg>
<arg>${FT_SunbeltSerial}</arg>
<doc>Types the given ``text`` into the text field identified by ``locator``.</doc>
<msg timestamp="20240207 17:25:01.345" level="INFO">Typing text 'SUNBELT014' into text field '//input[@id='EquipmentSearchForm_SerialNumber']'.</msg>
<status status="PASS" starttime="20240207 17:25:01.343" endtime="20240207 17:25:01.565"/>
</kw>
<kw name="Click Element" library="SeleniumLibrary">
<arg>${FT_FindSerialNumberButton}</arg>
<doc>Click the element identified by ``locator``.</doc>
<msg timestamp="20240207 17:25:01.566" level="INFO">Clicking element '//input[@name='FindSerialNo']'.</msg>
<status status="PASS" starttime="20240207 17:25:01.565" endtime="20240207 17:25:04.183"/>
</kw>
<kw name="Page Should Not Contain Element" library="SeleniumLibrary">
<arg>${FTD_HistoryButton}</arg>
<doc>Verifies that element ``locator`` is not found on the current page.</doc>
<msg timestamp="20240207 17:25:04.198" level="INFO">Current page does not contain element '//a[normalize-space()='History']'.</msg>
<status status="PASS" starttime="20240207 17:25:04.183" endtime="20240207 17:25:04.198"/>
</kw>
<status status="PASS" starttime="20240207 17:25:01.342" endtime="20240207 17:25:04.198"/>
</kw>
<status status="PASS" starttime="20240207 17:24:51.661" endtime="20240207 17:25:04.199"/>
</kw>
<kw name="Go Home" library="Kion_App">
<kw name="Go Home" library="HomePage">
<kw name="Wait Until Element Is Visible" library="SeleniumLibrary">
<arg>${Header_Logo}</arg>
<doc>Waits until the element ``locator`` is visible.</doc>
<status status="PASS" starttime="20240207 17:25:04.201" endtime="20240207 17:25:04.289"/>
</kw>
<kw name="Click Element" library="SeleniumLibrary">
<arg>${Header_Logo}</arg>
<doc>Click the element identified by ``locator``.</doc>
<msg timestamp="20240207 17:25:04.291" level="INFO">Clicking element '//img[@alt='Logo']'.</msg>
<status status="PASS" starttime="20240207 17:25:04.290" endtime="20240207 17:25:09.872"/>
</kw>
<status status="PASS" starttime="20240207 17:25:04.200" endtime="20240207 17:25:09.872"/>
</kw>
<status status="PASS" starttime="20240207 17:25:04.199" endtime="20240207 17:25:09.872"/>
</kw>
<tag>67</tag>
<tag>EEE</tag>
<tag>Smoke</tag>
<status status="PASS" starttime="20240207 17:24:51.660" endtime="20240207 17:25:09.873"/>
</test>
<test id="s1-s1-t7" name="To verify the sorting option and lazy load in the truck search page" line="428">
<kw name="Verify the sorting options and truck searching" library="Kion_App">
<kw name="go to My Account Overview" library="MyAccount">
<kw name="Click Element" library="SeleniumLibrary">
<arg>${MyAccountLink}</arg>
<doc>Click the element identified by ``locator``.</doc>
<msg timestamp="20240207 17:25:09.881" level="INFO">Clicking element '//i[@class='icon-users']'.</msg>
<status status="PASS" starttime="20240207 17:25:09.878" endtime="20240207 17:25:12.435"/>
</kw>
<kw name="Page Should Contain" library="SeleniumLibrary">
<arg>${MyAccount_Overview_PageHeading}</arg>
<doc>Verifies that current page contains ``text``.</doc>
<msg timestamp="20240207 17:25:12.455" level="INFO">Current page contains text 'Welcome back!'.</msg>
<status status="PASS" starttime="20240207 17:25:12.435" endtime="20240207 17:25:12.455"/>
</kw>
<kw name="Sleep" library="BuiltIn">
<arg>1s</arg>
<doc>Pauses the test executed for the given time.</doc>
<msg timestamp="20240207 17:25:13.456" level="INFO">Slept 1 second</msg>
<status status="PASS" starttime="20240207 17:25:12.455" endtime="20240207 17:25:13.456"/>
[...]
</kw>
<status status="PASS" starttime="20240207 17:33:17.281" endtime="20240207 17:33:18.133"/>
</kw>
<kw name="Verify the sorting and lazy load in truck transfer-Truck search page" library="Kion_App">
<kw name="go to My Account Overview" library="MyAccount">
<kw name="Click Element" library="SeleniumLibrary">
<arg>${MyAccountLink}</arg>
<doc>Click the element identified by ``locator``.</doc>
<msg timestamp="20240207 17:33:18.136" level="INFO">Clicking element '//i[@class='icon-users']'.</msg>
<status status="PASS" starttime="20240207 17:33:18.135" endtime="20240207 17:33:21.911"/>
</kw>
<kw name="Page Should Contain" library="SeleniumLibrary">
<arg>${MyAccount_Overview_PageHeading}</arg>
<doc>Verifies that current page contains ``text``.</doc>
<msg timestamp="20240207 17:33:21.936" level="INFO">Current page contains text 'Welcome back!'.</msg>
<status status="PASS" starttime="20240207 17:33:21.911" endtime="20240207 17:33:21.936"/>
</kw>
<kw name="Sleep" library="BuiltIn">
<arg>1s</arg>
<doc>Pauses the test executed for the given time.</doc>
<msg timestamp="20240207 17:33:22.938" level="INFO">Slept 1 second</msg>
<status status="PASS" starttime="20240207 17:33:21.936" endtime="20240207 17:33:22.938"/>
</kw>
<status status="PASS" starttime="20240207 17:33:18.135" endtime="20240207 17:33:22.938"/>
</kw>
<kw name="go to truck transfer page" library="MyAccount">
<kw name="Click Element" library="SeleniumLibrary">
<arg>${MA-TruckTransferLink}</arg>
<doc>Click the element identified by ``locator``.</doc>
<msg timestamp="20240207 17:33:22.940" level="INFO">Clicking element '//a[@data-testing-id='link-trucksearch-templates'][normalize-space()='Truck Transfer']'.</msg>
<status status="PASS" starttime="20240207 17:33:22.939" endtime="20240207 17:33:26.590"/>
</kw>
<kw name="Page Should Contain" library="SeleniumLibrary">
<arg>${MA_TruckTransferPageHeading}</arg>
<doc>Verifies that current page contains ``text``.</doc>
<msg timestamp="20240207 17:33:26.841" level="INFO">Current page contains text 'Truck Search'.</msg>
<status status="PASS" starttime="20240207 17:33:26.590" endtime="20240207 17:33:26.841"/>
</kw>
<kw name="Sleep" library="BuiltIn">
<arg>2s</arg>
<doc>Pauses the test executed for the given time.</doc>
<msg timestamp="20240207 17:33:28.842" level="INFO">Slept 2 seconds</msg>
<status status="PASS" starttime="20240207 17:33:26.841" endtime="20240207 17:33:28.843"/>
</kw>
<status status="PASS" starttime="20240207 17:33:22.938" endtime="20240207 17:33:28.843"/>
</kw>
<kw name="Verify the the sorting and lazy load in the truck transfer search page" library="TruckTransfer">
<kw name="Click Element" library="SeleniumLibrary">
<arg>${TT_SearchTrucksButton}</arg>
<doc>Click the element identified by ``locator``.</doc>
<msg timestamp="20240207 17:33:28.845" level="INFO">Clicking element '//input[@id='searchTrucks']'.</msg>
<status status="PASS" starttime="20240207 17:33:28.844" endtime="20240207 17:33:33.103"/>
</kw>
<kw name="Click Element" library="SeleniumLibrary">
<arg>${TT_SerialNumberColumn}</arg>
<doc>Click the element identified by ``locator``.</doc>
<msg timestamp="20240207 17:33:33.104" level="INFO">Clicking element '//th[@data-sort='serialno']'.</msg>
<status status="PASS" starttime="20240207 17:33:33.103" endtime="20240207 17:33:33.308"/>
</kw>
<kw name="Sleep" library="BuiltIn">
<arg>3s</arg>
<doc>Pauses the test executed for the given time.</doc>
<msg timestamp="20240207 17:33:36.309" level="INFO">Slept 3 seconds</msg>
<status status="PASS" starttime="20240207 17:33:33.308" endtime="20240207 17:33:36.309"/>
</kw>
<kw name="Page Should Contain" library="SeleniumLibrary">
<arg>${TT_SerialNumberColumnAsc}</arg>
<doc>Verifies that current page contains ``text``.</doc>
<msg timestamp="20240207 17:33:36.334" level="INFO">Current page contains text '80808082'.</msg>
<status status="PASS" starttime="20240207 17:33:36.310" endtime="20240207 17:33:36.334"/>
</kw>
<kw name="Click Element" library="SeleniumLibrary">
<arg>${TT_TruckmodelColumn}</arg>
<doc>Click the element identified by ``locator``.</doc>
<msg timestamp="20240207 17:33:36.335" level="INFO">Clicking element '//th[@data-sort='equidescr']'.</msg>
<status status="PASS" starttime="20240207 17:33:36.334" endtime="20240207 17:33:36.440"/>
</kw>
<kw name="Sleep" library="BuiltIn">
<arg>2s</arg>
<doc>Pauses the test executed for the given time.</doc>
<msg timestamp="20240207 17:33:38.441" level="INFO">Slept 2 seconds</msg>
<status status="PASS" starttime="20240207 17:33:36.440" endtime="20240207 17:33:38.441"/>
</kw>
<kw name="Page Should Contain" library="SeleniumLibrary">
<arg>${TT_TruckmodelColumnAsc}</arg>
<doc>Verifies that current page contains ``text``.</doc>
<msg timestamp="20240207 17:33:38.465" level="INFO">Current page contains text 'E20 48V 346 Series Finished Truck'.</msg>
<status status="PASS" starttime="20240207 17:33:38.441" endtime="20240207 17:33:38.465"/>
</kw>
<kw name="Click Element" library="SeleniumLibrary">
<arg>${TT_InstallTypeColumn}</arg>
<doc>Click the element identified by ``locator``.</doc>
<msg timestamp="20240207 17:33:38.466" level="INFO">Clicking element '//th[@data-sort='equitype']'.</msg>
<status status="PASS" starttime="20240207 17:33:38.465" endtime="20240207 17:33:38.559"/>
</kw>
<kw name="Sleep" library="BuiltIn">
<arg>2s</arg>
<doc>Pauses the test executed for the given time.</doc>
<msg timestamp="20240207 17:33:40.561" level="INFO">Slept 2 seconds</msg>
<status status="PASS" starttime="20240207 17:33:38.559" endtime="20240207 17:33:40.561"/>
</kw>
<kw name="Page Should Contain" library="SeleniumLibrary">
<arg>${TT_InstallTypeColumnAsc}</arg>
<doc>Verifies that current page contains ``text``.</doc>
<msg timestamp="20240207 17:33:40.583" level="INFO">Current page contains text 'TRKLSE'.</msg>
<status status="PASS" starttime="20240207 17:33:40.561" endtime="20240207 17:33:40.583"/>
</kw>
<kw name="Click Element" library="SeleniumLibrary">
<arg>${TT_InstallDateColumn}</arg>
<doc>Click the element identified by ``locator``.</doc>
<msg timestamp="20240207 17:33:40.584" level="INFO">Clicking element '//th[@data-sort='warrantystart']'.</msg>
<status status="PASS" starttime="20240207 17:33:40.584" endtime="20240207 17:33:40.669"/>
</kw>
<kw name="Sleep" library="BuiltIn">
<arg>2s</arg>
<doc>Pauses the test executed for the given time.</doc>
<msg timestamp="20240207 17:33:42.671" level="INFO">Slept 2 seconds</msg>
<status status="PASS" starttime="20240207 17:33:40.670" endtime="20240207 17:33:42.671"/>
</kw>
<kw name="Click Element" library="SeleniumLibrary">
<arg>${TT_InstallDateColumn}</arg>
<doc>Click the element identified by ``locator``.</doc>
<msg timestamp="20240207 17:33:42.672" level="INFO">Clicking element '//th[@data-sort='warrantystart']'.</msg>
<status status="PASS" starttime="20240207 17:33:42.671" endtime="20240207 17:33:42.827"/>
</kw>
<kw name="Sleep" library="BuiltIn">
<arg>2s</arg>
<doc>Pauses the test executed for the given time.</doc>
<msg timestamp="20240207 17:33:44.827" level="INFO">Slept 2 seconds</msg>
<status status="PASS" starttime="20240207 17:33:42.827" endtime="20240207 17:33:44.827"/>
</kw>
<kw name="Page Should Contain" library="SeleniumLibrary">
<arg>${TT_InstallDateColumnDsc}</arg>
<doc>Verifies that current page contains ``text``.</doc>
<msg timestamp="20240207 17:33:44.847" level="INFO">Current page contains text '01/03/24'.</msg>
<status status="PASS" starttime="20240207 17:33:44.827" endtime="20240207 17:33:44.847"/>
</kw>
<kw name="Click Element" library="SeleniumLibrary">
<arg>${TT_WarrantyEndDateColumn}</arg>
<doc>Click the element identified by ``locator``.</doc>
<msg timestamp="20240207 17:33:44.847" level="INFO">Clicking element '//th[@data-sort='warrantyend']'.</msg>
<status status="PASS" starttime="20240207 17:33:44.847" endtime="20240207 17:33:44.941"/>
</kw>
<kw name="Sleep" library="BuiltIn">
<arg>2s</arg>
<doc>Pauses the test executed for the given time.</doc>
<msg timestamp="20240207 17:33:46.943" level="INFO">Slept 2 seconds</msg>
<status status="PASS" starttime="20240207 17:33:44.942" endtime="20240207 17:33:46.943"/>
</kw>
<kw name="Click Element" library="SeleniumLibrary">
<arg>${TT_WarrantyEndDateColumn}</arg>
<doc>Click the element identified by ``locator``.</doc>
<msg timestamp="20240207 17:33:46.944" level="INFO">Clicking element '//th[@data-sort='warrantyend']'.</msg>
<status status="PASS" starttime="20240207 17:33:46.943" endtime="20240207 17:33:47.035"/>
</kw>
<kw name="Sleep" library="BuiltIn">
<arg>2s</arg>
<doc>Pauses the test executed for the given time.</doc>
<msg timestamp="20240207 17:33:49.036" level="INFO">Slept 2 seconds</msg>
<status status="PASS" starttime="20240207 17:33:47.035" endtime="20240207 17:33:49.036"/>
</kw>
<kw name="Page Should Contain" library="SeleniumLibrary">
<arg>${TT_WarrantyEndDateColumnDsc}</arg>
<doc>Verifies that current page contains ``text``.</doc>
<msg timestamp="20240207 17:33:49.056" level="INFO">Current page contains text '07/04/27'.</msg>
<status status="PASS" starttime="20240207 17:33:49.036" endtime="20240207 17:33:49.056"/>
</kw>
<kw name="Click Element" library="SeleniumLibrary">
<arg>${TT_EXTWarrantyEndDateColumn}</arg>
<doc>Click the element identified by ``locator``.</doc>
<msg timestamp="20240207 17:33:49.058" level="INFO">Clicking element '//th[@data-sort='extwarrantyend']'.</msg>
<status status="PASS" starttime="20240207 17:33:49.057" endtime="20240207 17:33:49.155"/>
</kw>
<kw name="Sleep" library="BuiltIn">
<arg>2s</arg>
<doc>Pauses the test executed for the given time.</doc>
<msg timestamp="20240207 17:33:51.157" level="INFO">Slept 2 seconds</msg>
<status status="PASS" starttime="20240207 17:33:49.155" endtime="20240207 17:33:51.157"/>
</kw>
<kw name="Click Element" library="SeleniumLibrary">
<arg>${TT_EXTWarrantyEndDateColumn}</arg>
<doc>Click the element identified by ``locator``.</doc>
<msg timestamp="20240207 17:33:51.158" level="INFO">Clicking element '//th[@data-sort='extwarrantyend']'.</msg>
<status status="PASS" starttime="20240207 17:33:51.157" endtime="20240207 17:33:51.451"/>
</kw>
<kw name="Sleep" library="BuiltIn">
<arg>2s</arg>
<doc>Pauses the test executed for the given time.</doc>
<msg timestamp="20240207 17:33:53.452" level="INFO">Slept 2 seconds</msg>
<status status="PASS" starttime="20240207 17:33:51.452" endtime="20240207 17:33:53.452"/>
</kw>
<kw name="Page Should Contain" library="SeleniumLibrary">
<arg>${TT_EXTWarrantyEndDateColumnDsc}</arg>
<doc>Verifies that current page contains ``text``.</doc>
<msg timestamp="20240207 17:33:53.483" level="INFO">Current page contains text '07/04/32'.</msg>
<status status="PASS" starttime="20240207 17:33:53.453" endtime="20240207 17:33:53.483"/>
</kw>
<kw name="Click Element" library="SeleniumLibrary">
<arg>${TT_CustomerNameColumn}</arg>
<doc>Click the element identified by ``locator``.</doc>
<msg timestamp="20240207 17:33:53.484" level="INFO">Clicking element '//th[@data-sort='customername']'.</msg>
<status status="PASS" starttime="20240207 17:33:53.483" endtime="20240207 17:33:53.601"/>
</kw>
<kw name="Sleep" library="BuiltIn">
<arg>3s</arg>
<doc>Pauses the test executed for the given time.</doc>
<msg timestamp="20240207 17:33:56.604" level="INFO">Slept 3 seconds</msg>
<status status="PASS" starttime="20240207 17:33:53.602" endtime="20240207 17:33:56.604"/>
</kw>
<kw name="Page Should Contain" library="SeleniumLibrary">
<arg>${TT_CustomerNameColumnAsc}</arg>
<doc>Verifies that current page contains ``text``.</doc>
<msg timestamp="20240207 17:33:56.627" level="INFO">Current page contains text 'ELEVEX, INC.'.</msg>
<status status="PASS" starttime="20240207 17:33:56.604" endtime="20240207 17:33:56.627"/>
</kw>
<kw name="Click Element" library="SeleniumLibrary">
<arg>${TT_SearchTrucksButton}</arg>
<doc>Click the element identified by ``locator``.</doc>
<msg timestamp="20240207 17:33:56.628" level="INFO">Clicking element '//input[@id='searchTrucks']'.</msg>
<status status="PASS" starttime="20240207 17:33:56.627" endtime="20240207 17:34:00.028"/>
</kw>
<kw name="Sleep" library="BuiltIn">
<arg>2s</arg>
<doc>Pauses the test executed for the given time.</doc>
<msg timestamp="20240207 17:34:02.031" level="INFO">Slept 2 seconds</msg>
<status status="PASS" starttime="20240207 17:34:00.029" endtime="20240207 17:34:02.031"/>
</kw>
<kw name="Execute Javascript" library="SeleniumLibrary">
<arg>window.scrollBy(0,400)</arg>
<doc>Executes the given JavaScript code with possible arguments.</doc>
<msg timestamp="20240207 17:34:02.031" level="INFO">Executing JavaScript:
window.scrollBy(0,400)
Without any arguments.</msg>
<status status="PASS" starttime="20240207 17:34:02.031" endtime="20240207 17:34:02.048"/>
</kw>
<kw name="Sleep" library="BuiltIn">
<arg>5s</arg>
<doc>Pauses the test executed for the given time.</doc>
<msg timestamp="20240207 17:34:07.049" level="INFO">Slept 5 seconds</msg>
<status status="PASS" starttime="20240207 17:34:02.048" endtime="20240207 17:34:07.049"/>
</kw>
<kw name="Page Should Contain Element" library="SeleniumLibrary">
<arg>${TT_serialno_10}</arg>
<doc>Verifies that element ``locator`` is found on the current page.</doc>
<msg timestamp="20240207 17:34:07.070" level="INFO">Current page contains element '//td[normalize-space()='10']'.</msg>
<status status="PASS" starttime="20240207 17:34:07.049" endtime="20240207 17:34:07.070"/>
</kw>
<kw name="Execute Javascript" library="SeleniumLibrary">
<arg>document.querySelector('.table-responsive.freeze-header.min-records').scrollTop=100;</arg>
<doc>Executes the given JavaScript code with possible arguments.</doc>
<msg timestamp="20240207 17:34:07.073" level="INFO">Executing JavaScript:
document.querySelector('.table-responsive.freeze-header.min-records').scrollTop=100;
Without any arguments.</msg>
<status status="PASS" starttime="20240207 17:34:07.071" endtime="20240207 17:34:07.082"/>
</kw>
<kw name="Sleep" library="BuiltIn">
<arg>5s</arg>
<doc>Pauses the test executed for the given time.</doc>
<msg timestamp="20240207 17:34:12.084" level="INFO">Slept 5 seconds</msg>
<status status="PASS" starttime="20240207 17:34:07.083" endtime="20240207 17:34:12.084"/>
</kw>
<kw name="Execute Javascript" library="SeleniumLibrary">
<arg>document.querySelector('.table-responsive.freeze-header.min-records').scrollTop=800;</arg>
<doc>Executes the given JavaScript code with possible arguments.</doc>
<msg timestamp="20240207 17:34:12.087" level="INFO">Executing JavaScript:
document.querySelector('.table-responsive.freeze-header.min-records').scrollTop=800;
Without any arguments.</msg>
<status status="PASS" starttime="20240207 17:34:12.085" endtime="20240207 17:34:12.109"/>
</kw>
<kw name="Sleep" library="BuiltIn">
<arg>3s</arg>
<doc>Pauses the test executed for the given time.</doc>
<msg timestamp="20240207 17:34:15.109" level="INFO">Slept 3 seconds</msg>
<status status="PASS" starttime="20240207 17:34:12.109" endtime="20240207 17:34:15.109"/>
</kw>
<kw name="Page Should Contain Element" library="SeleniumLibrary">
<arg>${TT_serialno_20}</arg>
<doc>Verifies that element ``locator`` is found on the current page.</doc>
<msg timestamp="20240207 17:34:15.135" level="INFO">Current page contains element '//td[normalize-space()='20']'.</msg>
<status status="PASS" starttime="20240207 17:34:15.109" endtime="20240207 17:34:15.135"/>
</kw>
<kw name="Page Should Not Contain Element" library="SeleniumLibrary">
<arg>${TT_serialno_21}</arg>
<doc>Verifies that element ``locator`` is not found on the current page.</doc>
<msg timestamp="20240207 17:34:15.156" level="INFO">Current page does not contain element '//td[normalize-space()='21']'.</msg>
<status status="PASS" starttime="20240207 17:34:15.135" endtime="20240207 17:34:15.156"/>
</kw>
<status status="PASS" starttime="20240207 17:33:28.843" endtime="20240207 17:34:15.157"/>
</kw>
<status status="PASS" starttime="20240207 17:33:18.134" endtime="20240207 17:34:15.157"/>
</kw>
<kw name="Go Home" library="Kion_App">
<kw name="Go Home" library="HomePage">
<kw name="Wait Until Element Is Visible" library="SeleniumLibrary">
<arg>${Header_Logo}</arg>
<doc>Waits until the element ``locator`` is visible.</doc>
<status status="PASS" starttime="20240207 17:34:15.158" endtime="20240207 17:34:15.203"/>
</kw>
<kw name="Click Element" library="SeleniumLibrary">
<arg>${Header_Logo}</arg>
<doc>Click the element identified by ``locator``.</doc>
<msg timestamp="20240207 17:34:15.203" level="INFO">Clicking element '//img[@alt='Logo']'.</msg>
<status status="PASS" starttime="20240207 17:34:15.203" endtime="20240207 17:34:19.796"/>
</kw>
<status status="PASS" starttime="20240207 17:34:15.158" endtime="20240207 17:34:19.796"/>
</kw>
<status status="PASS" starttime="20240207 17:34:15.157" endtime="20240207 17:34:19.796"/>
</kw>
<tag>82</tag>
<tag>EEE</tag>
<tag>Smoke</tag>
<status status="PASS" starttime="20240207 17:33:17.280" endtime="20240207 17:34:19.817"/>
</test>
<kw name="End Test" library="Common" type="TEARDOWN">
<kw name="Close Browser" library="SeleniumLibrary">
<doc>Closes the current browser.</doc>
<status status="PASS" starttime="20240207 17:34:19.863" endtime="20240207 17:34:22.395"/>
</kw>
<status status="PASS" starttime="20240207 17:34:19.863" endtime="20240207 17:34:22.395"/>
</kw>
<status status="FAIL" starttime="20240207 17:20:39.648" endtime="20240207 17:34:22.395"/>
</suite>
<status status="FAIL" starttime="20240207 17:20:39.617" endtime="20240207 17:34:22.401"/>
</suite>
<statistics>
<total>
<stat pass="14" fail="6" skip="0">All Tests</stat>
</total>
<tag>
<stat pass="1" fail="0" skip="0">22</stat>
<stat pass="1" fail="0" skip="0">63</stat>
<stat pass="1" fail="0" skip="0">64</stat>
<stat pass="1" fail="0" skip="0">65</stat>
<stat pass="1" fail="0" skip="0">66</stat>
<stat pass="1" fail="0" skip="0">67</stat>
<stat pass="1" fail="0" skip="0">68</stat>
<stat pass="1" fail="0" skip="0">69</stat>
<stat pass="1" fail="0" skip="0">70</stat>
<stat pass="1" fail="0" skip="0">71</stat>
<stat pass="1" fail="0" skip="0">72</stat>
<stat pass="0" fail="1" skip="0">73</stat>
<stat pass="0" fail="1" skip="0">74</stat>
<stat pass="0" fail="1" skip="0">75</stat>
<stat pass="0" fail="1" skip="0">76</stat>
<stat pass="0" fail="1" skip="0">77</stat>
<stat pass="0" fail="1" skip="0">78</stat>
<stat pass="1" fail="0" skip="0">79</stat>
<stat pass="1" fail="0" skip="0">81</stat>
<stat pass="1" fail="0" skip="0">82</stat>
<stat pass="14" fail="6" skip="0">EEE</stat>
<stat pass="14" fail="6" skip="0">Smoke</stat>
</tag>
<suite>
<stat pass="14" fail="6" skip="0" id="s1" name="Testcase">Testcase</stat>
<stat pass="14" fail="6" skip="0" id="s1-s1" name="Kion">Testcase.Kion</stat>
</suite>
</statistics>
<errors>
<msg timestamp="20240207 17:26:28.022" level="WARN">Keyword 'Get Element Count' found both from a custom library 'SeleniumLibrary' and a standard library 'XML'. The custom keyword is used. To select explicitly, and to get rid of this warning, use either 'SeleniumLibrary.Get Element Count' or 'XML.Get Element Count'.</msg>
<msg timestamp="20240207 17:26:46.095" level="WARN">Keyword 'Get Element Count' found both from a custom library 'SeleniumLibrary' and a standard library 'XML'. The custom keyword is used. To select explicitly, and to get rid of this warning, use either 'SeleniumLibrary.Get Element Count' or 'XML.Get Element Count'.</msg>
<msg timestamp="20240207 17:26:46.112" level="WARN">Keyword 'Get Element Count' found both from a custom library 'SeleniumLibrary' and a standard library 'XML'. The custom keyword is used. To select explicitly, and to get rid of this warning, use either 'SeleniumLibrary.Get Element Count' or 'XML.Get Element Count'.</msg>
<msg timestamp="20240207 17:33:08.394" level="WARN">Keyword 'Get Element Count' found both from a custom library 'SeleniumLibrary' and a standard library 'XML'. The custom keyword is used. To select explicitly, and to get rid of this warning, use either 'SeleniumLibrary.Get Element Count' or 'XML.Get Element Count'.</msg>
</errors>
</robot>
